#
# A fatal error has been detected by the Java Runtime Environment:
#
#  SIGSEGV (0xb) at pc=0x00007f924a627009, pid=7287, tid=7288
#
# JRE version: OpenJDK Runtime Environment (9.0) (build 9-internal+0-2016-04-14-195246.buildd.src)
# Java VM: OpenJDK 64-Bit Server VM (9-internal+0-2016-04-14-195246.buildd.src, mixed mode, tiered, compressed oops, g1 gc, linux-amd64)
# Problematic frame:
# C  [libjava.so+0x1d009]  JNU_GetEnv+0x19
#
# Core dump will be written. Default location: Core dumps may be processed with "/usr/share/apport/apport %p %s %c %d %P" (or dumping to /media/enrike/OUTERHEAVEN/P3 TC 2/core.7287)
#
# If you would like to submit a bug report, please visit:
#   http://bugreport.java.com/bugreport/crash.jsp
# The crash happened outside the Java Virtual Machine in native code.
# See problematic frame for where to report the bug.
#

---------------  S U M M A R Y ------------

Command Line: Analizador

Host: Intel(R) Atom(TM) CPU N2600   @ 1.60GHz, 4 cores, 1G, Ubuntu 16.04.3 LTS
Time: Thu Nov 16 00:04:57 2017 CST elapsed time: 2 seconds (0d 0h 0m 2s)

---------------  T H R E A D  ---------------

Current thread (0x00007f9244011000):  JavaThread "main" [_thread_in_native, id=7288, stack(0x00007f924d38d000,0x00007f924d48e000)]

Stack: [0x00007f924d38d000,0x00007f924d48e000],  sp=0x00007f924d48a900,  free space=1014k
Native frames: (J=compiled Java code, j=interpreted, Vv=VM code, C=native code)
C  [libjava.so+0x1d009]  JNU_GetEnv+0x19
C  [libfontmanager.so+0x33f8e]
C  [libfreetype.so.6+0x14d2b]  FT_Stream_Seek+0x1b

Java frames: (J=compiled Java code, j=interpreted, Vv=VM code)
j  sun.font.FreetypeFontScaler.initNativeScaler(Lsun/font/Font2D;IIZI)J+0 java.desktop@9-internal
j  sun.font.FreetypeFontScaler.<init>(Lsun/font/Font2D;IZI)V+26 java.desktop@9-internal
v  ~StubRoutines::call_stub
j  sun.reflect.NativeConstructorAccessorImpl.newInstance0(Ljava/lang/reflect/Constructor;[Ljava/lang/Object;)Ljava/lang/Object;+0 java.base@9-internal
j  sun.reflect.NativeConstructorAccessorImpl.newInstance([Ljava/lang/Object;)Ljava/lang/Object;+85 java.base@9-internal
j  sun.reflect.DelegatingConstructorAccessorImpl.newInstance([Ljava/lang/Object;)Ljava/lang/Object;+5 java.base@9-internal
j  java.lang.reflect.Constructor.newInstance([Ljava/lang/Object;)Ljava/lang/Object;+65 java.base@9-internal
j  sun.font.FontScaler.getScaler(Lsun/font/Font2D;IZI)Lsun/font/FontScaler;+39 java.desktop@9-internal
j  sun.font.TrueTypeFont.getScaler()Lsun/font/FontScaler;+21 java.desktop@9-internal
j  sun.font.FileFontStrike.<init>(Lsun/font/FileFont;Lsun/font/FontStrikeDesc;)V+204 java.desktop@9-internal
j  sun.font.FileFont.createStrike(Lsun/font/FontStrikeDesc;)Lsun/font/FontStrike;+18 java.desktop@9-internal
j  sun.font.Font2D.getStrike(Lsun/font/FontStrikeDesc;Z)Lsun/font/FontStrike;+92 java.desktop@9-internal
j  sun.font.Font2D.getStrike(Lsun/font/FontStrikeDesc;)Lsun/font/FontStrike;+3 java.desktop@9-internal
j  sun.font.CompositeStrike.getStrikeForSlot(I)Lsun/font/PhysicalStrike;+23 java.desktop@9-internal
j  sun.font.CompositeStrike.getFontMetrics()Lsun/font/StrikeMetrics;+31 java.desktop@9-internal
j  sun.font.FontDesignMetrics.initMatrixAndMetrics()V+28 java.desktop@9-internal
j  sun.font.FontDesignMetrics.<init>(Ljava/awt/Font;Ljava/awt/font/FontRenderContext;)V+62 java.desktop@9-internal
j  sun.font.FontDesignMetrics.getMetrics(Ljava/awt/Font;Ljava/awt/font/FontRenderContext;)Lsun/font/FontDesignMetrics;+128 java.desktop@9-internal
j  sun.swing.SwingUtilities2.getFontMetrics(Ljavax/swing/JComponent;Ljava/awt/Font;)Ljava/awt/FontMetrics;+15 java.desktop@9-internal
j  javax.swing.JComponent.getFontMetrics(Ljava/awt/Font;)Ljava/awt/FontMetrics;+2 java.desktop@9-internal
j  javax.swing.text.GlyphPainter1.sync(Ljavax/swing/text/GlyphView;)V+38 java.desktop@9-internal
j  javax.swing.text.GlyphPainter1.getSpan(Ljavax/swing/text/GlyphView;IILjavax/swing/text/TabExpander;F)F+2 java.desktop@9-internal
j  javax.swing.text.GlyphView.getPreferredSpan(I)F+77 java.desktop@9-internal
j  javax.swing.text.FlowView$LogicalView.getPreferredSpan(I)F+32 java.desktop@9-internal
j  javax.swing.text.FlowView.calculateMinorAxisRequirements(ILjavax/swing/SizeRequirements;)Ljavax/swing/SizeRequirements;+17 java.desktop@9-internal
j  javax.swing.text.ParagraphView.calculateMinorAxisRequirements(ILjavax/swing/SizeRequirements;)Ljavax/swing/SizeRequirements;+3 java.desktop@9-internal
j  javax.swing.text.html.ParagraphView.calculateMinorAxisRequirements(ILjavax/swing/SizeRequirements;)Ljavax/swing/SizeRequirements;+3 java.desktop@9-internal
j  javax.swing.text.BoxView.checkRequests(I)V+73 java.desktop@9-internal
j  javax.swing.text.BoxView.getMinimumSpan(I)F+2 java.desktop@9-internal
j  javax.swing.text.html.ParagraphView.getMinimumSpan(I)F+11 java.desktop@9-internal
j  javax.swing.text.BoxView.calculateMinorAxisRequirements(ILjavax/swing/SizeRequirements;)Ljavax/swing/SizeRequirements;+36 java.desktop@9-internal
j  javax.swing.text.html.BlockView.calculateMinorAxisRequirements(ILjavax/swing/SizeRequirements;)Ljavax/swing/SizeRequirements;+31 java.desktop@9-internal
j  javax.swing.text.BoxView.checkRequests(I)V+73 java.desktop@9-internal
j  javax.swing.text.BoxView.getMinimumSpan(I)F+2 java.desktop@9-internal
j  javax.swing.text.html.BlockView.getMinimumSpan(I)F+2 java.desktop@9-internal
j  javax.swing.text.BoxView.calculateMinorAxisRequirements(ILjavax/swing/SizeRequirements;)Ljavax/swing/SizeRequirements;+36 java.desktop@9-internal
j  javax.swing.text.html.BlockView.calculateMinorAxisRequirements(ILjavax/swing/SizeRequirements;)Ljavax/swing/SizeRequirements;+31 java.desktop@9-internal
j  javax.swing.text.BoxView.checkRequests(I)V+73 java.desktop@9-internal
j  javax.swing.text.BoxView.getPreferredSpan(I)F+2 java.desktop@9-internal
j  javax.swing.text.html.BlockView.getPreferredSpan(I)F+2 java.desktop@9-internal
j  javax.swing.plaf.basic.BasicHTML$Renderer.<init>(Ljavax/swing/JComponent;Ljavax/swing/text/ViewFactory;Ljavax/swing/text/View;)V+34 java.desktop@9-internal
j  javax.swing.plaf.basic.BasicHTML.createHTMLView(Ljavax/swing/JComponent;Ljava/lang/String;)Ljavax/swing/text/View;+98 java.desktop@9-internal
j  javax.swing.plaf.basic.BasicHTML.updateRenderer(Ljavax/swing/JComponent;Ljava/lang/String;)V+40 java.desktop@9-internal
j  javax.swing.plaf.basic.BasicLabelUI.installComponents(Ljavax/swing/JLabel;)V+5 java.desktop@9-internal
j  javax.swing.plaf.basic.BasicLabelUI.installUI(Ljavax/swing/JComponent;)V+13 java.desktop@9-internal
j  javax.swing.JComponent.setUI(Ljavax/swing/plaf/ComponentUI;)V+52 java.desktop@9-internal
j  javax.swing.JLabel.setUI(Ljavax/swing/plaf/LabelUI;)V+2 java.desktop@9-internal
j  javax.swing.JLabel.updateUI()V+8 java.desktop@9-internal
j  javax.swing.JLabel.<init>(Ljava/lang/String;Ljavax/swing/Icon;I)V+83 java.desktop@9-internal
j  javax.swing.JLabel.<init>(Ljava/lang/String;)V+5 java.desktop@9-internal
j  Analizador.init(Ljava/lang/String;)V+73
j  Analizador.main([Ljava/lang/String;)V+11
v  ~StubRoutines::call_stub

siginfo: si_signo: 11 (SIGSEGV), si_code: 1 (SEGV_MAPERR), si_addr: 0x0000000000000000

Register to memory mapping:

RAX=0x0000000000000000 is an unknown value
RBX=0x0000000000000000 is an unknown value
RCX=0x0000000000000000 is an unknown value
RDX=0x0000000000010002 is an unknown value
RSP=0x00007f924d48a900 is pointing into the stack for thread: 0x00007f9244011000
RBP=0x00007f924d48a910 is pointing into the stack for thread: 0x00007f9244011000
RSI=0x0000000000010002 is an unknown value
RDI=0x0000000000000000 is an unknown value
R8 =0x0000000000000000 is an unknown value
R9 =0x0000000000000004 is an unknown value
R10=0x00000000000001db is an unknown value
R11=0x00007f924a626ff0: JNU_GetEnv+0x0000000000000000 in /usr/lib/jvm/java-9-openjdk-amd64/lib/amd64/libjava.so at 0x00007f924a60a000
R12=0x00007f924439f300 is an unknown value
R13=0x0000000000000000 is an unknown value
R14=0x0000000000000000 is an unknown value
R15=0x00007f92443d6580 is an unknown value


Registers:
RAX=0x0000000000000000, RBX=0x0000000000000000, RCX=0x0000000000000000, RDX=0x0000000000010002
RSP=0x00007f924d48a900, RBP=0x00007f924d48a910, RSI=0x0000000000010002, RDI=0x0000000000000000
R8 =0x0000000000000000, R9 =0x0000000000000004, R10=0x00000000000001db, R11=0x00007f924a626ff0
R12=0x00007f924439f300, R13=0x0000000000000000, R14=0x0000000000000000, R15=0x00007f92443d6580
RIP=0x00007f924a627009, EFLAGS=0x0000000000010246, CSGSFS=0x0000000000000033, ERR=0x0000000000000004
  TRAPNO=0x000000000000000e

Top of Stack: (sp=0x00007f924d48a900)
0x00007f924d48a900:   0000000000000000 c2b92ee1b5198500
0x00007f924d48a910:   00007f924d48a950 00007f91cf11df8e
0x00007f924d48a920:   00007f924439f740 00007f924439f300
0x00007f924d48a930:   0000000000000000 0000000000000000
0x00007f924d48a940:   00007f924439f300 00007f92443d6580
0x00007f924d48a950:   0000000000000000 00007f91cee54d2b
0x00007f924d48a960:   0000000000000000 00007f91cf0e6d80
0x00007f924d48a970:   0000000000000000 00007f91cee688e0
0x00007f924d48a980:   0000000000000002 0000003200000008
0x00007f924d48a990:   0000000000000000 0000000000000000
0x00007f924d48a9a0:   0000006e0000005b 0000000000000000
0x00007f924d48a9b0:   0000000000000000 0000007c00000077
0x00007f924d48a9c0:   0073656d616e7370 0000000000000000
0x00007f924d48a9d0:   0000000000766463 730064636c2d6874
0x00007f924d48a9e0:   00000068746f6f6d 00007f9244000020
0x00007f924d48a9f0:   0000000000000070 00007f924d48aaa4
0x00007f924d48aa00:   00007f924439f740 00007f92443d6580
0x00007f924d48aa10:   00007f924d48aaa4 00007f924cd35184
0x00007f924d48aa20:   00007f91cf0eb120 00007f924d48aa54
0x00007f924d48aa30:   00007f91cf0e39e0 c2b92ee1b5198500
0x00007f924d48aa40:   0000000000000070 00007f924439f410
0x00007f924d48aa50:   00007f91cf0e39e0 00007f924d48ab68
0x00007f924d48aa60:   00007f924439f740 00007f92443d6580
0x00007f924d48aa70:   00007f92443d6ab0 00007f91cee574c2
0x00007f924d48aa80:   0000000100000000 00007f924d48ab70
0x00007f924d48aa90:   0000000000000000 0000000000000000
0x00007f924d48aaa0:   000000004d48ab68 c2b92ee1b5198500
0x00007f924d48aab0:   00007f924439f410 00007f924d48ab70
0x00007f924d48aac0:   0000000000000000 00007f924439f668
0x00007f924d48aad0:   00007f924d48ad70 00007f924439f5c8
0x00007f924d48aae0:   00007f924439f740 00007f91cee59581
0x00007f924d48aaf0:   00007f924d48ab70 00007f91cee59376 

Instructions: (pc=0x00007f924a627009)
0x00007f924a626fe9:   ff eb ea 0f 1f 40 00 55 89 f2 48 89 e5 48 83 ec
0x00007f924a626ff9:   10 64 48 8b 04 25 28 00 00 00 48 89 45 f8 31 c0
0x00007f924a627009:   48 8b 07 48 8d 75 f0 ff 50 30 48 8b 4d f8 64 48
0x00007f924a627019:   33 0c 25 28 00 00 00 48 8b 45 f0 75 02 c9 c3 e8 


---------------  P R O C E S S  ---------------

Java Threads: ( => current thread )
  0x00007f9244393000 JavaThread "Image Fetcher 0" daemon [_thread_blocked, id=7315, stack(0x00007f91ce508000,0x00007f91ce609000)]
  0x00007f9244367800 JavaThread "AWT-XAWT" daemon [_thread_in_native, id=7314, stack(0x00007f91ce609000,0x00007f91ce70a000)]
  0x00007f9244345800 JavaThread "Java2D Disposer" daemon [_thread_blocked, id=7313, stack(0x00007f91ceb1a000,0x00007f91cec1b000)]
  0x00007f92442df800 JavaThread "TimerQueue" daemon [_thread_blocked, id=7312, stack(0x00007f91fc007000,0x00007f91fc108000)]
  0x00007f9244283000 JavaThread "Service Thread" daemon [_thread_blocked, id=7310, stack(0x00007f91fcc81000,0x00007f91fcd82000)]
  0x00007f92441b5000 JavaThread "Common-Cleaner" daemon [_thread_blocked, id=7309, stack(0x00007f91fcd82000,0x00007f91fce83000)]
  0x00007f9244185800 JavaThread "Sweeper thread" daemon [_thread_blocked, id=7308, stack(0x00007f91fd5ae000,0x00007f91fd6af000)]
  0x00007f9244183800 JavaThread "C1 CompilerThread2" daemon [_thread_in_native, id=7307, stack(0x00007f91fd6af000,0x00007f91fd7b0000)]
  0x00007f9244181800 JavaThread "C2 CompilerThread1" daemon [_thread_in_native, id=7306, stack(0x00007f91fd7b0000,0x00007f91fd8b1000)]
  0x00007f9244180000 JavaThread "C2 CompilerThread0" daemon [_thread_blocked, id=7305, stack(0x00007f91fd8b1000,0x00007f91fd9b2000)]
  0x00007f924417b800 JavaThread "Signal Dispatcher" daemon [_thread_blocked, id=7304, stack(0x00007f91fd9b2000,0x00007f91fdab3000)]
  0x00007f9244179800 JavaThread "Surrogate Locker Thread (Concurrent GC)" daemon [_thread_blocked, id=7303, stack(0x00007f922c0bd000,0x00007f922c1be000)]
  0x00007f9244168000 JavaThread "Finalizer" daemon [_thread_blocked, id=7302, stack(0x00007f922c1be000,0x00007f922c2bf000)]
  0x00007f9244164000 JavaThread "Reference Handler" daemon [_thread_blocked, id=7301, stack(0x00007f922c2bf000,0x00007f922c3c0000)]
=>0x00007f9244011000 JavaThread "main" [_thread_in_native, id=7288, stack(0x00007f924d38d000,0x00007f924d48e000)]

Other Threads:
  0x00007f924415a000 VMThread [stack: 0x00007f922c3c0000,0x00007f922c4c1000] [id=7300]
  0x00007f9244285800 WatcherThread [stack: 0x00007f91fcb80000,0x00007f91fcc81000] [id=7311]

Threads with active compile tasks:
C2 CompilerThread1 562       4       java.util.HashMap::putVal (300 bytes)

VM state:not at safepoint (normal execution)

VM Mutex/Monitor currently owned by a thread: None

heap address: 0x00000000e0e00000, size: 498 MB, Compressed Oops mode: 32-bit
Narrow klass base: 0x0000000000000000, Narrow klass shift: 3
Compressed class space size: 1073741824 Address: 0x0000000100000000

Heap:
 garbage-first heap   total 32768K, used 7168K [0x00000000e0e00000, 0x00000000e0f00100, 0x0000000100000000)
  region size 1024K, 7 young (7168K), 0 survivors (0K)
 Metaspace       used 11239K, capacity 11586K, committed 11776K, reserved 1058816K
  class space    used 1290K, capacity 1451K, committed 1536K, reserved 1048576K

Heap Regions: E=young(eden), S=young(survivor), O=old, HS=humongous(starts), HC=humongous(continues), CS=collection set, F=free, A=archive, TS=gc time stamp, AC=allocation context, TAMS=top-at-mark-start (previous, next)
|   0|0x00000000e0e00000, 0x00000000e0f00000, 0x00000000e0f00000|100%|HS|  |TS  0|AC  0|TAMS 0x00000000e0e00000, 0x00000000e0e00000|
|   1|0x00000000e0f00000, 0x00000000e0f00000, 0x00000000e1000000|  0%| F|  |TS  0|AC  0|TAMS 0x00000000e0f00000, 0x00000000e0f00000|
|   2|0x00000000e1000000, 0x00000000e1000000, 0x00000000e1100000|  0%| F|  |TS  0|AC  0|TAMS 0x00000000e1000000, 0x00000000e1000000|
|   3|0x00000000e1100000, 0x00000000e1100000, 0x00000000e1200000|  0%| F|  |TS  0|AC  0|TAMS 0x00000000e1100000, 0x00000000e1100000|
|   4|0x00000000e1200000, 0x00000000e1200000, 0x00000000e1300000|  0%| F|  |TS  0|AC  0|TAMS 0x00000000e1200000, 0x00000000e1200000|
|   5|0x00000000e1300000, 0x00000000e1300000, 0x00000000e1400000|  0%| F|  |TS  0|AC  0|TAMS 0x00000000e1300000, 0x00000000e1300000|
|   6|0x00000000e1400000, 0x00000000e1400000, 0x00000000e1500000|  0%| F|  |TS  0|AC  0|TAMS 0x00000000e1400000, 0x00000000e1400000|
|   7|0x00000000e1500000, 0x00000000e1500000, 0x00000000e1600000|  0%| F|  |TS  0|AC  0|TAMS 0x00000000e1500000, 0x00000000e1500000|
|   8|0x00000000e1600000, 0x00000000e1600000, 0x00000000e1700000|  0%| F|  |TS  0|AC  0|TAMS 0x00000000e1600000, 0x00000000e1600000|
|   9|0x00000000e1700000, 0x00000000e1700000, 0x00000000e1800000|  0%| F|  |TS  0|AC  0|TAMS 0x00000000e1700000, 0x00000000e1700000|
|  10|0x00000000e1800000, 0x00000000e1800000, 0x00000000e1900000|  0%| F|  |TS  0|AC  0|TAMS 0x00000000e1800000, 0x00000000e1800000|
|  11|0x00000000e1900000, 0x00000000e1900000, 0x00000000e1a00000|  0%| F|  |TS  0|AC  0|TAMS 0x00000000e1900000, 0x00000000e1900000|
|  12|0x00000000e1a00000, 0x00000000e1a00000, 0x00000000e1b00000|  0%| F|  |TS  0|AC  0|TAMS 0x00000000e1a00000, 0x00000000e1a00000|
|  13|0x00000000e1b00000, 0x00000000e1b00000, 0x00000000e1c00000|  0%| F|  |TS  0|AC  0|TAMS 0x00000000e1b00000, 0x00000000e1b00000|
|  14|0x00000000e1c00000, 0x00000000e1c00000, 0x00000000e1d00000|  0%| F|  |TS  0|AC  0|TAMS 0x00000000e1c00000, 0x00000000e1c00000|
|  15|0x00000000e1d00000, 0x00000000e1d00000, 0x00000000e1e00000|  0%| F|  |TS  0|AC  0|TAMS 0x00000000e1d00000, 0x00000000e1d00000|
|  16|0x00000000e1e00000, 0x00000000e1e00000, 0x00000000e1f00000|  0%| F|  |TS  0|AC  0|TAMS 0x00000000e1e00000, 0x00000000e1e00000|
|  17|0x00000000e1f00000, 0x00000000e1f00000, 0x00000000e2000000|  0%| F|  |TS  0|AC  0|TAMS 0x00000000e1f00000, 0x00000000e1f00000|
|  18|0x00000000e2000000, 0x00000000e2000000, 0x00000000e2100000|  0%| F|  |TS  0|AC  0|TAMS 0x00000000e2000000, 0x00000000e2000000|
|  19|0x00000000e2100000, 0x00000000e2100000, 0x00000000e2200000|  0%| F|  |TS  0|AC  0|TAMS 0x00000000e2100000, 0x00000000e2100000|
|  20|0x00000000e2200000, 0x00000000e2200000, 0x00000000e2300000|  0%| F|  |TS  0|AC  0|TAMS 0x00000000e2200000, 0x00000000e2200000|
|  21|0x00000000e2300000, 0x00000000e2300000, 0x00000000e2400000|  0%| F|  |TS  0|AC  0|TAMS 0x00000000e2300000, 0x00000000e2300000|
|  22|0x00000000e2400000, 0x00000000e2400000, 0x00000000e2500000|  0%| F|  |TS  0|AC  0|TAMS 0x00000000e2400000, 0x00000000e2400000|
|  23|0x00000000e2500000, 0x00000000e2500000, 0x00000000e2600000|  0%| F|  |TS  0|AC  0|TAMS 0x00000000e2500000, 0x00000000e2500000|
|  24|0x00000000e2600000, 0x00000000e2600000, 0x00000000e2700000|  0%| F|  |TS  0|AC  0|TAMS 0x00000000e2600000, 0x00000000e2600000|
|  25|0x00000000e2700000, 0x00000000e27fdb10, 0x00000000e2800000| 99%| E|  |TS  0|AC  0|TAMS 0x00000000e2700000, 0x00000000e2700000|
|  26|0x00000000e2800000, 0x00000000e2900000, 0x00000000e2900000|100%| E|CS|TS  0|AC  0|TAMS 0x00000000e2800000, 0x00000000e2800000|
|  27|0x00000000e2900000, 0x00000000e2a00000, 0x00000000e2a00000|100%| E|CS|TS  0|AC  0|TAMS 0x00000000e2900000, 0x00000000e2900000|
|  28|0x00000000e2a00000, 0x00000000e2b00000, 0x00000000e2b00000|100%| E|CS|TS  0|AC  0|TAMS 0x00000000e2a00000, 0x00000000e2a00000|
|  29|0x00000000e2b00000, 0x00000000e2c00000, 0x00000000e2c00000|100%| E|CS|TS  0|AC  0|TAMS 0x00000000e2b00000, 0x00000000e2b00000|
|  30|0x00000000e2c00000, 0x00000000e2d00000, 0x00000000e2d00000|100%| E|CS|TS  0|AC  0|TAMS 0x00000000e2c00000, 0x00000000e2c00000|
|  31|0x00000000e2d00000, 0x00000000e2e00000, 0x00000000e2e00000|100%| E|CS|TS  0|AC  0|TAMS 0x00000000e2d00000, 0x00000000e2d00000|

Card table byte_map: [0x00007f92487ee000,0x00007f92488e7000] byte_map_base: 0x00007f92480e7000

Marking Bits (Prev, Next): (CMBitMap*) 0x00007f9244042650, (CMBitMap*) 0x00007f92440426a8
 Prev Bits: [0x00007f922d489000, 0x00007f922dc51000)
 Next Bits: [0x00007f922ccc1000, 0x00007f922d489000)

Polling page: 0x00007f924d4ac000

CodeHeap 'non-nmethods': size=5696Kb used=1257Kb max_used=1263Kb free=4438Kb
 bounds [0x00007f922dc51000, 0x00007f922dec1000, 0x00007f922e1e1000]
CodeHeap 'profiled nmethods': size=120032Kb used=994Kb max_used=994Kb free=119038Kb
 bounds [0x00007f922e1e1000, 0x00007f922e451000, 0x00007f9235719000]
CodeHeap 'non-profiled nmethods': size=120032Kb used=181Kb max_used=181Kb free=119851Kb
 bounds [0x00007f9235719000, 0x00007f9235989000, 0x00007f923cc51000]
 total_blobs=1285 nmethods=618 adapters=440
 compilation: enabled

Compilation events (10 events):
Event: 2.136 Thread 0x00007f9244183800 nmethod 613 0x00007f9235745710 code [0x00007f9235745880, 0x00007f9235745990]
Event: 2.139 Thread 0x00007f9244180000  614       4       java.lang.String::equals (65 bytes)
Event: 2.147 Thread 0x00007f9244180000 nmethod 614 0x00007f9235745a10 code [0x00007f9235745b80, 0x00007f9235745cd8]
Event: 2.158 Thread 0x00007f9244183800  616       3       java.nio.HeapByteBuffer::_get (7 bytes)
Event: 2.159 Thread 0x00007f9244183800 nmethod 616 0x00007f922e2d5010 code [0x00007f922e2d5180, 0x00007f922e2d52f0]
Event: 2.159 Thread 0x00007f9244183800  617       3       java.lang.Thread::isInterrupted (6 bytes)
Event: 2.160 Thread 0x00007f9244183800 nmethod 617 0x00007f922e2d5410 code [0x00007f922e2d55a0, 0x00007f922e2d5728]
Event: 2.162 Thread 0x00007f9244183800  618       1       java.nio.Buffer::position (5 bytes)
Event: 2.163 Thread 0x00007f9244183800 nmethod 618 0x00007f9235746110 code [0x00007f9235746280, 0x00007f9235746390]
Event: 2.164 Thread 0x00007f9244183800  619   !   3       java.lang.StringCoding::decode (167 bytes)

GC Heap History (0 events):
No events

Deoptimization events (10 events):
Event: 1.680 Thread 0x00007f9244011000 Uncommon trap: reason=unstable_if action=reinterpret pc=0x00007f9235725bf8 method=java.lang.String.charAt(I)C @ 4
Event: 1.994 Thread 0x00007f9244011000 Uncommon trap: reason=class_check action=maybe_recompile pc=0x00007f9235723388 method=java.util.HashMap.putVal(ILjava/lang/Object;Ljava/lang/Object;ZZ)Ljava/lang/Object; @ 203
Event: 1.995 Thread 0x00007f9244011000 Uncommon trap: reason=class_check action=maybe_recompile pc=0x00007f9235723344 method=java.util.HashMap.putVal(ILjava/lang/Object;Ljava/lang/Object;ZZ)Ljava/lang/Object; @ 91
Event: 1.995 Thread 0x00007f9244011000 Uncommon trap: reason=class_check action=maybe_recompile pc=0x00007f9235723344 method=java.util.HashMap.putVal(ILjava/lang/Object;Ljava/lang/Object;ZZ)Ljava/lang/Object; @ 91
Event: 1.995 Thread 0x00007f9244011000 Uncommon trap: reason=class_check action=maybe_recompile pc=0x00007f9235723344 method=java.util.HashMap.putVal(ILjava/lang/Object;Ljava/lang/Object;ZZ)Ljava/lang/Object; @ 91
Event: 2.032 Thread 0x00007f9244011000 Uncommon trap: reason=unstable_if action=reinterpret pc=0x00007f9235741c8c method=java.lang.StringUTF16.compress([CI[BII)I @ 20
Event: 2.095 Thread 0x00007f9244011000 Uncommon trap: reason=class_check action=maybe_recompile pc=0x00007f9235743fb8 method=java.lang.String.equals(Ljava/lang/Object;)Z @ 8
Event: 2.099 Thread 0x00007f9244011000 Uncommon trap: reason=class_check action=maybe_recompile pc=0x00007f9235743fb8 method=java.lang.String.equals(Ljava/lang/Object;)Z @ 8
Event: 2.102 Thread 0x00007f9244011000 Uncommon trap: reason=class_check action=maybe_recompile pc=0x00007f9235743fb8 method=java.lang.String.equals(Ljava/lang/Object;)Z @ 8
Event: 2.107 Thread 0x00007f9244011000 Uncommon trap: reason=class_check action=maybe_recompile pc=0x00007f9235743fb8 method=java.lang.String.equals(Ljava/lang/Object;)Z @ 8

Classes redefined (0 events):
No events

Internal exceptions (7 events):
Event: 0.833 Thread 0x00007f9244011000 Exception <a 'java/lang/ClassNotFoundException': sun/awt/resources/awtProvider> (0x00000000e2b59dd0) thrown at [/build/openjdk-9-argm_o/openjdk-9-9~b114/src/hotspot/src/share/vm/classfile/systemDictionary.cpp, line 224]
Event: 0.903 Thread 0x00007f9244011000 Exception <a 'java/io/FileNotFoundException'> (0x00000000e2b99d18) thrown at [/build/openjdk-9-argm_o/openjdk-9-9~b114/src/hotspot/src/share/vm/prims/jni.cpp, line 605]
Event: 0.909 Thread 0x00007f9244011000 Exception <a 'java/io/FileNotFoundException'> (0x00000000e2ba1dd8) thrown at [/build/openjdk-9-argm_o/openjdk-9-9~b114/src/hotspot/src/share/vm/prims/jni.cpp, line 605]
Event: 1.515 Thread 0x00007f9244011000 Exception <a 'java/lang/ClassNotFoundException': com/sun/swing/internal/plaf/metal/resources/metalProvider> (0x00000000e2985cb0) thrown at [/build/openjdk-9-argm_o/openjdk-9-9~b114/src/hotspot/src/share/vm/classfile/systemDictionary.cpp, line 224]
Event: 1.520 Thread 0x00007f9244011000 Exception <a 'java/lang/ClassNotFoundException': com/sun/swing/internal/plaf/basic/resources/basicProvider> (0x00000000e298a4c0) thrown at [/build/openjdk-9-argm_o/openjdk-9-9~b114/src/hotspot/src/share/vm/classfile/systemDictionary.cpp, line 224]
Event: 1.568 Thread 0x00007f9244011000 Implicit null exception at 0x00007f9235724338 to 0x00007f92357243c6
Event: 1.602 Thread 0x00007f9244011000 Implicit null exception at 0x00007f923571f68f to 0x00007f923571f6f9

Events (10 events):
Event: 2.162 loading class sun/nio/cs/UTF_16$Decoder
Event: 2.162 loading class sun/nio/cs/UnicodeDecoder
Event: 2.163 loading class sun/nio/cs/UnicodeDecoder done
Event: 2.163 loading class sun/nio/cs/UTF_16$Decoder done
Event: 2.165 loading class sun/font/FileFontStrike
Event: 2.166 loading class sun/font/FileFontStrike done
Event: 2.166 loading class sun/font/FontScaler
Event: 2.166 loading class sun/font/FontScaler done
Event: 2.167 loading class sun/font/FreetypeFontScaler
Event: 2.167 loading class sun/font/FreetypeFontScaler done


Dynamic libraries:
00400000-00401000 r-xp 00000000 08:05 662767                             /usr/lib/jvm/java-9-openjdk-amd64/bin/java
00600000-00601000 r--p 00000000 08:05 662767                             /usr/lib/jvm/java-9-openjdk-amd64/bin/java
00601000-00602000 rw-p 00001000 08:05 662767                             /usr/lib/jvm/java-9-openjdk-amd64/bin/java
00944000-00965000 rw-p 00000000 00:00 0                                  [heap]
e0e00000-e2e00000 rw-p 00000000 00:00 0 
e2e00000-100000000 ---p 00000000 00:00 0 
100000000-100180000 rw-p 00000000 00:00 0 
100180000-140000000 ---p 00000000 00:00 0 
7f91b4000000-7f91b4021000 rw-p 00000000 00:00 0 
7f91b4021000-7f91b8000000 ---p 00000000 00:00 0 
7f91bc000000-7f91bc021000 rw-p 00000000 00:00 0 
7f91bc021000-7f91c0000000 ---p 00000000 00:00 0 
7f91c0000000-7f91c0021000 rw-p 00000000 00:00 0 
7f91c0021000-7f91c4000000 ---p 00000000 00:00 0 
7f91c4000000-7f91c4021000 rw-p 00000000 00:00 0 
7f91c4021000-7f91c8000000 ---p 00000000 00:00 0 
7f91c8000000-7f91c8021000 rw-p 00000000 00:00 0 
7f91c8021000-7f91cc000000 ---p 00000000 00:00 0 
7f91ce308000-7f91ce508000 rw-p 00000000 00:00 0 
7f91ce508000-7f91ce50c000 ---p 00000000 00:00 0 
7f91ce50c000-7f91ce609000 rw-p 00000000 00:00 0 
7f91ce609000-7f91ce60d000 ---p 00000000 00:00 0 
7f91ce60d000-7f91ce70a000 rw-p 00000000 00:00 0 
7f91ce70a000-7f91ce70f000 r-xp 00000000 08:05 663983                     /usr/lib/x86_64-linux-gnu/libXfixes.so.3.1.0
7f91ce70f000-7f91ce90e000 ---p 00005000 08:05 663983                     /usr/lib/x86_64-linux-gnu/libXfixes.so.3.1.0
7f91ce90e000-7f91ce90f000 r--p 00004000 08:05 663983                     /usr/lib/x86_64-linux-gnu/libXfixes.so.3.1.0
7f91ce90f000-7f91ce910000 rw-p 00005000 08:05 663983                     /usr/lib/x86_64-linux-gnu/libXfixes.so.3.1.0
7f91ce910000-7f91ce919000 r-xp 00000000 08:05 663975                     /usr/lib/x86_64-linux-gnu/libXcursor.so.1.0.2
7f91ce919000-7f91ceb18000 ---p 00009000 08:05 663975                     /usr/lib/x86_64-linux-gnu/libXcursor.so.1.0.2
7f91ceb18000-7f91ceb19000 r--p 00008000 08:05 663975                     /usr/lib/x86_64-linux-gnu/libXcursor.so.1.0.2
7f91ceb19000-7f91ceb1a000 rw-p 00009000 08:05 663975                     /usr/lib/x86_64-linux-gnu/libXcursor.so.1.0.2
7f91ceb1a000-7f91ceb1e000 ---p 00000000 00:00 0 
7f91ceb1e000-7f91cec1b000 rw-p 00000000 00:00 0 
7f91cec1b000-7f91cec3f000 r-xp 00000000 08:05 266871                     /lib/x86_64-linux-gnu/libpng12.so.0.54.0
7f91cec3f000-7f91cee3e000 ---p 00024000 08:05 266871                     /lib/x86_64-linux-gnu/libpng12.so.0.54.0
7f91cee3e000-7f91cee3f000 r--p 00023000 08:05 266871                     /lib/x86_64-linux-gnu/libpng12.so.0.54.0
7f91cee3f000-7f91cee40000 rw-p 00024000 08:05 266871                     /lib/x86_64-linux-gnu/libpng12.so.0.54.0
7f91cee40000-7f91ceee4000 r-xp 00000000 08:05 656930                     /usr/lib/x86_64-linux-gnu/libfreetype.so.6.12.1
7f91ceee4000-7f91cf0e3000 ---p 000a4000 08:05 656930                     /usr/lib/x86_64-linux-gnu/libfreetype.so.6.12.1
7f91cf0e3000-7f91cf0e9000 r--p 000a3000 08:05 656930                     /usr/lib/x86_64-linux-gnu/libfreetype.so.6.12.1
7f91cf0e9000-7f91cf0ea000 rw-p 000a9000 08:05 656930                     /usr/lib/x86_64-linux-gnu/libfreetype.so.6.12.1
7f91cf0ea000-7f91cf1b0000 r-xp 00000000 08:05 662787                     /usr/lib/jvm/java-9-openjdk-amd64/lib/amd64/libfontmanager.so
7f91cf1b0000-7f91cf3af000 ---p 000c6000 08:05 662787                     /usr/lib/jvm/java-9-openjdk-amd64/lib/amd64/libfontmanager.so
7f91cf3af000-7f91cf3b2000 r--p 000c5000 08:05 662787                     /usr/lib/jvm/java-9-openjdk-amd64/lib/amd64/libfontmanager.so
7f91cf3b2000-7f91cf3b3000 rw-p 000c8000 08:05 662787                     /usr/lib/jvm/java-9-openjdk-amd64/lib/amd64/libfontmanager.so
7f91cf3b3000-7f91cf3b4000 rw-p 00000000 00:00 0 
7f91cf3b4000-7f91cf3b9000 r-xp 00000000 08:05 663979                     /usr/lib/x86_64-linux-gnu/libXdmcp.so.6.0.0
7f91cf3b9000-7f91cf5b8000 ---p 00005000 08:05 663979                     /usr/lib/x86_64-linux-gnu/libXdmcp.so.6.0.0
7f91cf5b8000-7f91cf5b9000 r--p 00004000 08:05 663979                     /usr/lib/x86_64-linux-gnu/libXdmcp.so.6.0.0
7f91cf5b9000-7f91cf5ba000 rw-p 00005000 08:05 663979                     /usr/lib/x86_64-linux-gnu/libXdmcp.so.6.0.0
7f91cf5ba000-7f91cf5bc000 r-xp 00000000 08:05 663968                     /usr/lib/x86_64-linux-gnu/libXau.so.6.0.0
7f91cf5bc000-7f91cf7bc000 ---p 00002000 08:05 663968                     /usr/lib/x86_64-linux-gnu/libXau.so.6.0.0
7f91cf7bc000-7f91cf7bd000 r--p 00002000 08:05 663968                     /usr/lib/x86_64-linux-gnu/libXau.so.6.0.0
7f91cf7bd000-7f91cf7be000 rw-p 00003000 08:05 663968                     /usr/lib/x86_64-linux-gnu/libXau.so.6.0.0
7f91cf7be000-7f91cf7df000 r-xp 00000000 08:05 665346                     /usr/lib/x86_64-linux-gnu/libxcb.so.1.1.0
7f91cf7df000-7f91cf9de000 ---p 00021000 08:05 665346                     /usr/lib/x86_64-linux-gnu/libxcb.so.1.1.0
7f91cf9de000-7f91cf9df000 r--p 00020000 08:05 665346                     /usr/lib/x86_64-linux-gnu/libxcb.so.1.1.0
7f91cf9df000-7f91cf9e0000 rw-p 00021000 08:05 665346                     /usr/lib/x86_64-linux-gnu/libxcb.so.1.1.0
7f91cf9e0000-7f91cf9ef000 r-xp 00000000 08:05 663989                     /usr/lib/x86_64-linux-gnu/libXi.so.6.1.0
7f91cf9ef000-7f91cfbee000 ---p 0000f000 08:05 663989                     /usr/lib/x86_64-linux-gnu/libXi.so.6.1.0
7f91cfbee000-7f91cfbef000 r--p 0000e000 08:05 663989                     /usr/lib/x86_64-linux-gnu/libXi.so.6.1.0
7f91cfbef000-7f91cfbf0000 rw-p 0000f000 08:05 663989                     /usr/lib/x86_64-linux-gnu/libXi.so.6.1.0
7f91cfbf0000-7f91cfbf5000 r-xp 00000000 08:05 664007                     /usr/lib/x86_64-linux-gnu/libXtst.so.6.1.0
7f91cfbf5000-7f91cfdf4000 ---p 00005000 08:05 664007                     /usr/lib/x86_64-linux-gnu/libXtst.so.6.1.0
7f91cfdf4000-7f91cfdf5000 r--p 00004000 08:05 664007                     /usr/lib/x86_64-linux-gnu/libXtst.so.6.1.0
7f91cfdf5000-7f91cfdf6000 rw-p 00005000 08:05 664007                     /usr/lib/x86_64-linux-gnu/libXtst.so.6.1.0
7f91cfdf6000-7f91cfdff000 r-xp 00000000 08:05 664001                     /usr/lib/x86_64-linux-gnu/libXrender.so.1.3.0
7f91cfdff000-7f91cfffe000 ---p 00009000 08:05 664001                     /usr/lib/x86_64-linux-gnu/libXrender.so.1.3.0
7f91cfffe000-7f91cffff000 r--p 00008000 08:05 664001                     /usr/lib/x86_64-linux-gnu/libXrender.so.1.3.0
7f91cffff000-7f91d0000000 rw-p 00009000 08:05 664001                     /usr/lib/x86_64-linux-gnu/libXrender.so.1.3.0
7f91d0000000-7f91d0021000 rw-p 00000000 00:00 0 
7f91d0021000-7f91d4000000 ---p 00000000 00:00 0 
7f91d4000000-7f91d4021000 rw-p 00000000 00:00 0 
7f91d4021000-7f91d8000000 ---p 00000000 00:00 0 
7f91d8000000-7f91d816b000 rw-p 00000000 00:00 0 
7f91d816b000-7f91dc000000 ---p 00000000 00:00 0 
7f91dc000000-7f91dc021000 rw-p 00000000 00:00 0 
7f91dc021000-7f91e0000000 ---p 00000000 00:00 0 
7f91e0000000-7f91e01af000 rw-p 00000000 00:00 0 
7f91e01af000-7f91e4000000 ---p 00000000 00:00 0 
7f91e4000000-7f91e4254000 rw-p 00000000 00:00 0 
7f91e4254000-7f91e8000000 ---p 00000000 00:00 0 
7f91e8000000-7f91e8021000 rw-p 00000000 00:00 0 
7f91e8021000-7f91ec000000 ---p 00000000 00:00 0 
7f91ec000000-7f91ec021000 rw-p 00000000 00:00 0 
7f91ec021000-7f91f0000000 ---p 00000000 00:00 0 
7f91f0000000-7f91f0021000 rw-p 00000000 00:00 0 
7f91f0021000-7f91f4000000 ---p 00000000 00:00 0 
7f91f4000000-7f91f4021000 rw-p 00000000 00:00 0 
7f91f4021000-7f91f8000000 ---p 00000000 00:00 0 
7f91f8000000-7f91f8021000 rw-p 00000000 00:00 0 
7f91f8021000-7f91fc000000 ---p 00000000 00:00 0 
7f91fc007000-7f91fc00b000 ---p 00000000 00:00 0 
7f91fc00b000-7f91fc108000 rw-p 00000000 00:00 0 
7f91fc108000-7f91fc23d000 r-xp 00000000 08:05 663964                     /usr/lib/x86_64-linux-gnu/libX11.so.6.3.0
7f91fc23d000-7f91fc43d000 ---p 00135000 08:05 663964                     /usr/lib/x86_64-linux-gnu/libX11.so.6.3.0
7f91fc43d000-7f91fc43e000 r--p 00135000 08:05 663964                     /usr/lib/x86_64-linux-gnu/libX11.so.6.3.0
7f91fc43e000-7f91fc442000 rw-p 00136000 08:05 663964                     /usr/lib/x86_64-linux-gnu/libX11.so.6.3.0
7f91fc442000-7f91fc453000 r-xp 00000000 08:05 663981                     /usr/lib/x86_64-linux-gnu/libXext.so.6.4.0
7f91fc453000-7f91fc652000 ---p 00011000 08:05 663981                     /usr/lib/x86_64-linux-gnu/libXext.so.6.4.0
7f91fc652000-7f91fc653000 r--p 00010000 08:05 663981                     /usr/lib/x86_64-linux-gnu/libXext.so.6.4.0
7f91fc653000-7f91fc654000 rw-p 00011000 08:05 663981                     /usr/lib/x86_64-linux-gnu/libXext.so.6.4.0
7f91fc654000-7f91fc6ab000 r-xp 00000000 08:05 662814                     /usr/lib/jvm/java-9-openjdk-amd64/lib/amd64/libawt_xawt.so
7f91fc6ab000-7f91fc8ab000 ---p 00057000 08:05 662814                     /usr/lib/jvm/java-9-openjdk-amd64/lib/amd64/libawt_xawt.so
7f91fc8ab000-7f91fc8ac000 r--p 00057000 08:05 662814                     /usr/lib/jvm/java-9-openjdk-amd64/lib/amd64/libawt_xawt.so
7f91fc8ac000-7f91fc8af000 rw-p 00058000 08:05 662814                     /usr/lib/jvm/java-9-openjdk-amd64/lib/amd64/libawt_xawt.so
7f91fc8af000-7f91fc8b0000 rw-p 00000000 00:00 0 
7f91fc8b0000-7f91fc950000 r-xp 00000000 08:05 662786                     /usr/lib/jvm/java-9-openjdk-amd64/lib/amd64/libawt.so
7f91fc950000-7f91fcb4f000 ---p 000a0000 08:05 662786                     /usr/lib/jvm/java-9-openjdk-amd64/lib/amd64/libawt.so
7f91fcb4f000-7f91fcb50000 r--p 0009f000 08:05 662786                     /usr/lib/jvm/java-9-openjdk-amd64/lib/amd64/libawt.so
7f91fcb50000-7f91fcb5b000 rw-p 000a0000 08:05 662786                     /usr/lib/jvm/java-9-openjdk-amd64/lib/amd64/libawt.so
7f91fcb5b000-7f91fcb80000 rw-p 00000000 00:00 0 
7f91fcb80000-7f91fcb81000 ---p 00000000 00:00 0 
7f91fcb81000-7f91fcc81000 rw-p 00000000 00:00 0 
7f91fcc81000-7f91fcc85000 ---p 00000000 00:00 0 
7f91fcc85000-7f91fcd82000 rw-p 00000000 00:00 0 
7f91fcd82000-7f91fcd86000 ---p 00000000 00:00 0 
7f91fcd86000-7f91fd184000 rw-p 00000000 00:00 0 
7f91fd184000-7f91fd19a000 r-xp 00000000 08:05 662788                     /usr/lib/jvm/java-9-openjdk-amd64/lib/amd64/libnet.so
7f91fd19a000-7f91fd399000 ---p 00016000 08:05 662788                     /usr/lib/jvm/java-9-openjdk-amd64/lib/amd64/libnet.so
7f91fd399000-7f91fd39a000 r--p 00015000 08:05 662788                     /usr/lib/jvm/java-9-openjdk-amd64/lib/amd64/libnet.so
7f91fd39a000-7f91fd39b000 rw-p 00016000 08:05 662788                     /usr/lib/jvm/java-9-openjdk-amd64/lib/amd64/libnet.so
7f91fd39b000-7f91fd3ac000 r-xp 00000000 08:05 662815                     /usr/lib/jvm/java-9-openjdk-amd64/lib/amd64/libnio.so
7f91fd3ac000-7f91fd5ac000 ---p 00011000 08:05 662815                     /usr/lib/jvm/java-9-openjdk-amd64/lib/amd64/libnio.so
7f91fd5ac000-7f91fd5ad000 r--p 00011000 08:05 662815                     /usr/lib/jvm/java-9-openjdk-amd64/lib/amd64/libnio.so
7f91fd5ad000-7f91fd5ae000 rw-p 00012000 08:05 662815                     /usr/lib/jvm/java-9-openjdk-amd64/lib/amd64/libnio.so
7f91fd5ae000-7f91fd5b2000 ---p 00000000 00:00 0 
7f91fd5b2000-7f91fd6af000 rw-p 00000000 00:00 0 
7f91fd6af000-7f91fd6b3000 ---p 00000000 00:00 0 
7f91fd6b3000-7f91fd7b0000 rw-p 00000000 00:00 0 
7f91fd7b0000-7f91fd7b4000 ---p 00000000 00:00 0 
7f91fd7b4000-7f91fd8b1000 rw-p 00000000 00:00 0 
7f91fd8b1000-7f91fd8b5000 ---p 00000000 00:00 0 
7f91fd8b5000-7f91fd9b2000 rw-p 00000000 00:00 0 
7f91fd9b2000-7f91fd9b6000 ---p 00000000 00:00 0 
7f91fd9b6000-7f91fdab3000 rw-p 00000000 00:00 0 
7f91fdab3000-7f91fe000000 r--p 00000000 08:05 656853                     /usr/lib/locale/locale-archive
7f91fe000000-7f9200000000 rw-p 00000000 00:00 0 
7f9200000000-7f9200021000 rw-p 00000000 00:00 0 
7f9200021000-7f9204000000 ---p 00000000 00:00 0 
7f9204000000-7f9204021000 rw-p 00000000 00:00 0 
7f9204021000-7f9208000000 ---p 00000000 00:00 0 
7f9208000000-7f9208021000 rw-p 00000000 00:00 0 
7f9208021000-7f920c000000 ---p 00000000 00:00 0 
7f920c000000-7f920c021000 rw-p 00000000 00:00 0 
7f920c021000-7f9210000000 ---p 00000000 00:00 0 
7f9210000000-7f9210021000 rw-p 00000000 00:00 0 
7f9210021000-7f9214000000 ---p 00000000 00:00 0 
7f9214000000-7f9214021000 rw-p 00000000 00:00 0 
7f9214021000-7f9218000000 ---p 00000000 00:00 0 
7f9218000000-7f9218021000 rw-p 00000000 00:00 0 
7f9218021000-7f921c000000 ---p 00000000 00:00 0 
7f921c000000-7f921c021000 rw-p 00000000 00:00 0 
7f921c021000-7f9220000000 ---p 00000000 00:00 0 
7f9220000000-7f9220021000 rw-p 00000000 00:00 0 
7f9220021000-7f9224000000 ---p 00000000 00:00 0 
7f9224000000-7f9224021000 rw-p 00000000 00:00 0 
7f9224021000-7f9228000000 ---p 00000000 00:00 0 
7f9228000000-7f9228021000 rw-p 00000000 00:00 0 
7f9228021000-7f922c000000 ---p 00000000 00:00 0 
7f922c0bd000-7f922c0c1000 ---p 00000000 00:00 0 
7f922c0c1000-7f922c1be000 rw-p 00000000 00:00 0 
7f922c1be000-7f922c1c2000 ---p 00000000 00:00 0 
7f922c1c2000-7f922c2bf000 rw-p 00000000 00:00 0 
7f922c2bf000-7f922c2c3000 ---p 00000000 00:00 0 
7f922c2c3000-7f922c3c0000 rw-p 00000000 00:00 0 
7f922c3c0000-7f922c3c1000 ---p 00000000 00:00 0 
7f922c3c1000-7f922cd41000 rw-p 00000000 00:00 0 
7f922cd41000-7f922d489000 ---p 00000000 00:00 0 
7f922d489000-7f922d509000 rw-p 00000000 00:00 0 
7f922d509000-7f922dc51000 ---p 00000000 00:00 0 
7f922dc51000-7f922dec1000 rwxp 00000000 00:00 0 
7f922dec1000-7f922e1e1000 ---p 00000000 00:00 0 
7f922e1e1000-7f922e451000 rwxp 00000000 00:00 0 
7f922e451000-7f9235719000 ---p 00000000 00:00 0 
7f9235719000-7f9235989000 rwxp 00000000 00:00 0 
7f9235989000-7f923cc51000 ---p 00000000 00:00 0 
7f923cc51000-7f9244000000 r--s 00000000 08:05 662772                     /usr/lib/jvm/java-9-openjdk-amd64/lib/modules
7f9244000000-7f92443ec000 rw-p 00000000 00:00 0 
7f92443ec000-7f9248000000 ---p 00000000 00:00 0 
7f9248079000-7f92484f3000 rw-p 00000000 00:00 0 
7f92484f3000-7f92484f4000 ---p 00000000 00:00 0 
7f92484f4000-7f92485f4000 rw-p 00000000 00:00 0 
7f92485f4000-7f92485f5000 ---p 00000000 00:00 0 
7f92485f5000-7f9248705000 rw-p 00000000 00:00 0 
7f9248705000-7f92487ee000 ---p 00000000 00:00 0 
7f92487ee000-7f92487fe000 rw-p 00000000 00:00 0 
7f92487fe000-7f92489e0000 ---p 00000000 00:00 0 
7f92489e0000-7f92489f0000 rw-p 00000000 00:00 0 
7f92489f0000-7f9248ad9000 ---p 00000000 00:00 0 
7f9248ad9000-7f9248ada000 ---p 00000000 00:00 0 
7f9248ada000-7f9248bda000 rw-p 00000000 00:00 0 
7f9248bda000-7f9248bdb000 ---p 00000000 00:00 0 
7f9248bdb000-7f9248cdb000 rw-p 00000000 00:00 0 
7f9248cdb000-7f9248cdc000 ---p 00000000 00:00 0 
7f9248cdc000-7f9248ddc000 rw-p 00000000 00:00 0 
7f9248ddc000-7f9248ddd000 ---p 00000000 00:00 0 
7f9248ddd000-7f9248edd000 rw-p 00000000 00:00 0 
7f9248edd000-7f9248ede000 ---p 00000000 00:00 0 
7f9248ede000-7f92493e2000 rw-p 00000000 00:00 0 
7f92493e2000-7f92493e3000 ---p 00000000 00:00 0 
7f92493e3000-7f92494e3000 rw-p 00000000 00:00 0 
7f92494e3000-7f92494e4000 ---p 00000000 00:00 0 
7f92494e4000-7f92495e4000 rw-p 00000000 00:00 0 
7f92495e4000-7f92495e5000 ---p 00000000 00:00 0 
7f92495e5000-7f92496e5000 rw-p 00000000 00:00 0 
7f92496e5000-7f92496e6000 ---p 00000000 00:00 0 
7f92496e6000-7f92497eb000 rw-p 00000000 00:00 0 
7f92497eb000-7f92498d1000 ---p 00000000 00:00 0 
7f92498d1000-7f92498d6000 rw-p 00000000 00:00 0 
7f92498d6000-7f92499bc000 ---p 00000000 00:00 0 
7f92499bc000-7f92499c1000 r-xp 00000000 08:05 662802                     /usr/lib/jvm/java-9-openjdk-amd64/lib/amd64/libjimage.so
7f92499c1000-7f9249bc0000 ---p 00005000 08:05 662802                     /usr/lib/jvm/java-9-openjdk-amd64/lib/amd64/libjimage.so
7f9249bc0000-7f9249bc1000 r--p 00004000 08:05 662802                     /usr/lib/jvm/java-9-openjdk-amd64/lib/amd64/libjimage.so
7f9249bc1000-7f9249bc2000 rw-p 00005000 08:05 662802                     /usr/lib/jvm/java-9-openjdk-amd64/lib/amd64/libjimage.so
7f9249bc2000-7f9249bc9000 r-xp 00000000 08:05 662798                     /usr/lib/jvm/java-9-openjdk-amd64/lib/amd64/libzip.so
7f9249bc9000-7f9249dc8000 ---p 00007000 08:05 662798                     /usr/lib/jvm/java-9-openjdk-amd64/lib/amd64/libzip.so
7f9249dc8000-7f9249dc9000 r--p 00006000 08:05 662798                     /usr/lib/jvm/java-9-openjdk-amd64/lib/amd64/libzip.so
7f9249dc9000-7f9249dca000 rw-p 00007000 08:05 662798                     /usr/lib/jvm/java-9-openjdk-amd64/lib/amd64/libzip.so
7f9249dca000-7f9249dd5000 r-xp 00000000 08:05 262227                     /lib/x86_64-linux-gnu/libnss_files-2.23.so
7f9249dd5000-7f9249fd4000 ---p 0000b000 08:05 262227                     /lib/x86_64-linux-gnu/libnss_files-2.23.so
7f9249fd4000-7f9249fd5000 r--p 0000a000 08:05 262227                     /lib/x86_64-linux-gnu/libnss_files-2.23.so
7f9249fd5000-7f9249fd6000 rw-p 0000b000 08:05 262227                     /lib/x86_64-linux-gnu/libnss_files-2.23.so
7f9249fd6000-7f9249fdc000 rw-p 00000000 00:00 0 
7f9249fdc000-7f9249fe7000 r-xp 00000000 08:05 262230                     /lib/x86_64-linux-gnu/libnss_nis-2.23.so
7f9249fe7000-7f924a1e6000 ---p 0000b000 08:05 262230                     /lib/x86_64-linux-gnu/libnss_nis-2.23.so
7f924a1e6000-7f924a1e7000 r--p 0000a000 08:05 262230                     /lib/x86_64-linux-gnu/libnss_nis-2.23.so
7f924a1e7000-7f924a1e8000 rw-p 0000b000 08:05 262230                     /lib/x86_64-linux-gnu/libnss_nis-2.23.so
7f924a1e8000-7f924a1fe000 r-xp 00000000 08:05 262149                     /lib/x86_64-linux-gnu/libnsl-2.23.so
7f924a1fe000-7f924a3fd000 ---p 00016000 08:05 262149                     /lib/x86_64-linux-gnu/libnsl-2.23.so
7f924a3fd000-7f924a3fe000 r--p 00015000 08:05 262149                     /lib/x86_64-linux-gnu/libnsl-2.23.so
7f924a3fe000-7f924a3ff000 rw-p 00016000 08:05 262149                     /lib/x86_64-linux-gnu/libnsl-2.23.so
7f924a3ff000-7f924a401000 rw-p 00000000 00:00 0 
7f924a401000-7f924a409000 r-xp 00000000 08:05 262236                     /lib/x86_64-linux-gnu/libnss_compat-2.23.so
7f924a409000-7f924a608000 ---p 00008000 08:05 262236                     /lib/x86_64-linux-gnu/libnss_compat-2.23.so
7f924a608000-7f924a609000 r--p 00007000 08:05 262236                     /lib/x86_64-linux-gnu/libnss_compat-2.23.so
7f924a609000-7f924a60a000 rw-p 00008000 08:05 262236                     /lib/x86_64-linux-gnu/libnss_compat-2.23.so
7f924a60a000-7f924a635000 r-xp 00000000 08:05 662781                     /usr/lib/jvm/java-9-openjdk-amd64/lib/amd64/libjava.so
7f924a635000-7f924a834000 ---p 0002b000 08:05 662781                     /usr/lib/jvm/java-9-openjdk-amd64/lib/amd64/libjava.so
7f924a834000-7f924a835000 r--p 0002a000 08:05 662781                     /usr/lib/jvm/java-9-openjdk-amd64/lib/amd64/libjava.so
7f924a835000-7f924a837000 rw-p 0002b000 08:05 662781                     /usr/lib/jvm/java-9-openjdk-amd64/lib/amd64/libjava.so
7f924a837000-7f924a844000 r-xp 00000000 08:05 662782                     /usr/lib/jvm/java-9-openjdk-amd64/lib/amd64/libverify.so
7f924a844000-7f924aa43000 ---p 0000d000 08:05 662782                     /usr/lib/jvm/java-9-openjdk-amd64/lib/amd64/libverify.so
7f924aa43000-7f924aa45000 r--p 0000c000 08:05 662782                     /usr/lib/jvm/java-9-openjdk-amd64/lib/amd64/libverify.so
7f924aa45000-7f924aa46000 rw-p 0000e000 08:05 662782                     /usr/lib/jvm/java-9-openjdk-amd64/lib/amd64/libverify.so
7f924aa46000-7f924aa4d000 r-xp 00000000 08:05 262232                     /lib/x86_64-linux-gnu/librt-2.23.so
7f924aa4d000-7f924ac4c000 ---p 00007000 08:05 262232                     /lib/x86_64-linux-gnu/librt-2.23.so
7f924ac4c000-7f924ac4d000 r--p 00006000 08:05 262232                     /lib/x86_64-linux-gnu/librt-2.23.so
7f924ac4d000-7f924ac4e000 rw-p 00007000 08:05 262232                     /lib/x86_64-linux-gnu/librt-2.23.so
7f924ac4e000-7f924ac64000 r-xp 00000000 08:05 266768                     /lib/x86_64-linux-gnu/libgcc_s.so.1
7f924ac64000-7f924ae63000 ---p 00016000 08:05 266768                     /lib/x86_64-linux-gnu/libgcc_s.so.1
7f924ae63000-7f924ae64000 rw-p 00015000 08:05 266768                     /lib/x86_64-linux-gnu/libgcc_s.so.1
7f924ae64000-7f924af6c000 r-xp 00000000 08:05 262241                     /lib/x86_64-linux-gnu/libm-2.23.so
7f924af6c000-7f924b16b000 ---p 00108000 08:05 262241                     /lib/x86_64-linux-gnu/libm-2.23.so
7f924b16b000-7f924b16c000 r--p 00107000 08:05 262241                     /lib/x86_64-linux-gnu/libm-2.23.so
7f924b16c000-7f924b16d000 rw-p 00108000 08:05 262241                     /lib/x86_64-linux-gnu/libm-2.23.so
7f924b16d000-7f924b2df000 r-xp 00000000 08:05 657537                     /usr/lib/x86_64-linux-gnu/libstdc++.so.6.0.21
7f924b2df000-7f924b4df000 ---p 00172000 08:05 657537                     /usr/lib/x86_64-linux-gnu/libstdc++.so.6.0.21
7f924b4df000-7f924b4e9000 r--p 00172000 08:05 657537                     /usr/lib/x86_64-linux-gnu/libstdc++.so.6.0.21
7f924b4e9000-7f924b4eb000 rw-p 0017c000 08:05 657537                     /usr/lib/x86_64-linux-gnu/libstdc++.so.6.0.21
7f924b4eb000-7f924b4ef000 rw-p 00000000 00:00 0 
7f924b4ef000-7f924c34d000 r-xp 00000000 08:05 662795                     /usr/lib/jvm/java-9-openjdk-amd64/lib/amd64/server/libjvm.so
7f924c34d000-7f924c54d000 ---p 00e5e000 08:05 662795                     /usr/lib/jvm/java-9-openjdk-amd64/lib/amd64/server/libjvm.so
7f924c54d000-7f924c5ff000 r--p 00e5e000 08:05 662795                     /usr/lib/jvm/java-9-openjdk-amd64/lib/amd64/server/libjvm.so
7f924c5ff000-7f924c631000 rw-p 00f10000 08:05 662795                     /usr/lib/jvm/java-9-openjdk-amd64/lib/amd64/server/libjvm.so
7f924c631000-7f924c676000 rw-p 00000000 00:00 0 
7f924c676000-7f924c68e000 r-xp 00000000 08:05 262229                     /lib/x86_64-linux-gnu/libpthread-2.23.so
7f924c68e000-7f924c88d000 ---p 00018000 08:05 262229                     /lib/x86_64-linux-gnu/libpthread-2.23.so
7f924c88d000-7f924c88e000 r--p 00017000 08:05 262229                     /lib/x86_64-linux-gnu/libpthread-2.23.so
7f924c88e000-7f924c88f000 rw-p 00018000 08:05 262229                     /lib/x86_64-linux-gnu/libpthread-2.23.so
7f924c88f000-7f924c893000 rw-p 00000000 00:00 0 
7f924c893000-7f924c896000 r-xp 00000000 08:05 262235                     /lib/x86_64-linux-gnu/libdl-2.23.so
7f924c896000-7f924ca95000 ---p 00003000 08:05 262235                     /lib/x86_64-linux-gnu/libdl-2.23.so
7f924ca95000-7f924ca96000 r--p 00002000 08:05 262235                     /lib/x86_64-linux-gnu/libdl-2.23.so
7f924ca96000-7f924ca97000 rw-p 00003000 08:05 262235                     /lib/x86_64-linux-gnu/libdl-2.23.so
7f924ca97000-7f924cab0000 r-xp 00000000 08:05 266703                     /lib/x86_64-linux-gnu/libz.so.1.2.8
7f924cab0000-7f924ccaf000 ---p 00019000 08:05 266703                     /lib/x86_64-linux-gnu/libz.so.1.2.8
7f924ccaf000-7f924ccb0000 r--p 00018000 08:05 266703                     /lib/x86_64-linux-gnu/libz.so.1.2.8
7f924ccb0000-7f924ccb1000 rw-p 00019000 08:05 266703                     /lib/x86_64-linux-gnu/libz.so.1.2.8
7f924ccb1000-7f924ce71000 r-xp 00000000 08:05 266748                     /lib/x86_64-linux-gnu/libc-2.23.so
7f924ce71000-7f924d071000 ---p 001c0000 08:05 266748                     /lib/x86_64-linux-gnu/libc-2.23.so
7f924d071000-7f924d075000 r--p 001c0000 08:05 266748                     /lib/x86_64-linux-gnu/libc-2.23.so
7f924d075000-7f924d077000 rw-p 001c4000 08:05 266748                     /lib/x86_64-linux-gnu/libc-2.23.so
7f924d077000-7f924d07b000 rw-p 00000000 00:00 0 
7f924d07b000-7f924d089000 r-xp 00000000 08:05 662812                     /usr/lib/jvm/java-9-openjdk-amd64/lib/amd64/jli/libjli.so
7f924d089000-7f924d288000 ---p 0000e000 08:05 662812                     /usr/lib/jvm/java-9-openjdk-amd64/lib/amd64/jli/libjli.so
7f924d288000-7f924d289000 r--p 0000d000 08:05 662812                     /usr/lib/jvm/java-9-openjdk-amd64/lib/amd64/jli/libjli.so
7f924d289000-7f924d28a000 rw-p 0000e000 08:05 662812                     /usr/lib/jvm/java-9-openjdk-amd64/lib/amd64/jli/libjli.so
7f924d28a000-7f924d2b0000 r-xp 00000000 08:05 262158                     /lib/x86_64-linux-gnu/ld-2.23.so
7f924d2de000-7f924d2e5000 r--s 00000000 08:05 1051925                    /usr/lib/x86_64-linux-gnu/gconv/gconv-modules.cache
7f924d2e5000-7f924d30a000 r--p 00000000 08:05 1711217                    /usr/share/locale-langpack/es/LC_MESSAGES/libc.mo
7f924d30a000-7f924d38d000 rw-p 00000000 00:00 0 
7f924d38d000-7f924d391000 ---p 00000000 00:00 0 
7f924d391000-7f924d493000 rw-p 00000000 00:00 0 
7f924d497000-7f924d49c000 rw-p 00000000 00:00 0 
7f924d49c000-7f924d4a3000 ---p 00000000 00:00 0 
7f924d4a3000-7f924d4ab000 rw-s 00000000 08:05 3147406                    /tmp/hsperfdata_enrike/7287
7f924d4ab000-7f924d4ac000 rw-p 00000000 00:00 0 
7f924d4ac000-7f924d4ad000 r--p 00000000 00:00 0 
7f924d4ad000-7f924d4af000 rw-p 00000000 00:00 0 
7f924d4af000-7f924d4b0000 r--p 00025000 08:05 262158                     /lib/x86_64-linux-gnu/ld-2.23.so
7f924d4b0000-7f924d4b1000 rw-p 00026000 08:05 262158                     /lib/x86_64-linux-gnu/ld-2.23.so
7f924d4b1000-7f924d4b2000 rw-p 00000000 00:00 0 
7fffeb8a9000-7fffeb8ca000 rw-p 00000000 00:00 0                          [stack]
7fffeb9eb000-7fffeb9ed000 r--p 00000000 00:00 0                          [vvar]
7fffeb9ed000-7fffeb9ef000 r-xp 00000000 00:00 0                          [vdso]
ffffffffff600000-ffffffffff601000 r-xp 00000000 00:00 0                  [vsyscall]

VM Arguments:
java_command: Analizador
java_class_path (initial): .
Launcher Type: SUN_STANDARD

Environment Variables:
PATH=/home/enrike/bin:/home/enrike/.local/bin:/usr/local/sbin:/usr/local/bin:/usr/sbin:/usr/bin:/sbin:/bin:/usr/games:/usr/local/games:/snap/bin
SHELL=/bin/bash
DISPLAY=:0

Signal Handlers:
SIGSEGV: [libjvm.so+0xc12c20], sa_mask[0]=11111111011111111101111111111110, sa_flags=SA_RESTART|SA_SIGINFO
SIGBUS: [libjvm.so+0xc12c20], sa_mask[0]=11111111011111111101111111111110, sa_flags=SA_RESTART|SA_SIGINFO
SIGFPE: [libjvm.so+0xc12c20], sa_mask[0]=11111111011111111101111111111110, sa_flags=SA_RESTART|SA_SIGINFO
SIGPIPE: [libjvm.so+0xa3b600], sa_mask[0]=11111111011111111101111111111110, sa_flags=SA_RESTART|SA_SIGINFO
SIGXFSZ: [libjvm.so+0xa3b600], sa_mask[0]=11111111011111111101111111111110, sa_flags=SA_RESTART|SA_SIGINFO
SIGILL: [libjvm.so+0xc12c20], sa_mask[0]=11111111011111111101111111111110, sa_flags=SA_RESTART|SA_SIGINFO
SIGUSR2: [libjvm.so+0xa3b4a0], sa_mask[0]=00000000000000000000000000000000, sa_flags=SA_RESTART|SA_SIGINFO
SIGHUP: [libjvm.so+0xa3b870], sa_mask[0]=11111111011111111101111111111110, sa_flags=SA_RESTART|SA_SIGINFO
SIGINT: [libjvm.so+0xa3b870], sa_mask[0]=11111111011111111101111111111110, sa_flags=SA_RESTART|SA_SIGINFO
SIGTERM: [libjvm.so+0xa3b870], sa_mask[0]=11111111011111111101111111111110, sa_flags=SA_RESTART|SA_SIGINFO
SIGQUIT: [libjvm.so+0xa3b870], sa_mask[0]=11111111011111111101111111111110, sa_flags=SA_RESTART|SA_SIGINFO


---------------  S Y S T E M  ---------------

OS:DISTRIB_ID=Ubuntu
DISTRIB_RELEASE=16.04
DISTRIB_CODENAME=xenial
DISTRIB_DESCRIPTION="Ubuntu 16.04.3 LTS"
uname:Linux 4.4.0-31-generic #50-Ubuntu SMP Wed Jul 13 00:07:12 UTC 2016 x86_64
libc:glibc 2.23 NPTL 2.23 
rlimit: STACK 8192k, CORE 0k, NPROC 7804, NOFILE 65536, AS infinity
load average:1.31 2.48 2.97

/proc/meminfo:
MemTotal:        2036560 kB
MemFree:          151880 kB
MemAvailable:     946556 kB
Buffers:           45552 kB
Cached:           843708 kB
SwapCached:         4260 kB
Active:           761560 kB
Inactive:         923840 kB
Active(anon):     293312 kB
Inactive(anon):   510340 kB
Active(file):     468248 kB
Inactive(file):   413500 kB
Unevictable:          16 kB
Mlocked:              16 kB
SwapTotal:       2083836 kB
SwapFree:        1987752 kB
Dirty:               176 kB
Writeback:             0 kB
AnonPages:        794388 kB
Mapped:           122040 kB
Shmem:              7512 kB
Slab:             119408 kB
SReclaimable:      89108 kB
SUnreclaim:        30300 kB
KernelStack:        8208 kB
PageTables:        28412 kB
NFS_Unstable:          0 kB
Bounce:                0 kB
WritebackTmp:          0 kB
CommitLimit:     3102116 kB
Committed_AS:    4137996 kB
VmallocTotal:   34359738367 kB
VmallocUsed:           0 kB
VmallocChunk:          0 kB
HardwareCorrupted:     0 kB
AnonHugePages:    421888 kB
CmaTotal:              0 kB
CmaFree:               0 kB
HugePages_Total:       0
HugePages_Free:        0
HugePages_Rsvd:        0
HugePages_Surp:        0
Hugepagesize:       2048 kB
DirectMap4k:      111296 kB
DirectMap2M:     1974272 kB


CPU:total 4 (2 cores per cpu, 2 threads per core) family 6 model 54 stepping 1, cmov, cx8, fxsr, mmx, sse, sse2, sse3, ssse3, ht, tsc, tscinvbit

CPU Model and flags from /proc/cpuinfo:
model name	: Intel(R) Atom(TM) CPU N2600   @ 1.60GHz
flags		: fpu vme de pse tsc msr pae mce cx8 apic sep mtrr pge mca cmov pat pse36 clflush dts acpi mmx fxsr sse sse2 ss ht tm pbe syscall nx lm constant_tsc arch_perfmon pebs bts rep_good nopl nonstop_tsc aperfmperf pni dtes64 monitor ds_cpl est tm2 ssse3 cx16 xtpr pdcm movbe lahf_lm dtherm arat

Memory: 4k page, physical 2036560k(151880k free), swap 2083836k(1987752k free)

vm_info: OpenJDK 64-Bit Server VM (9-internal+0-2016-04-14-195246.buildd.src) for linux-amd64 JRE (9-internal+0-2016-04-14-195246.buildd.src), built on Apr 14 2016 20:05:37 by "buildd" with gcc 5.3.1 20160413

END.
