#
# A fatal error has been detected by the Java Runtime Environment:
#
#  SIGSEGV (0xb) at pc=0x00007f034f396009, pid=7631, tid=7632
#
# JRE version: OpenJDK Runtime Environment (9.0) (build 9-internal+0-2016-04-14-195246.buildd.src)
# Java VM: OpenJDK 64-Bit Server VM (9-internal+0-2016-04-14-195246.buildd.src, mixed mode, tiered, compressed oops, g1 gc, linux-amd64)
# Problematic frame:
# C  [libjava.so+0x1d009]  JNU_GetEnv+0x19
#
# Core dump will be written. Default location: Core dumps may be processed with "/usr/share/apport/apport %p %s %c %d %P" (or dumping to /media/enrike/OUTERHEAVEN/P3 TC 2/core.7631)
#
# If you would like to submit a bug report, please visit:
#   http://bugreport.java.com/bugreport/crash.jsp
# The crash happened outside the Java Virtual Machine in native code.
# See problematic frame for where to report the bug.
#

---------------  S U M M A R Y ------------

Command Line: Analizador

Host: Intel(R) Atom(TM) CPU N2600   @ 1.60GHz, 4 cores, 1G, Ubuntu 16.04.3 LTS
Time: Thu Nov 16 00:07:28 2017 CST elapsed time: 2 seconds (0d 0h 0m 2s)

---------------  T H R E A D  ---------------

Current thread (0x00007f0348011000):  JavaThread "main" [_thread_in_native, id=7632, stack(0x00007f03520fc000,0x00007f03521fd000)]

Stack: [0x00007f03520fc000,0x00007f03521fd000],  sp=0x00007f03521f9900,  free space=1014k
Native frames: (J=compiled Java code, j=interpreted, Vv=VM code, C=native code)
C  [libjava.so+0x1d009]  JNU_GetEnv+0x19
C  [libfontmanager.so+0x33f8e]
C  [libfreetype.so.6+0x14d2b]  FT_Stream_Seek+0x1b

Java frames: (J=compiled Java code, j=interpreted, Vv=VM code)
j  sun.font.FreetypeFontScaler.initNativeScaler(Lsun/font/Font2D;IIZI)J+0 java.desktop@9-internal
j  sun.font.FreetypeFontScaler.<init>(Lsun/font/Font2D;IZI)V+26 java.desktop@9-internal
v  ~StubRoutines::call_stub
j  sun.reflect.NativeConstructorAccessorImpl.newInstance0(Ljava/lang/reflect/Constructor;[Ljava/lang/Object;)Ljava/lang/Object;+0 java.base@9-internal
j  sun.reflect.NativeConstructorAccessorImpl.newInstance([Ljava/lang/Object;)Ljava/lang/Object;+85 java.base@9-internal
j  sun.reflect.DelegatingConstructorAccessorImpl.newInstance([Ljava/lang/Object;)Ljava/lang/Object;+5 java.base@9-internal
j  java.lang.reflect.Constructor.newInstance([Ljava/lang/Object;)Ljava/lang/Object;+65 java.base@9-internal
j  sun.font.FontScaler.getScaler(Lsun/font/Font2D;IZI)Lsun/font/FontScaler;+39 java.desktop@9-internal
j  sun.font.TrueTypeFont.getScaler()Lsun/font/FontScaler;+21 java.desktop@9-internal
j  sun.font.FileFontStrike.<init>(Lsun/font/FileFont;Lsun/font/FontStrikeDesc;)V+204 java.desktop@9-internal
j  sun.font.FileFont.createStrike(Lsun/font/FontStrikeDesc;)Lsun/font/FontStrike;+18 java.desktop@9-internal
j  sun.font.Font2D.getStrike(Lsun/font/FontStrikeDesc;Z)Lsun/font/FontStrike;+92 java.desktop@9-internal
j  sun.font.Font2D.getStrike(Lsun/font/FontStrikeDesc;)Lsun/font/FontStrike;+3 java.desktop@9-internal
j  sun.font.CompositeStrike.getStrikeForSlot(I)Lsun/font/PhysicalStrike;+23 java.desktop@9-internal
j  sun.font.CompositeStrike.getFontMetrics()Lsun/font/StrikeMetrics;+31 java.desktop@9-internal
j  sun.font.FontDesignMetrics.initMatrixAndMetrics()V+28 java.desktop@9-internal
j  sun.font.FontDesignMetrics.<init>(Ljava/awt/Font;Ljava/awt/font/FontRenderContext;)V+62 java.desktop@9-internal
j  sun.font.FontDesignMetrics.getMetrics(Ljava/awt/Font;Ljava/awt/font/FontRenderContext;)Lsun/font/FontDesignMetrics;+128 java.desktop@9-internal
j  sun.swing.SwingUtilities2.getFontMetrics(Ljavax/swing/JComponent;Ljava/awt/Font;)Ljava/awt/FontMetrics;+15 java.desktop@9-internal
j  javax.swing.JComponent.getFontMetrics(Ljava/awt/Font;)Ljava/awt/FontMetrics;+2 java.desktop@9-internal
j  javax.swing.text.GlyphPainter1.sync(Ljavax/swing/text/GlyphView;)V+38 java.desktop@9-internal
j  javax.swing.text.GlyphPainter1.getSpan(Ljavax/swing/text/GlyphView;IILjavax/swing/text/TabExpander;F)F+2 java.desktop@9-internal
j  javax.swing.text.GlyphView.getPreferredSpan(I)F+77 java.desktop@9-internal
j  javax.swing.text.FlowView$LogicalView.getPreferredSpan(I)F+32 java.desktop@9-internal
j  javax.swing.text.FlowView.calculateMinorAxisRequirements(ILjavax/swing/SizeRequirements;)Ljavax/swing/SizeRequirements;+17 java.desktop@9-internal
j  javax.swing.text.ParagraphView.calculateMinorAxisRequirements(ILjavax/swing/SizeRequirements;)Ljavax/swing/SizeRequirements;+3 java.desktop@9-internal
j  javax.swing.text.html.ParagraphView.calculateMinorAxisRequirements(ILjavax/swing/SizeRequirements;)Ljavax/swing/SizeRequirements;+3 java.desktop@9-internal
j  javax.swing.text.BoxView.checkRequests(I)V+73 java.desktop@9-internal
j  javax.swing.text.BoxView.getMinimumSpan(I)F+2 java.desktop@9-internal
j  javax.swing.text.html.ParagraphView.getMinimumSpan(I)F+11 java.desktop@9-internal
j  javax.swing.text.BoxView.calculateMinorAxisRequirements(ILjavax/swing/SizeRequirements;)Ljavax/swing/SizeRequirements;+36 java.desktop@9-internal
j  javax.swing.text.html.BlockView.calculateMinorAxisRequirements(ILjavax/swing/SizeRequirements;)Ljavax/swing/SizeRequirements;+31 java.desktop@9-internal
j  javax.swing.text.BoxView.checkRequests(I)V+73 java.desktop@9-internal
j  javax.swing.text.BoxView.getMinimumSpan(I)F+2 java.desktop@9-internal
j  javax.swing.text.html.BlockView.getMinimumSpan(I)F+2 java.desktop@9-internal
j  javax.swing.text.BoxView.calculateMinorAxisRequirements(ILjavax/swing/SizeRequirements;)Ljavax/swing/SizeRequirements;+36 java.desktop@9-internal
j  javax.swing.text.html.BlockView.calculateMinorAxisRequirements(ILjavax/swing/SizeRequirements;)Ljavax/swing/SizeRequirements;+31 java.desktop@9-internal
j  javax.swing.text.BoxView.checkRequests(I)V+73 java.desktop@9-internal
j  javax.swing.text.BoxView.getPreferredSpan(I)F+2 java.desktop@9-internal
j  javax.swing.text.html.BlockView.getPreferredSpan(I)F+2 java.desktop@9-internal
j  javax.swing.plaf.basic.BasicHTML$Renderer.<init>(Ljavax/swing/JComponent;Ljavax/swing/text/ViewFactory;Ljavax/swing/text/View;)V+34 java.desktop@9-internal
j  javax.swing.plaf.basic.BasicHTML.createHTMLView(Ljavax/swing/JComponent;Ljava/lang/String;)Ljavax/swing/text/View;+98 java.desktop@9-internal
j  javax.swing.plaf.basic.BasicHTML.updateRenderer(Ljavax/swing/JComponent;Ljava/lang/String;)V+40 java.desktop@9-internal
j  javax.swing.plaf.basic.BasicLabelUI.installComponents(Ljavax/swing/JLabel;)V+5 java.desktop@9-internal
j  javax.swing.plaf.basic.BasicLabelUI.installUI(Ljavax/swing/JComponent;)V+13 java.desktop@9-internal
j  javax.swing.JComponent.setUI(Ljavax/swing/plaf/ComponentUI;)V+52 java.desktop@9-internal
j  javax.swing.JLabel.setUI(Ljavax/swing/plaf/LabelUI;)V+2 java.desktop@9-internal
j  javax.swing.JLabel.updateUI()V+8 java.desktop@9-internal
j  javax.swing.JLabel.<init>(Ljava/lang/String;Ljavax/swing/Icon;I)V+83 java.desktop@9-internal
j  javax.swing.JLabel.<init>(Ljava/lang/String;)V+5 java.desktop@9-internal
j  Analizador.init(Ljava/lang/String;)V+73
j  Analizador.main([Ljava/lang/String;)V+11
v  ~StubRoutines::call_stub

siginfo: si_signo: 11 (SIGSEGV), si_code: 1 (SEGV_MAPERR), si_addr: 0x0000000000000000

Register to memory mapping:

RAX=0x0000000000000000 is an unknown value
RBX=0x0000000000000000 is an unknown value
RCX=0x0000000000000000 is an unknown value
RDX=0x0000000000010002 is an unknown value
RSP=0x00007f03521f9900 is pointing into the stack for thread: 0x00007f0348011000
RBP=0x00007f03521f9910 is pointing into the stack for thread: 0x00007f0348011000
RSI=0x0000000000010002 is an unknown value
RDI=0x0000000000000000 is an unknown value
R8 =0x0000000000000000 is an unknown value
R9 =0x0000000000000004 is an unknown value
R10=0x00000000000001db is an unknown value
R11=0x00007f034f395ff0: JNU_GetEnv+0x0000000000000000 in /usr/lib/jvm/java-9-openjdk-amd64/lib/amd64/libjava.so at 0x00007f034f379000
R12=0x00007f03483b71a0 is an unknown value
R13=0x0000000000000000 is an unknown value
R14=0x0000000000000000 is an unknown value
R15=0x00007f03483ee540 is an unknown value


Registers:
RAX=0x0000000000000000, RBX=0x0000000000000000, RCX=0x0000000000000000, RDX=0x0000000000010002
RSP=0x00007f03521f9900, RBP=0x00007f03521f9910, RSI=0x0000000000010002, RDI=0x0000000000000000
R8 =0x0000000000000000, R9 =0x0000000000000004, R10=0x00000000000001db, R11=0x00007f034f395ff0
R12=0x00007f03483b71a0, R13=0x0000000000000000, R14=0x0000000000000000, R15=0x00007f03483ee540
RIP=0x00007f034f396009, EFLAGS=0x0000000000010246, CSGSFS=0x0000000000000033, ERR=0x0000000000000004
  TRAPNO=0x000000000000000e

Top of Stack: (sp=0x00007f03521f9900)
0x00007f03521f9900:   0000000000000000 8492282d6a48a100
0x00007f03521f9910:   00007f03521f9950 00007f02cbd69f8e
0x00007f03521f9920:   00007f03483b75e0 00007f03483b71a0
0x00007f03521f9930:   0000000000000000 0000000000000000
0x00007f03521f9940:   00007f03483b71a0 00007f03483ee540
0x00007f03521f9950:   0000000000000000 00007f02cbaa0d2b
0x00007f03521f9960:   0000000000000000 00007f02cbd32d80
0x00007f03521f9970:   0000000000000000 00007f02cbab48e0
0x00007f03521f9980:   0000000000000002 0000003200000008
0x00007f03521f9990:   0000000000000000 0000000000000000
0x00007f03521f99a0:   0000006e0000005b 0000000000000000
0x00007f03521f99b0:   0000000000000000 0000007c00000077
0x00007f03521f99c0:   0073656d616e7370 0000000000000000
0x00007f03521f99d0:   0000000000766463 730064636c2d6874
0x00007f03521f99e0:   00000068746f6f6d 00007f0348000020
0x00007f03521f99f0:   0000000000000070 00007f03521f9aa4
0x00007f03521f9a00:   00007f03483b75e0 00007f03483ee540
0x00007f03521f9a10:   00007f03521f9aa4 00007f0351aa4184
0x00007f03521f9a20:   00007f02cbd37120 00007f03521f9a54
0x00007f03521f9a30:   00007f02cbd2f9e0 8492282d6a48a100
0x00007f03521f9a40:   0000000000000070 00007f03483b72b0
0x00007f03521f9a50:   00007f02cbd2f9e0 00007f03521f9b68
0x00007f03521f9a60:   00007f03483b75e0 00007f03483ee540
0x00007f03521f9a70:   00007f03483eea70 00007f02cbaa34c2
0x00007f03521f9a80:   0000000100000000 00007f03521f9b70
0x00007f03521f9a90:   0000000000000000 0000000000000000
0x00007f03521f9aa0:   00000000521f9b68 8492282d6a48a100
0x00007f03521f9ab0:   00007f03483b72b0 00007f03521f9b70
0x00007f03521f9ac0:   0000000000000000 00007f03483b7508
0x00007f03521f9ad0:   00007f03521f9d70 00007f03483b7468
0x00007f03521f9ae0:   00007f03483b75e0 00007f02cbaa5581
0x00007f03521f9af0:   00007f03521f9b70 00007f02cbaa5376 

Instructions: (pc=0x00007f034f396009)
0x00007f034f395fe9:   ff eb ea 0f 1f 40 00 55 89 f2 48 89 e5 48 83 ec
0x00007f034f395ff9:   10 64 48 8b 04 25 28 00 00 00 48 89 45 f8 31 c0
0x00007f034f396009:   48 8b 07 48 8d 75 f0 ff 50 30 48 8b 4d f8 64 48
0x00007f034f396019:   33 0c 25 28 00 00 00 48 8b 45 f0 75 02 c9 c3 e8 


---------------  P R O C E S S  ---------------

Java Threads: ( => current thread )
  0x00007f03483ab000 JavaThread "Image Fetcher 0" daemon [_thread_blocked, id=7659, stack(0x00007f02cb255000,0x00007f02cb356000)]
  0x00007f0348367800 JavaThread "AWT-XAWT" daemon [_thread_in_native, id=7658, stack(0x00007f02cb356000,0x00007f02cb457000)]
  0x00007f0348345800 JavaThread "Java2D Disposer" daemon [_thread_blocked, id=7657, stack(0x00007f0300020000,0x00007f0300121000)]
  0x00007f03482d7800 JavaThread "TimerQueue" daemon [_thread_blocked, id=7656, stack(0x00007f0300121000,0x00007f0300222000)]
  0x00007f03481d0800 JavaThread "Service Thread" daemon [_thread_blocked, id=7654, stack(0x00007f03019e7000,0x00007f0301ae8000)]
  0x00007f034819d000 JavaThread "Common-Cleaner" daemon [_thread_blocked, id=7653, stack(0x00007f03300e5000,0x00007f03301e6000)]
  0x00007f0348185800 JavaThread "Sweeper thread" daemon [_thread_blocked, id=7652, stack(0x00007f03303f9000,0x00007f03304fa000)]
  0x00007f0348183800 JavaThread "C1 CompilerThread2" daemon [_thread_blocked, id=7651, stack(0x00007f03304fa000,0x00007f03305fb000)]
  0x00007f0348181800 JavaThread "C2 CompilerThread1" daemon [_thread_in_native, id=7650, stack(0x00007f03305fb000,0x00007f03306fc000)]
  0x00007f0348180000 JavaThread "C2 CompilerThread0" daemon [_thread_blocked, id=7649, stack(0x00007f03306fc000,0x00007f03307fd000)]
  0x00007f034817b800 JavaThread "Signal Dispatcher" daemon [_thread_blocked, id=7648, stack(0x00007f03307fd000,0x00007f03308fe000)]
  0x00007f0348179800 JavaThread "Surrogate Locker Thread (Concurrent GC)" daemon [_thread_blocked, id=7647, stack(0x00007f03308fe000,0x00007f03309ff000)]
  0x00007f0348168000 JavaThread "Finalizer" daemon [_thread_blocked, id=7646, stack(0x00007f0330f4c000,0x00007f033104d000)]
  0x00007f0348164000 JavaThread "Reference Handler" daemon [_thread_blocked, id=7645, stack(0x00007f033104d000,0x00007f033114e000)]
=>0x00007f0348011000 JavaThread "main" [_thread_in_native, id=7632, stack(0x00007f03520fc000,0x00007f03521fd000)]

Other Threads:
  0x00007f034815a000 VMThread [stack: 0x00007f033114e000,0x00007f033124f000] [id=7644]
  0x00007f034825b800 WatcherThread [stack: 0x00007f03018e6000,0x00007f03019e7000] [id=7655]

Threads with active compile tasks:
C2 CompilerThread1 559       4       java.util.HashMap::putVal (300 bytes)

VM state:not at safepoint (normal execution)

VM Mutex/Monitor currently owned by a thread: None

heap address: 0x00000000e0e00000, size: 498 MB, Compressed Oops mode: 32-bit
Narrow klass base: 0x0000000000000000, Narrow klass shift: 3
Compressed class space size: 1073741824 Address: 0x0000000100000000

Heap:
 garbage-first heap   total 32768K, used 7168K [0x00000000e0e00000, 0x00000000e0f00100, 0x0000000100000000)
  region size 1024K, 7 young (7168K), 0 survivors (0K)
 Metaspace       used 11234K, capacity 11586K, committed 11776K, reserved 1058816K
  class space    used 1290K, capacity 1451K, committed 1536K, reserved 1048576K

Heap Regions: E=young(eden), S=young(survivor), O=old, HS=humongous(starts), HC=humongous(continues), CS=collection set, F=free, A=archive, TS=gc time stamp, AC=allocation context, TAMS=top-at-mark-start (previous, next)
|   0|0x00000000e0e00000, 0x00000000e0f00000, 0x00000000e0f00000|100%|HS|  |TS  0|AC  0|TAMS 0x00000000e0e00000, 0x00000000e0e00000|
|   1|0x00000000e0f00000, 0x00000000e0f00000, 0x00000000e1000000|  0%| F|  |TS  0|AC  0|TAMS 0x00000000e0f00000, 0x00000000e0f00000|
|   2|0x00000000e1000000, 0x00000000e1000000, 0x00000000e1100000|  0%| F|  |TS  0|AC  0|TAMS 0x00000000e1000000, 0x00000000e1000000|
|   3|0x00000000e1100000, 0x00000000e1100000, 0x00000000e1200000|  0%| F|  |TS  0|AC  0|TAMS 0x00000000e1100000, 0x00000000e1100000|
|   4|0x00000000e1200000, 0x00000000e1200000, 0x00000000e1300000|  0%| F|  |TS  0|AC  0|TAMS 0x00000000e1200000, 0x00000000e1200000|
|   5|0x00000000e1300000, 0x00000000e1300000, 0x00000000e1400000|  0%| F|  |TS  0|AC  0|TAMS 0x00000000e1300000, 0x00000000e1300000|
|   6|0x00000000e1400000, 0x00000000e1400000, 0x00000000e1500000|  0%| F|  |TS  0|AC  0|TAMS 0x00000000e1400000, 0x00000000e1400000|
|   7|0x00000000e1500000, 0x00000000e1500000, 0x00000000e1600000|  0%| F|  |TS  0|AC  0|TAMS 0x00000000e1500000, 0x00000000e1500000|
|   8|0x00000000e1600000, 0x00000000e1600000, 0x00000000e1700000|  0%| F|  |TS  0|AC  0|TAMS 0x00000000e1600000, 0x00000000e1600000|
|   9|0x00000000e1700000, 0x00000000e1700000, 0x00000000e1800000|  0%| F|  |TS  0|AC  0|TAMS 0x00000000e1700000, 0x00000000e1700000|
|  10|0x00000000e1800000, 0x00000000e1800000, 0x00000000e1900000|  0%| F|  |TS  0|AC  0|TAMS 0x00000000e1800000, 0x00000000e1800000|
|  11|0x00000000e1900000, 0x00000000e1900000, 0x00000000e1a00000|  0%| F|  |TS  0|AC  0|TAMS 0x00000000e1900000, 0x00000000e1900000|
|  12|0x00000000e1a00000, 0x00000000e1a00000, 0x00000000e1b00000|  0%| F|  |TS  0|AC  0|TAMS 0x00000000e1a00000, 0x00000000e1a00000|
|  13|0x00000000e1b00000, 0x00000000e1b00000, 0x00000000e1c00000|  0%| F|  |TS  0|AC  0|TAMS 0x00000000e1b00000, 0x00000000e1b00000|
|  14|0x00000000e1c00000, 0x00000000e1c00000, 0x00000000e1d00000|  0%| F|  |TS  0|AC  0|TAMS 0x00000000e1c00000, 0x00000000e1c00000|
|  15|0x00000000e1d00000, 0x00000000e1d00000, 0x00000000e1e00000|  0%| F|  |TS  0|AC  0|TAMS 0x00000000e1d00000, 0x00000000e1d00000|
|  16|0x00000000e1e00000, 0x00000000e1e00000, 0x00000000e1f00000|  0%| F|  |TS  0|AC  0|TAMS 0x00000000e1e00000, 0x00000000e1e00000|
|  17|0x00000000e1f00000, 0x00000000e1f00000, 0x00000000e2000000|  0%| F|  |TS  0|AC  0|TAMS 0x00000000e1f00000, 0x00000000e1f00000|
|  18|0x00000000e2000000, 0x00000000e2000000, 0x00000000e2100000|  0%| F|  |TS  0|AC  0|TAMS 0x00000000e2000000, 0x00000000e2000000|
|  19|0x00000000e2100000, 0x00000000e2100000, 0x00000000e2200000|  0%| F|  |TS  0|AC  0|TAMS 0x00000000e2100000, 0x00000000e2100000|
|  20|0x00000000e2200000, 0x00000000e2200000, 0x00000000e2300000|  0%| F|  |TS  0|AC  0|TAMS 0x00000000e2200000, 0x00000000e2200000|
|  21|0x00000000e2300000, 0x00000000e2300000, 0x00000000e2400000|  0%| F|  |TS  0|AC  0|TAMS 0x00000000e2300000, 0x00000000e2300000|
|  22|0x00000000e2400000, 0x00000000e2400000, 0x00000000e2500000|  0%| F|  |TS  0|AC  0|TAMS 0x00000000e2400000, 0x00000000e2400000|
|  23|0x00000000e2500000, 0x00000000e2500000, 0x00000000e2600000|  0%| F|  |TS  0|AC  0|TAMS 0x00000000e2500000, 0x00000000e2500000|
|  24|0x00000000e2600000, 0x00000000e2600000, 0x00000000e2700000|  0%| F|  |TS  0|AC  0|TAMS 0x00000000e2600000, 0x00000000e2600000|
|  25|0x00000000e2700000, 0x00000000e27fdb18, 0x00000000e2800000| 99%| E|  |TS  0|AC  0|TAMS 0x00000000e2700000, 0x00000000e2700000|
|  26|0x00000000e2800000, 0x00000000e2900000, 0x00000000e2900000|100%| E|CS|TS  0|AC  0|TAMS 0x00000000e2800000, 0x00000000e2800000|
|  27|0x00000000e2900000, 0x00000000e2a00000, 0x00000000e2a00000|100%| E|CS|TS  0|AC  0|TAMS 0x00000000e2900000, 0x00000000e2900000|
|  28|0x00000000e2a00000, 0x00000000e2b00000, 0x00000000e2b00000|100%| E|CS|TS  0|AC  0|TAMS 0x00000000e2a00000, 0x00000000e2a00000|
|  29|0x00000000e2b00000, 0x00000000e2c00000, 0x00000000e2c00000|100%| E|CS|TS  0|AC  0|TAMS 0x00000000e2b00000, 0x00000000e2b00000|
|  30|0x00000000e2c00000, 0x00000000e2d00000, 0x00000000e2d00000|100%| E|CS|TS  0|AC  0|TAMS 0x00000000e2c00000, 0x00000000e2c00000|
|  31|0x00000000e2d00000, 0x00000000e2e00000, 0x00000000e2e00000|100%| E|CS|TS  0|AC  0|TAMS 0x00000000e2d00000, 0x00000000e2d00000|

Card table byte_map: [0x00007f034d55d000,0x00007f034d656000] byte_map_base: 0x00007f034ce56000

Marking Bits (Prev, Next): (CMBitMap*) 0x00007f0348042650, (CMBitMap*) 0x00007f03480426a8
 Prev Bits: [0x00007f034cc9c000, 0x00007f034d464000)
 Next Bits: [0x00007f034c4d4000, 0x00007f034cc9c000)

Polling page: 0x00007f035221b000

CodeHeap 'non-nmethods': size=5696Kb used=1256Kb max_used=1260Kb free=4439Kb
 bounds [0x00007f0331c51000, 0x00007f0331ec1000, 0x00007f03321e1000]
CodeHeap 'profiled nmethods': size=120032Kb used=972Kb max_used=972Kb free=119059Kb
 bounds [0x00007f03321e1000, 0x00007f0332451000, 0x00007f0339719000]
CodeHeap 'non-profiled nmethods': size=120032Kb used=176Kb max_used=176Kb free=119856Kb
 bounds [0x00007f0339719000, 0x00007f0339989000, 0x00007f0340c51000]
 total_blobs=1275 nmethods=616 adapters=440
 compilation: enabled

Compilation events (10 events):
Event: 2.306 Thread 0x00007f0348183800 nmethod 611 0x00007f0339744390 code [0x00007f0339744500, 0x00007f0339744610]
Event: 2.306 Thread 0x00007f0348183800  613       1       javax.swing.text.html.CSS$Attribute::isInherited (5 bytes)
Event: 2.306 Thread 0x00007f0348183800 nmethod 613 0x00007f0339744690 code [0x00007f0339744800, 0x00007f0339744910]
Event: 2.318 Thread 0x00007f0348183800  615       3       java.nio.HeapByteBuffer::_get (7 bytes)
Event: 2.319 Thread 0x00007f0348183800 nmethod 615 0x00007f03322cf990 code [0x00007f03322cfb00, 0x00007f03322cfc70]
Event: 2.319 Thread 0x00007f0348183800  616       3       java.lang.Thread::isInterrupted (6 bytes)
Event: 2.319 Thread 0x00007f0348183800 nmethod 616 0x00007f03322cfd90 code [0x00007f03322cff20, 0x00007f03322d00a8]
Event: 2.322 Thread 0x00007f0348183800  617       1       java.nio.Buffer::position (5 bytes)
Event: 2.322 Thread 0x00007f0348183800 nmethod 617 0x00007f0339744d10 code [0x00007f0339744e80, 0x00007f0339744f90]
Event: 2.323 Thread 0x00007f0348183800  618   !   3       java.lang.StringCoding::decode (167 bytes)

GC Heap History (0 events):
No events

Deoptimization events (10 events):
Event: 2.137 Thread 0x00007f0348011000 Uncommon trap: reason=class_check action=maybe_recompile pc=0x00007f0339723944 method=java.util.HashMap.putVal(ILjava/lang/Object;Ljava/lang/Object;ZZ)Ljava/lang/Object; @ 91
Event: 2.155 Thread 0x00007f0348011000 Uncommon trap: reason=class_check action=maybe_recompile pc=0x00007f033973f0b8 method=javax.swing.text.html.CSSParser.readChar()I @ 21
Event: 2.155 Thread 0x00007f0348011000 Uncommon trap: reason=class_check action=maybe_recompile pc=0x00007f033973f0b8 method=javax.swing.text.html.CSSParser.readChar()I @ 21
Event: 2.155 Thread 0x00007f0348011000 Uncommon trap: reason=class_check action=maybe_recompile pc=0x00007f033973f0b8 method=javax.swing.text.html.CSSParser.readChar()I @ 21
Event: 2.155 Thread 0x00007f0348011000 Uncommon trap: reason=class_check action=maybe_recompile pc=0x00007f033973f0b8 method=javax.swing.text.html.CSSParser.readChar()I @ 21
Event: 2.174 Thread 0x00007f0348011000 Uncommon trap: reason=unstable_if action=reinterpret pc=0x00007f0339740e0c method=java.lang.StringUTF16.compress([CI[BII)I @ 20
Event: 2.254 Thread 0x00007f0348011000 Uncommon trap: reason=class_check action=maybe_recompile pc=0x00007f0339742bb8 method=java.lang.String.equals(Ljava/lang/Object;)Z @ 8
Event: 2.259 Thread 0x00007f0348011000 Uncommon trap: reason=class_check action=maybe_recompile pc=0x00007f0339742bb8 method=java.lang.String.equals(Ljava/lang/Object;)Z @ 8
Event: 2.263 Thread 0x00007f0348011000 Uncommon trap: reason=class_check action=maybe_recompile pc=0x00007f0339742bb8 method=java.lang.String.equals(Ljava/lang/Object;)Z @ 8
Event: 2.269 Thread 0x00007f0348011000 Uncommon trap: reason=class_check action=maybe_recompile pc=0x00007f0339742bb8 method=java.lang.String.equals(Ljava/lang/Object;)Z @ 8

Classes redefined (0 events):
No events

Internal exceptions (7 events):
Event: 0.871 Thread 0x00007f0348011000 Exception <a 'java/lang/ClassNotFoundException': sun/awt/resources/awtProvider> (0x00000000e2b59dd0) thrown at [/build/openjdk-9-argm_o/openjdk-9-9~b114/src/hotspot/src/share/vm/classfile/systemDictionary.cpp, line 224]
Event: 0.941 Thread 0x00007f0348011000 Exception <a 'java/io/FileNotFoundException'> (0x00000000e2b99d18) thrown at [/build/openjdk-9-argm_o/openjdk-9-9~b114/src/hotspot/src/share/vm/prims/jni.cpp, line 605]
Event: 0.946 Thread 0x00007f0348011000 Exception <a 'java/io/FileNotFoundException'> (0x00000000e2ba1dd8) thrown at [/build/openjdk-9-argm_o/openjdk-9-9~b114/src/hotspot/src/share/vm/prims/jni.cpp, line 605]
Event: 1.601 Thread 0x00007f0348011000 Exception <a 'java/lang/ClassNotFoundException': com/sun/swing/internal/plaf/metal/resources/metalProvider> (0x00000000e2985ca8) thrown at [/build/openjdk-9-argm_o/openjdk-9-9~b114/src/hotspot/src/share/vm/classfile/systemDictionary.cpp, line 224]
Event: 1.607 Thread 0x00007f0348011000 Exception <a 'java/lang/ClassNotFoundException': com/sun/swing/internal/plaf/basic/resources/basicProvider> (0x00000000e298a4b8) thrown at [/build/openjdk-9-argm_o/openjdk-9-9~b114/src/hotspot/src/share/vm/classfile/systemDictionary.cpp, line 224]
Event: 1.661 Thread 0x00007f0348011000 Implicit null exception at 0x00007f0339724638 to 0x00007f03397246c6
Event: 1.701 Thread 0x00007f0348011000 Implicit null exception at 0x00007f033971c48f to 0x00007f033971c4f9

Events (10 events):
Event: 2.322 loading class sun/nio/cs/UTF_16$Decoder
Event: 2.322 loading class sun/nio/cs/UnicodeDecoder
Event: 2.323 loading class sun/nio/cs/UnicodeDecoder done
Event: 2.323 loading class sun/nio/cs/UTF_16$Decoder done
Event: 2.325 loading class sun/font/FileFontStrike
Event: 2.326 loading class sun/font/FileFontStrike done
Event: 2.327 loading class sun/font/FontScaler
Event: 2.327 loading class sun/font/FontScaler done
Event: 2.328 loading class sun/font/FreetypeFontScaler
Event: 2.328 loading class sun/font/FreetypeFontScaler done


Dynamic libraries:
00400000-00401000 r-xp 00000000 08:05 662767                             /usr/lib/jvm/java-9-openjdk-amd64/bin/java
00600000-00601000 r--p 00000000 08:05 662767                             /usr/lib/jvm/java-9-openjdk-amd64/bin/java
00601000-00602000 rw-p 00001000 08:05 662767                             /usr/lib/jvm/java-9-openjdk-amd64/bin/java
008a9000-008ca000 rw-p 00000000 00:00 0                                  [heap]
e0e00000-e2e00000 rw-p 00000000 00:00 0 
e2e00000-100000000 ---p 00000000 00:00 0 
100000000-100180000 rw-p 00000000 00:00 0 
100180000-140000000 ---p 00000000 00:00 0 
7f02bc000000-7f02bc021000 rw-p 00000000 00:00 0 
7f02bc021000-7f02c0000000 ---p 00000000 00:00 0 
7f02c0000000-7f02c0021000 rw-p 00000000 00:00 0 
7f02c0021000-7f02c4000000 ---p 00000000 00:00 0 
7f02c4000000-7f02c4021000 rw-p 00000000 00:00 0 
7f02c4021000-7f02c8000000 ---p 00000000 00:00 0 
7f02cb055000-7f02cb255000 rw-p 00000000 00:00 0 
7f02cb255000-7f02cb259000 ---p 00000000 00:00 0 
7f02cb259000-7f02cb356000 rw-p 00000000 00:00 0 
7f02cb356000-7f02cb35a000 ---p 00000000 00:00 0 
7f02cb35a000-7f02cb457000 rw-p 00000000 00:00 0 
7f02cb457000-7f02cb45c000 r-xp 00000000 08:05 663983                     /usr/lib/x86_64-linux-gnu/libXfixes.so.3.1.0
7f02cb45c000-7f02cb65b000 ---p 00005000 08:05 663983                     /usr/lib/x86_64-linux-gnu/libXfixes.so.3.1.0
7f02cb65b000-7f02cb65c000 r--p 00004000 08:05 663983                     /usr/lib/x86_64-linux-gnu/libXfixes.so.3.1.0
7f02cb65c000-7f02cb65d000 rw-p 00005000 08:05 663983                     /usr/lib/x86_64-linux-gnu/libXfixes.so.3.1.0
7f02cb65d000-7f02cb666000 r-xp 00000000 08:05 663975                     /usr/lib/x86_64-linux-gnu/libXcursor.so.1.0.2
7f02cb666000-7f02cb865000 ---p 00009000 08:05 663975                     /usr/lib/x86_64-linux-gnu/libXcursor.so.1.0.2
7f02cb865000-7f02cb866000 r--p 00008000 08:05 663975                     /usr/lib/x86_64-linux-gnu/libXcursor.so.1.0.2
7f02cb866000-7f02cb867000 rw-p 00009000 08:05 663975                     /usr/lib/x86_64-linux-gnu/libXcursor.so.1.0.2
7f02cb867000-7f02cb88b000 r-xp 00000000 08:05 266871                     /lib/x86_64-linux-gnu/libpng12.so.0.54.0
7f02cb88b000-7f02cba8a000 ---p 00024000 08:05 266871                     /lib/x86_64-linux-gnu/libpng12.so.0.54.0
7f02cba8a000-7f02cba8b000 r--p 00023000 08:05 266871                     /lib/x86_64-linux-gnu/libpng12.so.0.54.0
7f02cba8b000-7f02cba8c000 rw-p 00024000 08:05 266871                     /lib/x86_64-linux-gnu/libpng12.so.0.54.0
7f02cba8c000-7f02cbb30000 r-xp 00000000 08:05 656930                     /usr/lib/x86_64-linux-gnu/libfreetype.so.6.12.1
7f02cbb30000-7f02cbd2f000 ---p 000a4000 08:05 656930                     /usr/lib/x86_64-linux-gnu/libfreetype.so.6.12.1
7f02cbd2f000-7f02cbd35000 r--p 000a3000 08:05 656930                     /usr/lib/x86_64-linux-gnu/libfreetype.so.6.12.1
7f02cbd35000-7f02cbd36000 rw-p 000a9000 08:05 656930                     /usr/lib/x86_64-linux-gnu/libfreetype.so.6.12.1
7f02cbd36000-7f02cbdfc000 r-xp 00000000 08:05 662787                     /usr/lib/jvm/java-9-openjdk-amd64/lib/amd64/libfontmanager.so
7f02cbdfc000-7f02cbffb000 ---p 000c6000 08:05 662787                     /usr/lib/jvm/java-9-openjdk-amd64/lib/amd64/libfontmanager.so
7f02cbffb000-7f02cbffe000 r--p 000c5000 08:05 662787                     /usr/lib/jvm/java-9-openjdk-amd64/lib/amd64/libfontmanager.so
7f02cbffe000-7f02cbfff000 rw-p 000c8000 08:05 662787                     /usr/lib/jvm/java-9-openjdk-amd64/lib/amd64/libfontmanager.so
7f02cbfff000-7f02cc000000 rw-p 00000000 00:00 0 
7f02cc000000-7f02cc021000 rw-p 00000000 00:00 0 
7f02cc021000-7f02d0000000 ---p 00000000 00:00 0 
7f02d0000000-7f02d0021000 rw-p 00000000 00:00 0 
7f02d0021000-7f02d4000000 ---p 00000000 00:00 0 
7f02d4000000-7f02d4021000 rw-p 00000000 00:00 0 
7f02d4021000-7f02d8000000 ---p 00000000 00:00 0 
7f02d8000000-7f02d8021000 rw-p 00000000 00:00 0 
7f02d8021000-7f02dc000000 ---p 00000000 00:00 0 
7f02dc000000-7f02dc122000 rw-p 00000000 00:00 0 
7f02dc122000-7f02e0000000 ---p 00000000 00:00 0 
7f02e0000000-7f02e0021000 rw-p 00000000 00:00 0 
7f02e0021000-7f02e4000000 ---p 00000000 00:00 0 
7f02e4000000-7f02e427c000 rw-p 00000000 00:00 0 
7f02e427c000-7f02e8000000 ---p 00000000 00:00 0 
7f02e8000000-7f02e8261000 rw-p 00000000 00:00 0 
7f02e8261000-7f02ec000000 ---p 00000000 00:00 0 
7f02ec000000-7f02ec021000 rw-p 00000000 00:00 0 
7f02ec021000-7f02f0000000 ---p 00000000 00:00 0 
7f02f0000000-7f02f0021000 rw-p 00000000 00:00 0 
7f02f0021000-7f02f4000000 ---p 00000000 00:00 0 
7f02f4000000-7f02f4021000 rw-p 00000000 00:00 0 
7f02f4021000-7f02f8000000 ---p 00000000 00:00 0 
7f02f8000000-7f02f8021000 rw-p 00000000 00:00 0 
7f02f8021000-7f02fc000000 ---p 00000000 00:00 0 
7f02fc000000-7f02fc021000 rw-p 00000000 00:00 0 
7f02fc021000-7f0300000000 ---p 00000000 00:00 0 
7f0300020000-7f0300024000 ---p 00000000 00:00 0 
7f0300024000-7f0300121000 rw-p 00000000 00:00 0 
7f0300121000-7f0300125000 ---p 00000000 00:00 0 
7f0300125000-7f0300222000 rw-p 00000000 00:00 0 
7f0300222000-7f0300227000 r-xp 00000000 08:05 663979                     /usr/lib/x86_64-linux-gnu/libXdmcp.so.6.0.0
7f0300227000-7f0300426000 ---p 00005000 08:05 663979                     /usr/lib/x86_64-linux-gnu/libXdmcp.so.6.0.0
7f0300426000-7f0300427000 r--p 00004000 08:05 663979                     /usr/lib/x86_64-linux-gnu/libXdmcp.so.6.0.0
7f0300427000-7f0300428000 rw-p 00005000 08:05 663979                     /usr/lib/x86_64-linux-gnu/libXdmcp.so.6.0.0
7f0300428000-7f030042a000 r-xp 00000000 08:05 663968                     /usr/lib/x86_64-linux-gnu/libXau.so.6.0.0
7f030042a000-7f030062a000 ---p 00002000 08:05 663968                     /usr/lib/x86_64-linux-gnu/libXau.so.6.0.0
7f030062a000-7f030062b000 r--p 00002000 08:05 663968                     /usr/lib/x86_64-linux-gnu/libXau.so.6.0.0
7f030062b000-7f030062c000 rw-p 00003000 08:05 663968                     /usr/lib/x86_64-linux-gnu/libXau.so.6.0.0
7f030062c000-7f030064d000 r-xp 00000000 08:05 665346                     /usr/lib/x86_64-linux-gnu/libxcb.so.1.1.0
7f030064d000-7f030084c000 ---p 00021000 08:05 665346                     /usr/lib/x86_64-linux-gnu/libxcb.so.1.1.0
7f030084c000-7f030084d000 r--p 00020000 08:05 665346                     /usr/lib/x86_64-linux-gnu/libxcb.so.1.1.0
7f030084d000-7f030084e000 rw-p 00021000 08:05 665346                     /usr/lib/x86_64-linux-gnu/libxcb.so.1.1.0
7f030084e000-7f030085d000 r-xp 00000000 08:05 663989                     /usr/lib/x86_64-linux-gnu/libXi.so.6.1.0
7f030085d000-7f0300a5c000 ---p 0000f000 08:05 663989                     /usr/lib/x86_64-linux-gnu/libXi.so.6.1.0
7f0300a5c000-7f0300a5d000 r--p 0000e000 08:05 663989                     /usr/lib/x86_64-linux-gnu/libXi.so.6.1.0
7f0300a5d000-7f0300a5e000 rw-p 0000f000 08:05 663989                     /usr/lib/x86_64-linux-gnu/libXi.so.6.1.0
7f0300a5e000-7f0300a63000 r-xp 00000000 08:05 664007                     /usr/lib/x86_64-linux-gnu/libXtst.so.6.1.0
7f0300a63000-7f0300c62000 ---p 00005000 08:05 664007                     /usr/lib/x86_64-linux-gnu/libXtst.so.6.1.0
7f0300c62000-7f0300c63000 r--p 00004000 08:05 664007                     /usr/lib/x86_64-linux-gnu/libXtst.so.6.1.0
7f0300c63000-7f0300c64000 rw-p 00005000 08:05 664007                     /usr/lib/x86_64-linux-gnu/libXtst.so.6.1.0
7f0300c64000-7f0300c6d000 r-xp 00000000 08:05 664001                     /usr/lib/x86_64-linux-gnu/libXrender.so.1.3.0
7f0300c6d000-7f0300e6c000 ---p 00009000 08:05 664001                     /usr/lib/x86_64-linux-gnu/libXrender.so.1.3.0
7f0300e6c000-7f0300e6d000 r--p 00008000 08:05 664001                     /usr/lib/x86_64-linux-gnu/libXrender.so.1.3.0
7f0300e6d000-7f0300e6e000 rw-p 00009000 08:05 664001                     /usr/lib/x86_64-linux-gnu/libXrender.so.1.3.0
7f0300e6e000-7f0300fa3000 r-xp 00000000 08:05 663964                     /usr/lib/x86_64-linux-gnu/libX11.so.6.3.0
7f0300fa3000-7f03011a3000 ---p 00135000 08:05 663964                     /usr/lib/x86_64-linux-gnu/libX11.so.6.3.0
7f03011a3000-7f03011a4000 r--p 00135000 08:05 663964                     /usr/lib/x86_64-linux-gnu/libX11.so.6.3.0
7f03011a4000-7f03011a8000 rw-p 00136000 08:05 663964                     /usr/lib/x86_64-linux-gnu/libX11.so.6.3.0
7f03011a8000-7f03011b9000 r-xp 00000000 08:05 663981                     /usr/lib/x86_64-linux-gnu/libXext.so.6.4.0
7f03011b9000-7f03013b8000 ---p 00011000 08:05 663981                     /usr/lib/x86_64-linux-gnu/libXext.so.6.4.0
7f03013b8000-7f03013b9000 r--p 00010000 08:05 663981                     /usr/lib/x86_64-linux-gnu/libXext.so.6.4.0
7f03013b9000-7f03013ba000 rw-p 00011000 08:05 663981                     /usr/lib/x86_64-linux-gnu/libXext.so.6.4.0
7f03013ba000-7f0301411000 r-xp 00000000 08:05 662814                     /usr/lib/jvm/java-9-openjdk-amd64/lib/amd64/libawt_xawt.so
7f0301411000-7f0301611000 ---p 00057000 08:05 662814                     /usr/lib/jvm/java-9-openjdk-amd64/lib/amd64/libawt_xawt.so
7f0301611000-7f0301612000 r--p 00057000 08:05 662814                     /usr/lib/jvm/java-9-openjdk-amd64/lib/amd64/libawt_xawt.so
7f0301612000-7f0301615000 rw-p 00058000 08:05 662814                     /usr/lib/jvm/java-9-openjdk-amd64/lib/amd64/libawt_xawt.so
7f0301615000-7f0301616000 rw-p 00000000 00:00 0 
7f0301616000-7f03016b6000 r-xp 00000000 08:05 662786                     /usr/lib/jvm/java-9-openjdk-amd64/lib/amd64/libawt.so
7f03016b6000-7f03018b5000 ---p 000a0000 08:05 662786                     /usr/lib/jvm/java-9-openjdk-amd64/lib/amd64/libawt.so
7f03018b5000-7f03018b6000 r--p 0009f000 08:05 662786                     /usr/lib/jvm/java-9-openjdk-amd64/lib/amd64/libawt.so
7f03018b6000-7f03018c1000 rw-p 000a0000 08:05 662786                     /usr/lib/jvm/java-9-openjdk-amd64/lib/amd64/libawt.so
7f03018c1000-7f03018e6000 rw-p 00000000 00:00 0 
7f03018e6000-7f03018e7000 ---p 00000000 00:00 0 
7f03018e7000-7f03019e7000 rw-p 00000000 00:00 0 
7f03019e7000-7f03019eb000 ---p 00000000 00:00 0 
7f03019eb000-7f0301de9000 rw-p 00000000 00:00 0 
7f0301de9000-7f0301dff000 r-xp 00000000 08:05 662788                     /usr/lib/jvm/java-9-openjdk-amd64/lib/amd64/libnet.so
7f0301dff000-7f0301ffe000 ---p 00016000 08:05 662788                     /usr/lib/jvm/java-9-openjdk-amd64/lib/amd64/libnet.so
7f0301ffe000-7f0301fff000 r--p 00015000 08:05 662788                     /usr/lib/jvm/java-9-openjdk-amd64/lib/amd64/libnet.so
7f0301fff000-7f0302000000 rw-p 00016000 08:05 662788                     /usr/lib/jvm/java-9-openjdk-amd64/lib/amd64/libnet.so
7f0302000000-7f0304000000 rw-p 00000000 00:00 0 
7f0304000000-7f0304021000 rw-p 00000000 00:00 0 
7f0304021000-7f0308000000 ---p 00000000 00:00 0 
7f0308000000-7f0308021000 rw-p 00000000 00:00 0 
7f0308021000-7f030c000000 ---p 00000000 00:00 0 
7f030c000000-7f030c021000 rw-p 00000000 00:00 0 
7f030c021000-7f0310000000 ---p 00000000 00:00 0 
7f0310000000-7f0310021000 rw-p 00000000 00:00 0 
7f0310021000-7f0314000000 ---p 00000000 00:00 0 
7f0314000000-7f0314021000 rw-p 00000000 00:00 0 
7f0314021000-7f0318000000 ---p 00000000 00:00 0 
7f0318000000-7f0318021000 rw-p 00000000 00:00 0 
7f0318021000-7f031c000000 ---p 00000000 00:00 0 
7f031c000000-7f031c021000 rw-p 00000000 00:00 0 
7f031c021000-7f0320000000 ---p 00000000 00:00 0 
7f0320000000-7f0320021000 rw-p 00000000 00:00 0 
7f0320021000-7f0324000000 ---p 00000000 00:00 0 
7f0324000000-7f0324021000 rw-p 00000000 00:00 0 
7f0324021000-7f0328000000 ---p 00000000 00:00 0 
7f0328000000-7f0328021000 rw-p 00000000 00:00 0 
7f0328021000-7f032c000000 ---p 00000000 00:00 0 
7f032c000000-7f032c021000 rw-p 00000000 00:00 0 
7f032c021000-7f0330000000 ---p 00000000 00:00 0 
7f03300e5000-7f03300e9000 ---p 00000000 00:00 0 
7f03300e9000-7f03301e6000 rw-p 00000000 00:00 0 
7f03301e6000-7f03301f7000 r-xp 00000000 08:05 662815                     /usr/lib/jvm/java-9-openjdk-amd64/lib/amd64/libnio.so
7f03301f7000-7f03303f7000 ---p 00011000 08:05 662815                     /usr/lib/jvm/java-9-openjdk-amd64/lib/amd64/libnio.so
7f03303f7000-7f03303f8000 r--p 00011000 08:05 662815                     /usr/lib/jvm/java-9-openjdk-amd64/lib/amd64/libnio.so
7f03303f8000-7f03303f9000 rw-p 00012000 08:05 662815                     /usr/lib/jvm/java-9-openjdk-amd64/lib/amd64/libnio.so
7f03303f9000-7f03303fd000 ---p 00000000 00:00 0 
7f03303fd000-7f03304fa000 rw-p 00000000 00:00 0 
7f03304fa000-7f03304fe000 ---p 00000000 00:00 0 
7f03304fe000-7f03305fb000 rw-p 00000000 00:00 0 
7f03305fb000-7f03305ff000 ---p 00000000 00:00 0 
7f03305ff000-7f03306fc000 rw-p 00000000 00:00 0 
7f03306fc000-7f0330700000 ---p 00000000 00:00 0 
7f0330700000-7f03307fd000 rw-p 00000000 00:00 0 
7f03307fd000-7f0330801000 ---p 00000000 00:00 0 
7f0330801000-7f03308fe000 rw-p 00000000 00:00 0 
7f03308fe000-7f0330902000 ---p 00000000 00:00 0 
7f0330902000-7f03309ff000 rw-p 00000000 00:00 0 
7f03309ff000-7f0330f4c000 r--p 00000000 08:05 656853                     /usr/lib/locale/locale-archive
7f0330f4c000-7f0330f50000 ---p 00000000 00:00 0 
7f0330f50000-7f033104d000 rw-p 00000000 00:00 0 
7f033104d000-7f0331051000 ---p 00000000 00:00 0 
7f0331051000-7f033114e000 rw-p 00000000 00:00 0 
7f033114e000-7f033114f000 ---p 00000000 00:00 0 
7f033114f000-7f0331a4f000 rw-p 00000000 00:00 0 
7f0331a4f000-7f0331c51000 rw-p 00000000 00:00 0 
7f0331c51000-7f0331ec1000 rwxp 00000000 00:00 0 
7f0331ec1000-7f03321e1000 ---p 00000000 00:00 0 
7f03321e1000-7f0332451000 rwxp 00000000 00:00 0 
7f0332451000-7f0339719000 ---p 00000000 00:00 0 
7f0339719000-7f0339989000 rwxp 00000000 00:00 0 
7f0339989000-7f0340c51000 ---p 00000000 00:00 0 
7f0340c51000-7f0348000000 r--s 00000000 08:05 662772                     /usr/lib/jvm/java-9-openjdk-amd64/lib/modules
7f0348000000-7f0348404000 rw-p 00000000 00:00 0 
7f0348404000-7f034c000000 ---p 00000000 00:00 0 
7f034c05a000-7f034c2d2000 rw-p 00000000 00:00 0 
7f034c2d2000-7f034c2d3000 ---p 00000000 00:00 0 
7f034c2d3000-7f034c3d3000 rw-p 00000000 00:00 0 
7f034c3d3000-7f034c3d4000 ---p 00000000 00:00 0 
7f034c3d4000-7f034c554000 rw-p 00000000 00:00 0 
7f034c554000-7f034cc9c000 ---p 00000000 00:00 0 
7f034cc9c000-7f034cd1c000 rw-p 00000000 00:00 0 
7f034cd1c000-7f034d464000 ---p 00000000 00:00 0 
7f034d464000-7f034d474000 rw-p 00000000 00:00 0 
7f034d474000-7f034d55d000 ---p 00000000 00:00 0 
7f034d55d000-7f034d56d000 rw-p 00000000 00:00 0 
7f034d56d000-7f034d74f000 ---p 00000000 00:00 0 
7f034d74f000-7f034d75f000 rw-p 00000000 00:00 0 
7f034d75f000-7f034d848000 ---p 00000000 00:00 0 
7f034d848000-7f034d849000 ---p 00000000 00:00 0 
7f034d849000-7f034d949000 rw-p 00000000 00:00 0 
7f034d949000-7f034d94a000 ---p 00000000 00:00 0 
7f034d94a000-7f034da4a000 rw-p 00000000 00:00 0 
7f034da4a000-7f034da4b000 ---p 00000000 00:00 0 
7f034da4b000-7f034db4b000 rw-p 00000000 00:00 0 
7f034db4b000-7f034db4c000 ---p 00000000 00:00 0 
7f034db4c000-7f034dc4c000 rw-p 00000000 00:00 0 
7f034dc4c000-7f034dc4d000 ---p 00000000 00:00 0 
7f034dc4d000-7f034e151000 rw-p 00000000 00:00 0 
7f034e151000-7f034e152000 ---p 00000000 00:00 0 
7f034e152000-7f034e252000 rw-p 00000000 00:00 0 
7f034e252000-7f034e253000 ---p 00000000 00:00 0 
7f034e253000-7f034e353000 rw-p 00000000 00:00 0 
7f034e353000-7f034e354000 ---p 00000000 00:00 0 
7f034e354000-7f034e454000 rw-p 00000000 00:00 0 
7f034e454000-7f034e455000 ---p 00000000 00:00 0 
7f034e455000-7f034e55a000 rw-p 00000000 00:00 0 
7f034e55a000-7f034e640000 ---p 00000000 00:00 0 
7f034e640000-7f034e645000 rw-p 00000000 00:00 0 
7f034e645000-7f034e72b000 ---p 00000000 00:00 0 
7f034e72b000-7f034e730000 r-xp 00000000 08:05 662802                     /usr/lib/jvm/java-9-openjdk-amd64/lib/amd64/libjimage.so
7f034e730000-7f034e92f000 ---p 00005000 08:05 662802                     /usr/lib/jvm/java-9-openjdk-amd64/lib/amd64/libjimage.so
7f034e92f000-7f034e930000 r--p 00004000 08:05 662802                     /usr/lib/jvm/java-9-openjdk-amd64/lib/amd64/libjimage.so
7f034e930000-7f034e931000 rw-p 00005000 08:05 662802                     /usr/lib/jvm/java-9-openjdk-amd64/lib/amd64/libjimage.so
7f034e931000-7f034e938000 r-xp 00000000 08:05 662798                     /usr/lib/jvm/java-9-openjdk-amd64/lib/amd64/libzip.so
7f034e938000-7f034eb37000 ---p 00007000 08:05 662798                     /usr/lib/jvm/java-9-openjdk-amd64/lib/amd64/libzip.so
7f034eb37000-7f034eb38000 r--p 00006000 08:05 662798                     /usr/lib/jvm/java-9-openjdk-amd64/lib/amd64/libzip.so
7f034eb38000-7f034eb39000 rw-p 00007000 08:05 662798                     /usr/lib/jvm/java-9-openjdk-amd64/lib/amd64/libzip.so
7f034eb39000-7f034eb44000 r-xp 00000000 08:05 262227                     /lib/x86_64-linux-gnu/libnss_files-2.23.so
7f034eb44000-7f034ed43000 ---p 0000b000 08:05 262227                     /lib/x86_64-linux-gnu/libnss_files-2.23.so
7f034ed43000-7f034ed44000 r--p 0000a000 08:05 262227                     /lib/x86_64-linux-gnu/libnss_files-2.23.so
7f034ed44000-7f034ed45000 rw-p 0000b000 08:05 262227                     /lib/x86_64-linux-gnu/libnss_files-2.23.so
7f034ed45000-7f034ed4b000 rw-p 00000000 00:00 0 
7f034ed4b000-7f034ed56000 r-xp 00000000 08:05 262230                     /lib/x86_64-linux-gnu/libnss_nis-2.23.so
7f034ed56000-7f034ef55000 ---p 0000b000 08:05 262230                     /lib/x86_64-linux-gnu/libnss_nis-2.23.so
7f034ef55000-7f034ef56000 r--p 0000a000 08:05 262230                     /lib/x86_64-linux-gnu/libnss_nis-2.23.so
7f034ef56000-7f034ef57000 rw-p 0000b000 08:05 262230                     /lib/x86_64-linux-gnu/libnss_nis-2.23.so
7f034ef57000-7f034ef6d000 r-xp 00000000 08:05 262149                     /lib/x86_64-linux-gnu/libnsl-2.23.so
7f034ef6d000-7f034f16c000 ---p 00016000 08:05 262149                     /lib/x86_64-linux-gnu/libnsl-2.23.so
7f034f16c000-7f034f16d000 r--p 00015000 08:05 262149                     /lib/x86_64-linux-gnu/libnsl-2.23.so
7f034f16d000-7f034f16e000 rw-p 00016000 08:05 262149                     /lib/x86_64-linux-gnu/libnsl-2.23.so
7f034f16e000-7f034f170000 rw-p 00000000 00:00 0 
7f034f170000-7f034f178000 r-xp 00000000 08:05 262236                     /lib/x86_64-linux-gnu/libnss_compat-2.23.so
7f034f178000-7f034f377000 ---p 00008000 08:05 262236                     /lib/x86_64-linux-gnu/libnss_compat-2.23.so
7f034f377000-7f034f378000 r--p 00007000 08:05 262236                     /lib/x86_64-linux-gnu/libnss_compat-2.23.so
7f034f378000-7f034f379000 rw-p 00008000 08:05 262236                     /lib/x86_64-linux-gnu/libnss_compat-2.23.so
7f034f379000-7f034f3a4000 r-xp 00000000 08:05 662781                     /usr/lib/jvm/java-9-openjdk-amd64/lib/amd64/libjava.so
7f034f3a4000-7f034f5a3000 ---p 0002b000 08:05 662781                     /usr/lib/jvm/java-9-openjdk-amd64/lib/amd64/libjava.so
7f034f5a3000-7f034f5a4000 r--p 0002a000 08:05 662781                     /usr/lib/jvm/java-9-openjdk-amd64/lib/amd64/libjava.so
7f034f5a4000-7f034f5a6000 rw-p 0002b000 08:05 662781                     /usr/lib/jvm/java-9-openjdk-amd64/lib/amd64/libjava.so
7f034f5a6000-7f034f5b3000 r-xp 00000000 08:05 662782                     /usr/lib/jvm/java-9-openjdk-amd64/lib/amd64/libverify.so
7f034f5b3000-7f034f7b2000 ---p 0000d000 08:05 662782                     /usr/lib/jvm/java-9-openjdk-amd64/lib/amd64/libverify.so
7f034f7b2000-7f034f7b4000 r--p 0000c000 08:05 662782                     /usr/lib/jvm/java-9-openjdk-amd64/lib/amd64/libverify.so
7f034f7b4000-7f034f7b5000 rw-p 0000e000 08:05 662782                     /usr/lib/jvm/java-9-openjdk-amd64/lib/amd64/libverify.so
7f034f7b5000-7f034f7bc000 r-xp 00000000 08:05 262232                     /lib/x86_64-linux-gnu/librt-2.23.so
7f034f7bc000-7f034f9bb000 ---p 00007000 08:05 262232                     /lib/x86_64-linux-gnu/librt-2.23.so
7f034f9bb000-7f034f9bc000 r--p 00006000 08:05 262232                     /lib/x86_64-linux-gnu/librt-2.23.so
7f034f9bc000-7f034f9bd000 rw-p 00007000 08:05 262232                     /lib/x86_64-linux-gnu/librt-2.23.so
7f034f9bd000-7f034f9d3000 r-xp 00000000 08:05 266768                     /lib/x86_64-linux-gnu/libgcc_s.so.1
7f034f9d3000-7f034fbd2000 ---p 00016000 08:05 266768                     /lib/x86_64-linux-gnu/libgcc_s.so.1
7f034fbd2000-7f034fbd3000 rw-p 00015000 08:05 266768                     /lib/x86_64-linux-gnu/libgcc_s.so.1
7f034fbd3000-7f034fcdb000 r-xp 00000000 08:05 262241                     /lib/x86_64-linux-gnu/libm-2.23.so
7f034fcdb000-7f034feda000 ---p 00108000 08:05 262241                     /lib/x86_64-linux-gnu/libm-2.23.so
7f034feda000-7f034fedb000 r--p 00107000 08:05 262241                     /lib/x86_64-linux-gnu/libm-2.23.so
7f034fedb000-7f034fedc000 rw-p 00108000 08:05 262241                     /lib/x86_64-linux-gnu/libm-2.23.so
7f034fedc000-7f035004e000 r-xp 00000000 08:05 657537                     /usr/lib/x86_64-linux-gnu/libstdc++.so.6.0.21
7f035004e000-7f035024e000 ---p 00172000 08:05 657537                     /usr/lib/x86_64-linux-gnu/libstdc++.so.6.0.21
7f035024e000-7f0350258000 r--p 00172000 08:05 657537                     /usr/lib/x86_64-linux-gnu/libstdc++.so.6.0.21
7f0350258000-7f035025a000 rw-p 0017c000 08:05 657537                     /usr/lib/x86_64-linux-gnu/libstdc++.so.6.0.21
7f035025a000-7f035025e000 rw-p 00000000 00:00 0 
7f035025e000-7f03510bc000 r-xp 00000000 08:05 662795                     /usr/lib/jvm/java-9-openjdk-amd64/lib/amd64/server/libjvm.so
7f03510bc000-7f03512bc000 ---p 00e5e000 08:05 662795                     /usr/lib/jvm/java-9-openjdk-amd64/lib/amd64/server/libjvm.so
7f03512bc000-7f035136e000 r--p 00e5e000 08:05 662795                     /usr/lib/jvm/java-9-openjdk-amd64/lib/amd64/server/libjvm.so
7f035136e000-7f03513a0000 rw-p 00f10000 08:05 662795                     /usr/lib/jvm/java-9-openjdk-amd64/lib/amd64/server/libjvm.so
7f03513a0000-7f03513e5000 rw-p 00000000 00:00 0 
7f03513e5000-7f03513fd000 r-xp 00000000 08:05 262229                     /lib/x86_64-linux-gnu/libpthread-2.23.so
7f03513fd000-7f03515fc000 ---p 00018000 08:05 262229                     /lib/x86_64-linux-gnu/libpthread-2.23.so
7f03515fc000-7f03515fd000 r--p 00017000 08:05 262229                     /lib/x86_64-linux-gnu/libpthread-2.23.so
7f03515fd000-7f03515fe000 rw-p 00018000 08:05 262229                     /lib/x86_64-linux-gnu/libpthread-2.23.so
7f03515fe000-7f0351602000 rw-p 00000000 00:00 0 
7f0351602000-7f0351605000 r-xp 00000000 08:05 262235                     /lib/x86_64-linux-gnu/libdl-2.23.so
7f0351605000-7f0351804000 ---p 00003000 08:05 262235                     /lib/x86_64-linux-gnu/libdl-2.23.so
7f0351804000-7f0351805000 r--p 00002000 08:05 262235                     /lib/x86_64-linux-gnu/libdl-2.23.so
7f0351805000-7f0351806000 rw-p 00003000 08:05 262235                     /lib/x86_64-linux-gnu/libdl-2.23.so
7f0351806000-7f035181f000 r-xp 00000000 08:05 266703                     /lib/x86_64-linux-gnu/libz.so.1.2.8
7f035181f000-7f0351a1e000 ---p 00019000 08:05 266703                     /lib/x86_64-linux-gnu/libz.so.1.2.8
7f0351a1e000-7f0351a1f000 r--p 00018000 08:05 266703                     /lib/x86_64-linux-gnu/libz.so.1.2.8
7f0351a1f000-7f0351a20000 rw-p 00019000 08:05 266703                     /lib/x86_64-linux-gnu/libz.so.1.2.8
7f0351a20000-7f0351be0000 r-xp 00000000 08:05 266748                     /lib/x86_64-linux-gnu/libc-2.23.so
7f0351be0000-7f0351de0000 ---p 001c0000 08:05 266748                     /lib/x86_64-linux-gnu/libc-2.23.so
7f0351de0000-7f0351de4000 r--p 001c0000 08:05 266748                     /lib/x86_64-linux-gnu/libc-2.23.so
7f0351de4000-7f0351de6000 rw-p 001c4000 08:05 266748                     /lib/x86_64-linux-gnu/libc-2.23.so
7f0351de6000-7f0351dea000 rw-p 00000000 00:00 0 
7f0351dea000-7f0351df8000 r-xp 00000000 08:05 662812                     /usr/lib/jvm/java-9-openjdk-amd64/lib/amd64/jli/libjli.so
7f0351df8000-7f0351ff7000 ---p 0000e000 08:05 662812                     /usr/lib/jvm/java-9-openjdk-amd64/lib/amd64/jli/libjli.so
7f0351ff7000-7f0351ff8000 r--p 0000d000 08:05 662812                     /usr/lib/jvm/java-9-openjdk-amd64/lib/amd64/jli/libjli.so
7f0351ff8000-7f0351ff9000 rw-p 0000e000 08:05 662812                     /usr/lib/jvm/java-9-openjdk-amd64/lib/amd64/jli/libjli.so
7f0351ff9000-7f035201f000 r-xp 00000000 08:05 262158                     /lib/x86_64-linux-gnu/ld-2.23.so
7f035204d000-7f0352054000 r--s 00000000 08:05 1051925                    /usr/lib/x86_64-linux-gnu/gconv/gconv-modules.cache
7f0352054000-7f0352079000 r--p 00000000 08:05 1711217                    /usr/share/locale-langpack/es/LC_MESSAGES/libc.mo
7f0352079000-7f03520fc000 rw-p 00000000 00:00 0 
7f03520fc000-7f0352100000 ---p 00000000 00:00 0 
7f0352100000-7f0352202000 rw-p 00000000 00:00 0 
7f0352206000-7f035220b000 rw-p 00000000 00:00 0 
7f035220b000-7f0352212000 ---p 00000000 00:00 0 
7f0352212000-7f035221a000 rw-s 00000000 08:05 3147406                    /tmp/hsperfdata_enrike/7631
7f035221a000-7f035221b000 rw-p 00000000 00:00 0 
7f035221b000-7f035221c000 r--p 00000000 00:00 0 
7f035221c000-7f035221e000 rw-p 00000000 00:00 0 
7f035221e000-7f035221f000 r--p 00025000 08:05 262158                     /lib/x86_64-linux-gnu/ld-2.23.so
7f035221f000-7f0352220000 rw-p 00026000 08:05 262158                     /lib/x86_64-linux-gnu/ld-2.23.so
7f0352220000-7f0352221000 rw-p 00000000 00:00 0 
7ffef72b6000-7ffef72d7000 rw-p 00000000 00:00 0                          [stack]
7ffef72eb000-7ffef72ed000 r--p 00000000 00:00 0                          [vvar]
7ffef72ed000-7ffef72ef000 r-xp 00000000 00:00 0                          [vdso]
ffffffffff600000-ffffffffff601000 r-xp 00000000 00:00 0                  [vsyscall]

VM Arguments:
java_command: Analizador
java_class_path (initial): .
Launcher Type: SUN_STANDARD

Environment Variables:
PATH=/home/enrike/bin:/home/enrike/.local/bin:/usr/local/sbin:/usr/local/bin:/usr/sbin:/usr/bin:/sbin:/bin:/usr/games:/usr/local/games:/snap/bin
SHELL=/bin/bash
DISPLAY=:0

Signal Handlers:
SIGSEGV: [libjvm.so+0xc12c20], sa_mask[0]=11111111011111111101111111111110, sa_flags=SA_RESTART|SA_SIGINFO
SIGBUS: [libjvm.so+0xc12c20], sa_mask[0]=11111111011111111101111111111110, sa_flags=SA_RESTART|SA_SIGINFO
SIGFPE: [libjvm.so+0xc12c20], sa_mask[0]=11111111011111111101111111111110, sa_flags=SA_RESTART|SA_SIGINFO
SIGPIPE: [libjvm.so+0xa3b600], sa_mask[0]=11111111011111111101111111111110, sa_flags=SA_RESTART|SA_SIGINFO
SIGXFSZ: [libjvm.so+0xa3b600], sa_mask[0]=11111111011111111101111111111110, sa_flags=SA_RESTART|SA_SIGINFO
SIGILL: [libjvm.so+0xc12c20], sa_mask[0]=11111111011111111101111111111110, sa_flags=SA_RESTART|SA_SIGINFO
SIGUSR2: [libjvm.so+0xa3b4a0], sa_mask[0]=00000000000000000000000000000000, sa_flags=SA_RESTART|SA_SIGINFO
SIGHUP: [libjvm.so+0xa3b870], sa_mask[0]=11111111011111111101111111111110, sa_flags=SA_RESTART|SA_SIGINFO
SIGINT: [libjvm.so+0xa3b870], sa_mask[0]=11111111011111111101111111111110, sa_flags=SA_RESTART|SA_SIGINFO
SIGTERM: [libjvm.so+0xa3b870], sa_mask[0]=11111111011111111101111111111110, sa_flags=SA_RESTART|SA_SIGINFO
SIGQUIT: [libjvm.so+0xa3b870], sa_mask[0]=11111111011111111101111111111110, sa_flags=SA_RESTART|SA_SIGINFO


---------------  S Y S T E M  ---------------

OS:DISTRIB_ID=Ubuntu
DISTRIB_RELEASE=16.04
DISTRIB_CODENAME=xenial
DISTRIB_DESCRIPTION="Ubuntu 16.04.3 LTS"
uname:Linux 4.4.0-31-generic #50-Ubuntu SMP Wed Jul 13 00:07:12 UTC 2016 x86_64
libc:glibc 2.23 NPTL 2.23 
rlimit: STACK 8192k, CORE 0k, NPROC 7804, NOFILE 65536, AS infinity
load average:2.74 2.44 2.87

/proc/meminfo:
MemTotal:        2036560 kB
MemFree:          154044 kB
MemAvailable:     641312 kB
Buffers:           42688 kB
Cached:           561840 kB
SwapCached:         7872 kB
Active:           917024 kB
Inactive:         761756 kB
Active(anon):     593080 kB
Inactive(anon):   510188 kB
Active(file):     323944 kB
Inactive(file):   251568 kB
Unevictable:          16 kB
Mlocked:              16 kB
SwapTotal:       2083836 kB
SwapFree:        1965828 kB
Dirty:             47456 kB
Writeback:             0 kB
AnonPages:       1068920 kB
Mapped:           233372 kB
Shmem:             29000 kB
Slab:             117676 kB
SReclaimable:      86764 kB
SUnreclaim:        30912 kB
KernelStack:        9696 kB
PageTables:        31172 kB
NFS_Unstable:          0 kB
Bounce:                0 kB
WritebackTmp:          0 kB
CommitLimit:     3102116 kB
Committed_AS:    5090612 kB
VmallocTotal:   34359738367 kB
VmallocUsed:           0 kB
VmallocChunk:          0 kB
HardwareCorrupted:     0 kB
AnonHugePages:    440320 kB
CmaTotal:              0 kB
CmaFree:               0 kB
HugePages_Total:       0
HugePages_Free:        0
HugePages_Rsvd:        0
HugePages_Surp:        0
Hugepagesize:       2048 kB
DirectMap4k:      111296 kB
DirectMap2M:     1974272 kB


CPU:total 4 (2 cores per cpu, 2 threads per core) family 6 model 54 stepping 1, cmov, cx8, fxsr, mmx, sse, sse2, sse3, ssse3, ht, tsc, tscinvbit

CPU Model and flags from /proc/cpuinfo:
model name	: Intel(R) Atom(TM) CPU N2600   @ 1.60GHz
flags		: fpu vme de pse tsc msr pae mce cx8 apic sep mtrr pge mca cmov pat pse36 clflush dts acpi mmx fxsr sse sse2 ss ht tm pbe syscall nx lm constant_tsc arch_perfmon pebs bts rep_good nopl nonstop_tsc aperfmperf pni dtes64 monitor ds_cpl est tm2 ssse3 cx16 xtpr pdcm movbe lahf_lm dtherm arat

Memory: 4k page, physical 2036560k(154044k free), swap 2083836k(1965828k free)

vm_info: OpenJDK 64-Bit Server VM (9-internal+0-2016-04-14-195246.buildd.src) for linux-amd64 JRE (9-internal+0-2016-04-14-195246.buildd.src), built on Apr 14 2016 20:05:37 by "buildd" with gcc 5.3.1 20160413

END.
