#
# A fatal error has been detected by the Java Runtime Environment:
#
#  SIGSEGV (0xb) at pc=0x00007fe35de91009, pid=7230, tid=7231
#
# JRE version: OpenJDK Runtime Environment (9.0) (build 9-internal+0-2016-04-14-195246.buildd.src)
# Java VM: OpenJDK 64-Bit Server VM (9-internal+0-2016-04-14-195246.buildd.src, mixed mode, tiered, compressed oops, g1 gc, linux-amd64)
# Problematic frame:
# C  [libjava.so+0x1d009]  JNU_GetEnv+0x19
#
# Core dump will be written. Default location: Core dumps may be processed with "/usr/share/apport/apport %p %s %c %d %P" (or dumping to /media/enrike/OUTERHEAVEN/P3 TC 2/core.7230)
#
# If you would like to submit a bug report, please visit:
#   http://bugreport.java.com/bugreport/crash.jsp
# The crash happened outside the Java Virtual Machine in native code.
# See problematic frame for where to report the bug.
#

---------------  S U M M A R Y ------------

Command Line: Analizador

Host: Intel(R) Atom(TM) CPU N2600   @ 1.60GHz, 4 cores, 1G, Ubuntu 16.04.3 LTS
Time: Thu Nov 16 00:04:51 2017 CST elapsed time: 8 seconds (0d 0h 0m 8s)

---------------  T H R E A D  ---------------

Current thread (0x00007fe358011000):  JavaThread "main" [_thread_in_native, id=7231, stack(0x00007fe360bf7000,0x00007fe360cf8000)]

Stack: [0x00007fe360bf7000,0x00007fe360cf8000],  sp=0x00007fe360cf4900,  free space=1014k
Native frames: (J=compiled Java code, j=interpreted, Vv=VM code, C=native code)
C  [libjava.so+0x1d009]  JNU_GetEnv+0x19
C  [libfontmanager.so+0x33f8e]
C  [libfreetype.so.6+0x14d2b]  FT_Stream_Seek+0x1b

Java frames: (J=compiled Java code, j=interpreted, Vv=VM code)
j  sun.font.FreetypeFontScaler.initNativeScaler(Lsun/font/Font2D;IIZI)J+0 java.desktop@9-internal
j  sun.font.FreetypeFontScaler.<init>(Lsun/font/Font2D;IZI)V+26 java.desktop@9-internal
v  ~StubRoutines::call_stub
j  sun.reflect.NativeConstructorAccessorImpl.newInstance0(Ljava/lang/reflect/Constructor;[Ljava/lang/Object;)Ljava/lang/Object;+0 java.base@9-internal
j  sun.reflect.NativeConstructorAccessorImpl.newInstance([Ljava/lang/Object;)Ljava/lang/Object;+85 java.base@9-internal
j  sun.reflect.DelegatingConstructorAccessorImpl.newInstance([Ljava/lang/Object;)Ljava/lang/Object;+5 java.base@9-internal
j  java.lang.reflect.Constructor.newInstance([Ljava/lang/Object;)Ljava/lang/Object;+65 java.base@9-internal
j  sun.font.FontScaler.getScaler(Lsun/font/Font2D;IZI)Lsun/font/FontScaler;+39 java.desktop@9-internal
j  sun.font.TrueTypeFont.getScaler()Lsun/font/FontScaler;+21 java.desktop@9-internal
j  sun.font.FileFontStrike.<init>(Lsun/font/FileFont;Lsun/font/FontStrikeDesc;)V+204 java.desktop@9-internal
j  sun.font.FileFont.createStrike(Lsun/font/FontStrikeDesc;)Lsun/font/FontStrike;+18 java.desktop@9-internal
j  sun.font.Font2D.getStrike(Lsun/font/FontStrikeDesc;Z)Lsun/font/FontStrike;+92 java.desktop@9-internal
j  sun.font.Font2D.getStrike(Lsun/font/FontStrikeDesc;)Lsun/font/FontStrike;+3 java.desktop@9-internal
j  sun.font.CompositeStrike.getStrikeForSlot(I)Lsun/font/PhysicalStrike;+23 java.desktop@9-internal
j  sun.font.CompositeStrike.getFontMetrics()Lsun/font/StrikeMetrics;+31 java.desktop@9-internal
j  sun.font.FontDesignMetrics.initMatrixAndMetrics()V+28 java.desktop@9-internal
j  sun.font.FontDesignMetrics.<init>(Ljava/awt/Font;Ljava/awt/font/FontRenderContext;)V+62 java.desktop@9-internal
j  sun.font.FontDesignMetrics.getMetrics(Ljava/awt/Font;Ljava/awt/font/FontRenderContext;)Lsun/font/FontDesignMetrics;+128 java.desktop@9-internal
j  sun.swing.SwingUtilities2.getFontMetrics(Ljavax/swing/JComponent;Ljava/awt/Font;)Ljava/awt/FontMetrics;+15 java.desktop@9-internal
j  javax.swing.JComponent.getFontMetrics(Ljava/awt/Font;)Ljava/awt/FontMetrics;+2 java.desktop@9-internal
j  javax.swing.text.GlyphPainter1.sync(Ljavax/swing/text/GlyphView;)V+38 java.desktop@9-internal
j  javax.swing.text.GlyphPainter1.getSpan(Ljavax/swing/text/GlyphView;IILjavax/swing/text/TabExpander;F)F+2 java.desktop@9-internal
j  javax.swing.text.GlyphView.getPreferredSpan(I)F+77 java.desktop@9-internal
j  javax.swing.text.FlowView$LogicalView.getPreferredSpan(I)F+32 java.desktop@9-internal
j  javax.swing.text.FlowView.calculateMinorAxisRequirements(ILjavax/swing/SizeRequirements;)Ljavax/swing/SizeRequirements;+17 java.desktop@9-internal
j  javax.swing.text.ParagraphView.calculateMinorAxisRequirements(ILjavax/swing/SizeRequirements;)Ljavax/swing/SizeRequirements;+3 java.desktop@9-internal
j  javax.swing.text.html.ParagraphView.calculateMinorAxisRequirements(ILjavax/swing/SizeRequirements;)Ljavax/swing/SizeRequirements;+3 java.desktop@9-internal
j  javax.swing.text.BoxView.checkRequests(I)V+73 java.desktop@9-internal
j  javax.swing.text.BoxView.getMinimumSpan(I)F+2 java.desktop@9-internal
j  javax.swing.text.html.ParagraphView.getMinimumSpan(I)F+11 java.desktop@9-internal
j  javax.swing.text.BoxView.calculateMinorAxisRequirements(ILjavax/swing/SizeRequirements;)Ljavax/swing/SizeRequirements;+36 java.desktop@9-internal
j  javax.swing.text.html.BlockView.calculateMinorAxisRequirements(ILjavax/swing/SizeRequirements;)Ljavax/swing/SizeRequirements;+31 java.desktop@9-internal
j  javax.swing.text.BoxView.checkRequests(I)V+73 java.desktop@9-internal
j  javax.swing.text.BoxView.getMinimumSpan(I)F+2 java.desktop@9-internal
j  javax.swing.text.html.BlockView.getMinimumSpan(I)F+2 java.desktop@9-internal
j  javax.swing.text.BoxView.calculateMinorAxisRequirements(ILjavax/swing/SizeRequirements;)Ljavax/swing/SizeRequirements;+36 java.desktop@9-internal
j  javax.swing.text.html.BlockView.calculateMinorAxisRequirements(ILjavax/swing/SizeRequirements;)Ljavax/swing/SizeRequirements;+31 java.desktop@9-internal
j  javax.swing.text.BoxView.checkRequests(I)V+73 java.desktop@9-internal
j  javax.swing.text.BoxView.getPreferredSpan(I)F+2 java.desktop@9-internal
j  javax.swing.text.html.BlockView.getPreferredSpan(I)F+2 java.desktop@9-internal
j  javax.swing.plaf.basic.BasicHTML$Renderer.<init>(Ljavax/swing/JComponent;Ljavax/swing/text/ViewFactory;Ljavax/swing/text/View;)V+34 java.desktop@9-internal
j  javax.swing.plaf.basic.BasicHTML.createHTMLView(Ljavax/swing/JComponent;Ljava/lang/String;)Ljavax/swing/text/View;+98 java.desktop@9-internal
j  javax.swing.plaf.basic.BasicHTML.updateRenderer(Ljavax/swing/JComponent;Ljava/lang/String;)V+40 java.desktop@9-internal
j  javax.swing.plaf.basic.BasicLabelUI.installComponents(Ljavax/swing/JLabel;)V+5 java.desktop@9-internal
j  javax.swing.plaf.basic.BasicLabelUI.installUI(Ljavax/swing/JComponent;)V+13 java.desktop@9-internal
j  javax.swing.JComponent.setUI(Ljavax/swing/plaf/ComponentUI;)V+52 java.desktop@9-internal
j  javax.swing.JLabel.setUI(Ljavax/swing/plaf/LabelUI;)V+2 java.desktop@9-internal
j  javax.swing.JLabel.updateUI()V+8 java.desktop@9-internal
j  javax.swing.JLabel.<init>(Ljava/lang/String;Ljavax/swing/Icon;I)V+83 java.desktop@9-internal
j  javax.swing.JLabel.<init>(Ljava/lang/String;)V+5 java.desktop@9-internal
j  Analizador.init(Ljava/lang/String;)V+73
j  Analizador.main([Ljava/lang/String;)V+11
v  ~StubRoutines::call_stub

siginfo: si_signo: 11 (SIGSEGV), si_code: 1 (SEGV_MAPERR), si_addr: 0x0000000000000000

Register to memory mapping:

RAX=0x0000000000000000 is an unknown value
RBX=0x0000000000000000 is an unknown value
RCX=0x0000000000000000 is an unknown value
RDX=0x0000000000010002 is an unknown value
RSP=0x00007fe360cf4900 is pointing into the stack for thread: 0x00007fe358011000
RBP=0x00007fe360cf4910 is pointing into the stack for thread: 0x00007fe358011000
RSI=0x0000000000010002 is an unknown value
RDI=0x0000000000000000 is an unknown value
R8 =0x0000000000000000 is an unknown value
R9 =0x0000000000000004 is an unknown value
R10=0x00000000000001db is an unknown value
R11=0x00007fe35de90ff0: JNU_GetEnv+0x0000000000000000 in /usr/lib/jvm/java-9-openjdk-amd64/lib/amd64/libjava.so at 0x00007fe35de74000
R12=0x00007fe3582a15e0 is an unknown value
R13=0x0000000000000000 is an unknown value
R14=0x0000000000000000 is an unknown value
R15=0x00007fe3583ef0c0 is an unknown value


Registers:
RAX=0x0000000000000000, RBX=0x0000000000000000, RCX=0x0000000000000000, RDX=0x0000000000010002
RSP=0x00007fe360cf4900, RBP=0x00007fe360cf4910, RSI=0x0000000000010002, RDI=0x0000000000000000
R8 =0x0000000000000000, R9 =0x0000000000000004, R10=0x00000000000001db, R11=0x00007fe35de90ff0
R12=0x00007fe3582a15e0, R13=0x0000000000000000, R14=0x0000000000000000, R15=0x00007fe3583ef0c0
RIP=0x00007fe35de91009, EFLAGS=0x0000000000010246, CSGSFS=0x0000000000000033, ERR=0x0000000000000004
  TRAPNO=0x000000000000000e

Top of Stack: (sp=0x00007fe360cf4900)
0x00007fe360cf4900:   0000000000000000 9814c635834a4500
0x00007fe360cf4910:   00007fe360cf4950 00007fe2e2975f8e
0x00007fe360cf4920:   00007fe3583ee690 00007fe3582a15e0
0x00007fe360cf4930:   0000000000000000 0000000000000000
0x00007fe360cf4940:   00007fe3582a15e0 00007fe3583ef0c0
0x00007fe360cf4950:   0000000000000000 00007fe2e26acd2b
0x00007fe360cf4960:   0000000000000000 00007fe2e293ed80
0x00007fe360cf4970:   0000000000000000 00007fe2e26c08e0
0x00007fe360cf4980:   0000000000000002 0000003200000008
0x00007fe360cf4990:   0000000000000000 0000000000000000
0x00007fe360cf49a0:   0000006e0000005b 0000000000000000
0x00007fe360cf49b0:   0000000000000000 0000007c00000077
0x00007fe360cf49c0:   0073656d616e7370 0000000000000000
0x00007fe360cf49d0:   0000000000766463 730064636c2d6874
0x00007fe360cf49e0:   00000068746f6f6d 00007fe358000020
0x00007fe360cf49f0:   0000000000000070 00007fe360cf4aa4
0x00007fe360cf4a00:   00007fe3583ee690 00007fe3583ef0c0
0x00007fe360cf4a10:   00007fe360cf4aa4 00007fe36059f184
0x00007fe360cf4a20:   00007fe2e2943120 00007fe360cf4a54
0x00007fe360cf4a30:   00007fe2e293b9e0 9814c635834a4500
0x00007fe360cf4a40:   0000000000000070 00007fe3583ee4d0
0x00007fe360cf4a50:   00007fe2e293b9e0 00007fe360cf4b68
0x00007fe360cf4a60:   00007fe3583ee690 00007fe3583ef0c0
0x00007fe360cf4a70:   00007fe35829f810 00007fe2e26af4c2
0x00007fe360cf4a80:   0000000100000000 00007fe360cf4b70
0x00007fe360cf4a90:   0000000000000000 0000000000000000
0x00007fe360cf4aa0:   0000000060cf4b68 9814c635834a4500
0x00007fe360cf4ab0:   00007fe3583ee4d0 00007fe360cf4b70
0x00007fe360cf4ac0:   0000000000000000 00007fe3583ee5b8
0x00007fe360cf4ad0:   00007fe360cf4d70 00007fe3583ee518
0x00007fe360cf4ae0:   00007fe3583ee690 00007fe2e26b1581
0x00007fe360cf4af0:   00007fe360cf4b70 00007fe2e26b1376 

Instructions: (pc=0x00007fe35de91009)
0x00007fe35de90fe9:   ff eb ea 0f 1f 40 00 55 89 f2 48 89 e5 48 83 ec
0x00007fe35de90ff9:   10 64 48 8b 04 25 28 00 00 00 48 89 45 f8 31 c0
0x00007fe35de91009:   48 8b 07 48 8d 75 f0 ff 50 30 48 8b 4d f8 64 48
0x00007fe35de91019:   33 0c 25 28 00 00 00 48 8b 45 f0 75 02 c9 c3 e8 


---------------  P R O C E S S  ---------------

Java Threads: ( => current thread )
  0x00007fe2cc001000 JavaThread "SeedGenerator Thread" daemon [_thread_blocked, id=7282, stack(0x00007fe2e1d60000,0x00007fe2e1e61000)]
  0x00007fe358714000 JavaThread "SeedGenerator Thread" daemon [_thread_in_Java, id=7259, stack(0x00007fe2e1a5f000,0x00007fe2e1b60000)]
  0x00007fe3583bf800 JavaThread "AWT-XAWT" daemon [_thread_in_native, id=7257, stack(0x00007fe2e1e61000,0x00007fe2e1f62000)]
  0x00007fe35839d800 JavaThread "Java2D Disposer" daemon [_thread_blocked, id=7256, stack(0x00007fe2e2372000,0x00007fe2e2473000)]
  0x00007fe358337800 JavaThread "TimerQueue" daemon [_thread_blocked, id=7255, stack(0x00007fe3100b0000,0x00007fe3101b1000)]
  0x00007fe3582db000 JavaThread "Service Thread" daemon [_thread_blocked, id=7253, stack(0x00007fe310582000,0x00007fe310683000)]
  0x00007fe3581cd000 JavaThread "Common-Cleaner" daemon [_thread_blocked, id=7252, stack(0x00007fe310683000,0x00007fe310784000)]
  0x00007fe358185800 JavaThread "Sweeper thread" daemon [_thread_blocked, id=7251, stack(0x00007fe310eaf000,0x00007fe310fb0000)]
  0x00007fe358183800 JavaThread "C1 CompilerThread2" daemon [_thread_blocked, id=7250, stack(0x00007fe310fb0000,0x00007fe3110b1000)]
  0x00007fe358181800 JavaThread "C2 CompilerThread1" daemon [_thread_blocked, id=7249, stack(0x00007fe3110b1000,0x00007fe3111b2000)]
  0x00007fe358180000 JavaThread "C2 CompilerThread0" daemon [_thread_in_native, id=7248, stack(0x00007fe3111b2000,0x00007fe3112b3000)]
  0x00007fe35817b800 JavaThread "Signal Dispatcher" daemon [_thread_blocked, id=7247, stack(0x00007fe340047000,0x00007fe340148000)]
  0x00007fe358179800 JavaThread "Surrogate Locker Thread (Concurrent GC)" daemon [_thread_blocked, id=7246, stack(0x00007fe340148000,0x00007fe340249000)]
  0x00007fe358168000 JavaThread "Finalizer" daemon [_thread_blocked, id=7245, stack(0x00007fe340249000,0x00007fe34034a000)]
  0x00007fe358164000 JavaThread "Reference Handler" daemon [_thread_blocked, id=7244, stack(0x00007fe34034a000,0x00007fe34044b000)]
=>0x00007fe358011000 JavaThread "main" [_thread_in_native, id=7231, stack(0x00007fe360bf7000,0x00007fe360cf8000)]

Other Threads:
  0x00007fe35815a000 VMThread [stack: 0x00007fe34044b000,0x00007fe34054c000] [id=7243]
  0x00007fe3582de000 WatcherThread [stack: 0x00007fe310481000,0x00007fe310582000] [id=7254]

Threads with active compile tasks:
C2 CompilerThread0 635       4       java.util.HashMap::putVal (300 bytes)

VM state:not at safepoint (normal execution)

VM Mutex/Monitor currently owned by a thread: None

heap address: 0x00000000e0e00000, size: 498 MB, Compressed Oops mode: 32-bit
Narrow klass base: 0x0000000000000000, Narrow klass shift: 3
Compressed class space size: 1073741824 Address: 0x0000000100000000

Heap:
 garbage-first heap   total 32768K, used 4381K [0x00000000e0e00000, 0x00000000e0f00100, 0x0000000100000000)
  region size 1024K, 3 young (3072K), 1 survivors (1024K)
 Metaspace       used 12098K, capacity 12482K, committed 12672K, reserved 1060864K
  class space    used 1390K, capacity 1554K, committed 1664K, reserved 1048576K

Heap Regions: E=young(eden), S=young(survivor), O=old, HS=humongous(starts), HC=humongous(continues), CS=collection set, F=free, A=archive, TS=gc time stamp, AC=allocation context, TAMS=top-at-mark-start (previous, next)
|   0|0x00000000e0e00000, 0x00000000e0f00000, 0x00000000e0f00000|100%|HS|  |TS  0|AC  0|TAMS 0x00000000e0e00000, 0x00000000e0e00000|
|   1|0x00000000e0f00000, 0x00000000e1000000, 0x00000000e1000000|100%| O|  |TS  1|AC  0|TAMS 0x00000000e0f00000, 0x00000000e0f00000|
|   2|0x00000000e1000000, 0x00000000e1047400, 0x00000000e1100000| 27%| O|  |TS  1|AC  0|TAMS 0x00000000e1000000, 0x00000000e1000000|
|   3|0x00000000e1100000, 0x00000000e1100000, 0x00000000e1200000|  0%| F|  |TS  0|AC  0|TAMS 0x00000000e1100000, 0x00000000e1100000|
|   4|0x00000000e1200000, 0x00000000e1200000, 0x00000000e1300000|  0%| F|  |TS  0|AC  0|TAMS 0x00000000e1200000, 0x00000000e1200000|
|   5|0x00000000e1300000, 0x00000000e1300000, 0x00000000e1400000|  0%| F|  |TS  0|AC  0|TAMS 0x00000000e1300000, 0x00000000e1300000|
|   6|0x00000000e1400000, 0x00000000e1400000, 0x00000000e1500000|  0%| F|  |TS  0|AC  0|TAMS 0x00000000e1400000, 0x00000000e1400000|
|   7|0x00000000e1500000, 0x00000000e1500000, 0x00000000e1600000|  0%| F|  |TS  0|AC  0|TAMS 0x00000000e1500000, 0x00000000e1500000|
|   8|0x00000000e1600000, 0x00000000e1600000, 0x00000000e1700000|  0%| F|  |TS  0|AC  0|TAMS 0x00000000e1600000, 0x00000000e1600000|
|   9|0x00000000e1700000, 0x00000000e1700000, 0x00000000e1800000|  0%| F|  |TS  0|AC  0|TAMS 0x00000000e1700000, 0x00000000e1700000|
|  10|0x00000000e1800000, 0x00000000e1800000, 0x00000000e1900000|  0%| F|  |TS  0|AC  0|TAMS 0x00000000e1800000, 0x00000000e1800000|
|  11|0x00000000e1900000, 0x00000000e1900000, 0x00000000e1a00000|  0%| F|  |TS  0|AC  0|TAMS 0x00000000e1900000, 0x00000000e1900000|
|  12|0x00000000e1a00000, 0x00000000e1a00000, 0x00000000e1b00000|  0%| F|  |TS  0|AC  0|TAMS 0x00000000e1a00000, 0x00000000e1a00000|
|  13|0x00000000e1b00000, 0x00000000e1b00000, 0x00000000e1c00000|  0%| F|  |TS  0|AC  0|TAMS 0x00000000e1b00000, 0x00000000e1b00000|
|  14|0x00000000e1c00000, 0x00000000e1c00000, 0x00000000e1d00000|  0%| F|  |TS  0|AC  0|TAMS 0x00000000e1c00000, 0x00000000e1c00000|
|  15|0x00000000e1d00000, 0x00000000e1d00000, 0x00000000e1e00000|  0%| F|  |TS  0|AC  0|TAMS 0x00000000e1d00000, 0x00000000e1d00000|
|  16|0x00000000e1e00000, 0x00000000e1e00000, 0x00000000e1f00000|  0%| F|  |TS  0|AC  0|TAMS 0x00000000e1e00000, 0x00000000e1e00000|
|  17|0x00000000e1f00000, 0x00000000e1f00000, 0x00000000e2000000|  0%| F|  |TS  0|AC  0|TAMS 0x00000000e1f00000, 0x00000000e1f00000|
|  18|0x00000000e2000000, 0x00000000e2000000, 0x00000000e2100000|  0%| F|  |TS  0|AC  0|TAMS 0x00000000e2000000, 0x00000000e2000000|
|  19|0x00000000e2100000, 0x00000000e2100000, 0x00000000e2200000|  0%| F|  |TS  0|AC  0|TAMS 0x00000000e2100000, 0x00000000e2100000|
|  20|0x00000000e2200000, 0x00000000e2200000, 0x00000000e2300000|  0%| F|  |TS  0|AC  0|TAMS 0x00000000e2200000, 0x00000000e2200000|
|  21|0x00000000e2300000, 0x00000000e2300000, 0x00000000e2400000|  0%| F|  |TS  0|AC  0|TAMS 0x00000000e2300000, 0x00000000e2300000|
|  22|0x00000000e2400000, 0x00000000e2400000, 0x00000000e2500000|  0%| F|  |TS  0|AC  0|TAMS 0x00000000e2400000, 0x00000000e2400000|
|  23|0x00000000e2500000, 0x00000000e2500000, 0x00000000e2600000|  0%| F|  |TS  0|AC  0|TAMS 0x00000000e2500000, 0x00000000e2500000|
|  24|0x00000000e2600000, 0x00000000e2700000, 0x00000000e2700000|100%| S|CS|TS  1|AC  0|TAMS 0x00000000e2600000, 0x00000000e2600000|
|  25|0x00000000e2700000, 0x00000000e2700000, 0x00000000e2800000|  0%| F|  |TS  0|AC  0|TAMS 0x00000000e2700000, 0x00000000e2700000|
|  26|0x00000000e2800000, 0x00000000e2800000, 0x00000000e2900000|  0%| F|  |TS  0|AC  0|TAMS 0x00000000e2800000, 0x00000000e2800000|
|  27|0x00000000e2900000, 0x00000000e2900000, 0x00000000e2a00000|  0%| F|  |TS  0|AC  0|TAMS 0x00000000e2900000, 0x00000000e2900000|
|  28|0x00000000e2a00000, 0x00000000e2a00000, 0x00000000e2b00000|  0%| F|  |TS  0|AC  0|TAMS 0x00000000e2a00000, 0x00000000e2a00000|
|  29|0x00000000e2b00000, 0x00000000e2b00000, 0x00000000e2c00000|  0%| F|  |TS  0|AC  0|TAMS 0x00000000e2b00000, 0x00000000e2b00000|
|  30|0x00000000e2c00000, 0x00000000e2cb25c8, 0x00000000e2d00000| 69%| E|  |TS  0|AC  0|TAMS 0x00000000e2c00000, 0x00000000e2c00000|
|  31|0x00000000e2d00000, 0x00000000e2e00000, 0x00000000e2e00000|100%| E|CS|TS  0|AC  0|TAMS 0x00000000e2d00000, 0x00000000e2d00000|

Card table byte_map: [0x00007fe35c058000,0x00007fe35c151000] byte_map_base: 0x00007fe35b951000

Marking Bits (Prev, Next): (CMBitMap*) 0x00007fe358042650, (CMBitMap*) 0x00007fe3580426a8
 Prev Bits: [0x00007fe341390000, 0x00007fe341b58000)
 Next Bits: [0x00007fe340bc8000, 0x00007fe341390000)

Polling page: 0x00007fe360d16000

CodeHeap 'non-nmethods': size=5696Kb used=1265Kb max_used=1269Kb free=4430Kb
 bounds [0x00007fe341c51000, 0x00007fe341ec1000, 0x00007fe3421e1000]
CodeHeap 'profiled nmethods': size=120032Kb used=1110Kb max_used=1110Kb free=118921Kb
 bounds [0x00007fe3421e1000, 0x00007fe342451000, 0x00007fe349719000]
CodeHeap 'non-profiled nmethods': size=120032Kb used=219Kb max_used=219Kb free=119812Kb
 bounds [0x00007fe349719000, 0x00007fe349989000, 0x00007fe350c51000]
 total_blobs=1374 nmethods=679 adapters=448
 compilation: enabled

Compilation events (10 events):
Event: 8.202 Thread 0x00007fe358183800  679       3       javax.swing.text.StyleContext$SmallAttributeSet::getLocalAttribute (49 bytes)
Event: 8.203 Thread 0x00007fe358183800 nmethod 679 0x00007fe3422f4d10 code [0x00007fe3422f4ec0, 0x00007fe3422f5288]
Event: 8.203 Thread 0x00007fe358183800  677       3       javax.swing.text.SimpleAttributeSet::getAttributeNames (11 bytes)
Event: 8.205 Thread 0x00007fe358183800 nmethod 677 0x00007fe3422f5410 code [0x00007fe3422f5600, 0x00007fe3422f5e08]
Event: 8.207 Thread 0x00007fe358183800  680       1       javax.swing.text.html.CSS$Attribute::isInherited (5 bytes)
Event: 8.207 Thread 0x00007fe358183800 nmethod 680 0x00007fe34974fb10 code [0x00007fe34974fc80, 0x00007fe34974fd90]
Event: 8.227 Thread 0x00007fe358183800  681       3       java.nio.HeapByteBuffer::_get (7 bytes)
Event: 8.227 Thread 0x00007fe358183800 nmethod 681 0x00007fe3422f6090 code [0x00007fe3422f6200, 0x00007fe3422f6370]
Event: 8.228 Thread 0x00007fe358183800  682       3       java.lang.Thread::isInterrupted (6 bytes)
Event: 8.228 Thread 0x00007fe358183800 nmethod 682 0x00007fe3422f6490 code [0x00007fe3422f6620, 0x00007fe3422f67a8]

GC Heap History (2 events):
Event: 7.770 GC heap before
{Heap before GC invocations=0 (full 0):
 garbage-first heap   total 32768K, used 8192K [0x00000000e0e00000, 0x00000000e0f00100, 0x0000000100000000)
  region size 1024K, 7 young (7168K), 0 survivors (0K)
 Metaspace       used 11032K, capacity 11420K, committed 11776K, reserved 1058816K
  class space    used 1260K, capacity 1416K, committed 1536K, reserved 1048576K
}
Event: 7.795 GC heap after
{Heap after GC invocations=1 (full 0):
 garbage-first heap   total 32768K, used 3357K [0x00000000e0e00000, 0x00000000e0f00100, 0x0000000100000000)
  region size 1024K, 1 young (1024K), 1 survivors (1024K)
 Metaspace       used 11032K, capacity 11420K, committed 11776K, reserved 1058816K
  class space    used 1260K, capacity 1416K, committed 1536K, reserved 1048576K
}

Deoptimization events (10 events):
Event: 8.015 Thread 0x00007fe358011000 Uncommon trap: reason=class_check action=maybe_recompile pc=0x00007fe349746fd8 method=java.util.HashMap.putVal(ILjava/lang/Object;Ljava/lang/Object;ZZ)Ljava/lang/Object; @ 91
Event: 8.030 Thread 0x00007fe358011000 Uncommon trap: reason=class_check action=maybe_recompile pc=0x00007fe34973f938 method=javax.swing.text.html.CSSParser.readChar()I @ 21
Event: 8.030 Thread 0x00007fe358011000 Uncommon trap: reason=class_check action=maybe_recompile pc=0x00007fe34973f938 method=javax.swing.text.html.CSSParser.readChar()I @ 21
Event: 8.030 Thread 0x00007fe358011000 Uncommon trap: reason=class_check action=maybe_recompile pc=0x00007fe34973f938 method=javax.swing.text.html.CSSParser.readChar()I @ 21
Event: 8.030 Thread 0x00007fe358011000 Uncommon trap: reason=class_check action=maybe_recompile pc=0x00007fe34973f938 method=javax.swing.text.html.CSSParser.readChar()I @ 21
Event: 8.053 Thread 0x00007fe358011000 Uncommon trap: reason=unstable_if action=reinterpret pc=0x00007fe34974198c method=java.lang.StringUTF16.compress([CI[BII)I @ 20
Event: 8.148 Thread 0x00007fe358011000 Uncommon trap: reason=class_check action=maybe_recompile pc=0x00007fe34974dcb8 method=java.lang.String.equals(Ljava/lang/Object;)Z @ 8
Event: 8.153 Thread 0x00007fe358011000 Uncommon trap: reason=class_check action=maybe_recompile pc=0x00007fe34974dcb8 method=java.lang.String.equals(Ljava/lang/Object;)Z @ 8
Event: 8.156 Thread 0x00007fe358011000 Uncommon trap: reason=class_check action=maybe_recompile pc=0x00007fe34974dcb8 method=java.lang.String.equals(Ljava/lang/Object;)Z @ 8
Event: 8.162 Thread 0x00007fe358011000 Uncommon trap: reason=class_check action=maybe_recompile pc=0x00007fe34974dcb8 method=java.lang.String.equals(Ljava/lang/Object;)Z @ 8

Classes redefined (0 events):
No events

Internal exceptions (7 events):
Event: 0.826 Thread 0x00007fe358011000 Exception <a 'java/lang/ClassNotFoundException': sun/awt/resources/awtProvider> (0x00000000e2b59dd0) thrown at [/build/openjdk-9-argm_o/openjdk-9-9~b114/src/hotspot/src/share/vm/classfile/systemDictionary.cpp, line 224]
Event: 1.004 Thread 0x00007fe358011000 Exception <a 'java/io/FileNotFoundException'> (0x00000000e2b99d18) thrown at [/build/openjdk-9-argm_o/openjdk-9-9~b114/src/hotspot/src/share/vm/prims/jni.cpp, line 605]
Event: 1.010 Thread 0x00007fe358011000 Exception <a 'java/io/FileNotFoundException'> (0x00000000e2ba1dd8) thrown at [/build/openjdk-9-argm_o/openjdk-9-9~b114/src/hotspot/src/share/vm/prims/jni.cpp, line 605]
Event: 1.747 Thread 0x00007fe358011000 Exception <a 'java/lang/ClassNotFoundException': com/sun/swing/internal/plaf/metal/resources/metalProvider> (0x00000000e2985d08) thrown at [/build/openjdk-9-argm_o/openjdk-9-9~b114/src/hotspot/src/share/vm/classfile/systemDictionary.cpp, line 224]
Event: 1.753 Thread 0x00007fe358011000 Exception <a 'java/lang/ClassNotFoundException': com/sun/swing/internal/plaf/basic/resources/basicProvider> (0x00000000e298a518) thrown at [/build/openjdk-9-argm_o/openjdk-9-9~b114/src/hotspot/src/share/vm/classfile/systemDictionary.cpp, line 224]
Event: 1.826 Thread 0x00007fe358011000 Implicit null exception at 0x00007fe3497232bb to 0x00007fe349723fd9
Event: 1.867 Thread 0x00007fe358011000 Implicit null exception at 0x00007fe34971c48f to 0x00007fe34971c4f9

Events (10 events):
Event: 8.232 loading class sun/nio/cs/UTF_16$Decoder
Event: 8.232 loading class sun/nio/cs/UnicodeDecoder
Event: 8.232 loading class sun/nio/cs/UnicodeDecoder done
Event: 8.232 loading class sun/nio/cs/UTF_16$Decoder done
Event: 8.235 loading class sun/font/FileFontStrike
Event: 8.236 loading class sun/font/FileFontStrike done
Event: 8.236 loading class sun/font/FontScaler
Event: 8.237 loading class sun/font/FontScaler done
Event: 8.237 loading class sun/font/FreetypeFontScaler
Event: 8.238 loading class sun/font/FreetypeFontScaler done


Dynamic libraries:
00400000-00401000 r-xp 00000000 08:05 662767                             /usr/lib/jvm/java-9-openjdk-amd64/bin/java
00600000-00601000 r--p 00000000 08:05 662767                             /usr/lib/jvm/java-9-openjdk-amd64/bin/java
00601000-00602000 rw-p 00001000 08:05 662767                             /usr/lib/jvm/java-9-openjdk-amd64/bin/java
019dd000-019fe000 rw-p 00000000 00:00 0                                  [heap]
e0e00000-e2e00000 rw-p 00000000 00:00 0 
e2e00000-100000000 ---p 00000000 00:00 0 
100000000-1001a0000 rw-p 00000000 00:00 0 
1001a0000-140000000 ---p 00000000 00:00 0 
7fe2c0000000-7fe2c0021000 rw-p 00000000 00:00 0 
7fe2c0021000-7fe2c4000000 ---p 00000000 00:00 0 
7fe2c4000000-7fe2c4021000 rw-p 00000000 00:00 0 
7fe2c4021000-7fe2c8000000 ---p 00000000 00:00 0 
7fe2c8000000-7fe2c8021000 rw-p 00000000 00:00 0 
7fe2c8021000-7fe2cc000000 ---p 00000000 00:00 0 
7fe2cc000000-7fe2cc021000 rw-p 00000000 00:00 0 
7fe2cc021000-7fe2d0000000 ---p 00000000 00:00 0 
7fe2d0000000-7fe2d0021000 rw-p 00000000 00:00 0 
7fe2d0021000-7fe2d4000000 ---p 00000000 00:00 0 
7fe2d4000000-7fe2d4021000 rw-p 00000000 00:00 0 
7fe2d4021000-7fe2d8000000 ---p 00000000 00:00 0 
7fe2d8000000-7fe2d8021000 rw-p 00000000 00:00 0 
7fe2d8021000-7fe2dc000000 ---p 00000000 00:00 0 
7fe2dc000000-7fe2dc021000 rw-p 00000000 00:00 0 
7fe2dc021000-7fe2e0000000 ---p 00000000 00:00 0 
7fe2e165d000-7fe2e171d000 rw-p 00000000 00:00 0 
7fe2e171d000-7fe2e1861000 ---p 00000000 00:00 0 
7fe2e1861000-7fe2e195e000 rw-p 00000000 00:00 0 
7fe2e195e000-7fe2e1962000 ---p 00000000 00:00 0 
7fe2e1962000-7fe2e1a5f000 rw-p 00000000 00:00 0 
7fe2e1a5f000-7fe2e1a63000 ---p 00000000 00:00 0 
7fe2e1a63000-7fe2e1d60000 rw-p 00000000 00:00 0 
7fe2e1d60000-7fe2e1d64000 ---p 00000000 00:00 0 
7fe2e1d64000-7fe2e1e61000 rw-p 00000000 00:00 0 
7fe2e1e61000-7fe2e1e65000 ---p 00000000 00:00 0 
7fe2e1e65000-7fe2e1f62000 rw-p 00000000 00:00 0 
7fe2e1f62000-7fe2e1f67000 r-xp 00000000 08:05 663983                     /usr/lib/x86_64-linux-gnu/libXfixes.so.3.1.0
7fe2e1f67000-7fe2e2166000 ---p 00005000 08:05 663983                     /usr/lib/x86_64-linux-gnu/libXfixes.so.3.1.0
7fe2e2166000-7fe2e2167000 r--p 00004000 08:05 663983                     /usr/lib/x86_64-linux-gnu/libXfixes.so.3.1.0
7fe2e2167000-7fe2e2168000 rw-p 00005000 08:05 663983                     /usr/lib/x86_64-linux-gnu/libXfixes.so.3.1.0
7fe2e2168000-7fe2e2171000 r-xp 00000000 08:05 663975                     /usr/lib/x86_64-linux-gnu/libXcursor.so.1.0.2
7fe2e2171000-7fe2e2370000 ---p 00009000 08:05 663975                     /usr/lib/x86_64-linux-gnu/libXcursor.so.1.0.2
7fe2e2370000-7fe2e2371000 r--p 00008000 08:05 663975                     /usr/lib/x86_64-linux-gnu/libXcursor.so.1.0.2
7fe2e2371000-7fe2e2372000 rw-p 00009000 08:05 663975                     /usr/lib/x86_64-linux-gnu/libXcursor.so.1.0.2
7fe2e2372000-7fe2e2376000 ---p 00000000 00:00 0 
7fe2e2376000-7fe2e2473000 rw-p 00000000 00:00 0 
7fe2e2473000-7fe2e2497000 r-xp 00000000 08:05 266871                     /lib/x86_64-linux-gnu/libpng12.so.0.54.0
7fe2e2497000-7fe2e2696000 ---p 00024000 08:05 266871                     /lib/x86_64-linux-gnu/libpng12.so.0.54.0
7fe2e2696000-7fe2e2697000 r--p 00023000 08:05 266871                     /lib/x86_64-linux-gnu/libpng12.so.0.54.0
7fe2e2697000-7fe2e2698000 rw-p 00024000 08:05 266871                     /lib/x86_64-linux-gnu/libpng12.so.0.54.0
7fe2e2698000-7fe2e273c000 r-xp 00000000 08:05 656930                     /usr/lib/x86_64-linux-gnu/libfreetype.so.6.12.1
7fe2e273c000-7fe2e293b000 ---p 000a4000 08:05 656930                     /usr/lib/x86_64-linux-gnu/libfreetype.so.6.12.1
7fe2e293b000-7fe2e2941000 r--p 000a3000 08:05 656930                     /usr/lib/x86_64-linux-gnu/libfreetype.so.6.12.1
7fe2e2941000-7fe2e2942000 rw-p 000a9000 08:05 656930                     /usr/lib/x86_64-linux-gnu/libfreetype.so.6.12.1
7fe2e2942000-7fe2e2a08000 r-xp 00000000 08:05 662787                     /usr/lib/jvm/java-9-openjdk-amd64/lib/amd64/libfontmanager.so
7fe2e2a08000-7fe2e2c07000 ---p 000c6000 08:05 662787                     /usr/lib/jvm/java-9-openjdk-amd64/lib/amd64/libfontmanager.so
7fe2e2c07000-7fe2e2c0a000 r--p 000c5000 08:05 662787                     /usr/lib/jvm/java-9-openjdk-amd64/lib/amd64/libfontmanager.so
7fe2e2c0a000-7fe2e2c0b000 rw-p 000c8000 08:05 662787                     /usr/lib/jvm/java-9-openjdk-amd64/lib/amd64/libfontmanager.so
7fe2e2c0b000-7fe2e2c0c000 rw-p 00000000 00:00 0 
7fe2e2c0c000-7fe2e2c11000 r-xp 00000000 08:05 663979                     /usr/lib/x86_64-linux-gnu/libXdmcp.so.6.0.0
7fe2e2c11000-7fe2e2e10000 ---p 00005000 08:05 663979                     /usr/lib/x86_64-linux-gnu/libXdmcp.so.6.0.0
7fe2e2e10000-7fe2e2e11000 r--p 00004000 08:05 663979                     /usr/lib/x86_64-linux-gnu/libXdmcp.so.6.0.0
7fe2e2e11000-7fe2e2e12000 rw-p 00005000 08:05 663979                     /usr/lib/x86_64-linux-gnu/libXdmcp.so.6.0.0
7fe2e2e12000-7fe2e2e14000 r-xp 00000000 08:05 663968                     /usr/lib/x86_64-linux-gnu/libXau.so.6.0.0
7fe2e2e14000-7fe2e3014000 ---p 00002000 08:05 663968                     /usr/lib/x86_64-linux-gnu/libXau.so.6.0.0
7fe2e3014000-7fe2e3015000 r--p 00002000 08:05 663968                     /usr/lib/x86_64-linux-gnu/libXau.so.6.0.0
7fe2e3015000-7fe2e3016000 rw-p 00003000 08:05 663968                     /usr/lib/x86_64-linux-gnu/libXau.so.6.0.0
7fe2e3016000-7fe2e3037000 r-xp 00000000 08:05 665346                     /usr/lib/x86_64-linux-gnu/libxcb.so.1.1.0
7fe2e3037000-7fe2e3236000 ---p 00021000 08:05 665346                     /usr/lib/x86_64-linux-gnu/libxcb.so.1.1.0
7fe2e3236000-7fe2e3237000 r--p 00020000 08:05 665346                     /usr/lib/x86_64-linux-gnu/libxcb.so.1.1.0
7fe2e3237000-7fe2e3238000 rw-p 00021000 08:05 665346                     /usr/lib/x86_64-linux-gnu/libxcb.so.1.1.0
7fe2e3238000-7fe2e3247000 r-xp 00000000 08:05 663989                     /usr/lib/x86_64-linux-gnu/libXi.so.6.1.0
7fe2e3247000-7fe2e3446000 ---p 0000f000 08:05 663989                     /usr/lib/x86_64-linux-gnu/libXi.so.6.1.0
7fe2e3446000-7fe2e3447000 r--p 0000e000 08:05 663989                     /usr/lib/x86_64-linux-gnu/libXi.so.6.1.0
7fe2e3447000-7fe2e3448000 rw-p 0000f000 08:05 663989                     /usr/lib/x86_64-linux-gnu/libXi.so.6.1.0
7fe2e3448000-7fe2e344d000 r-xp 00000000 08:05 664007                     /usr/lib/x86_64-linux-gnu/libXtst.so.6.1.0
7fe2e344d000-7fe2e364c000 ---p 00005000 08:05 664007                     /usr/lib/x86_64-linux-gnu/libXtst.so.6.1.0
7fe2e364c000-7fe2e364d000 r--p 00004000 08:05 664007                     /usr/lib/x86_64-linux-gnu/libXtst.so.6.1.0
7fe2e364d000-7fe2e364e000 rw-p 00005000 08:05 664007                     /usr/lib/x86_64-linux-gnu/libXtst.so.6.1.0
7fe2e364e000-7fe2e3657000 r-xp 00000000 08:05 664001                     /usr/lib/x86_64-linux-gnu/libXrender.so.1.3.0
7fe2e3657000-7fe2e3856000 ---p 00009000 08:05 664001                     /usr/lib/x86_64-linux-gnu/libXrender.so.1.3.0
7fe2e3856000-7fe2e3857000 r--p 00008000 08:05 664001                     /usr/lib/x86_64-linux-gnu/libXrender.so.1.3.0
7fe2e3857000-7fe2e3858000 rw-p 00009000 08:05 664001                     /usr/lib/x86_64-linux-gnu/libXrender.so.1.3.0
7fe2e3858000-7fe2e398d000 r-xp 00000000 08:05 663964                     /usr/lib/x86_64-linux-gnu/libX11.so.6.3.0
7fe2e398d000-7fe2e3b8d000 ---p 00135000 08:05 663964                     /usr/lib/x86_64-linux-gnu/libX11.so.6.3.0
7fe2e3b8d000-7fe2e3b8e000 r--p 00135000 08:05 663964                     /usr/lib/x86_64-linux-gnu/libX11.so.6.3.0
7fe2e3b8e000-7fe2e3b92000 rw-p 00136000 08:05 663964                     /usr/lib/x86_64-linux-gnu/libX11.so.6.3.0
7fe2e3b92000-7fe2e3ba3000 r-xp 00000000 08:05 663981                     /usr/lib/x86_64-linux-gnu/libXext.so.6.4.0
7fe2e3ba3000-7fe2e3da2000 ---p 00011000 08:05 663981                     /usr/lib/x86_64-linux-gnu/libXext.so.6.4.0
7fe2e3da2000-7fe2e3da3000 r--p 00010000 08:05 663981                     /usr/lib/x86_64-linux-gnu/libXext.so.6.4.0
7fe2e3da3000-7fe2e3da4000 rw-p 00011000 08:05 663981                     /usr/lib/x86_64-linux-gnu/libXext.so.6.4.0
7fe2e3da4000-7fe2e3dfb000 r-xp 00000000 08:05 662814                     /usr/lib/jvm/java-9-openjdk-amd64/lib/amd64/libawt_xawt.so
7fe2e3dfb000-7fe2e3ffb000 ---p 00057000 08:05 662814                     /usr/lib/jvm/java-9-openjdk-amd64/lib/amd64/libawt_xawt.so
7fe2e3ffb000-7fe2e3ffc000 r--p 00057000 08:05 662814                     /usr/lib/jvm/java-9-openjdk-amd64/lib/amd64/libawt_xawt.so
7fe2e3ffc000-7fe2e3fff000 rw-p 00058000 08:05 662814                     /usr/lib/jvm/java-9-openjdk-amd64/lib/amd64/libawt_xawt.so
7fe2e3fff000-7fe2e4000000 rw-p 00000000 00:00 0 
7fe2e4000000-7fe2e4021000 rw-p 00000000 00:00 0 
7fe2e4021000-7fe2e8000000 ---p 00000000 00:00 0 
7fe2e8000000-7fe2e8021000 rw-p 00000000 00:00 0 
7fe2e8021000-7fe2ec000000 ---p 00000000 00:00 0 
7fe2ec000000-7fe2ec1f2000 rw-p 00000000 00:00 0 
7fe2ec1f2000-7fe2f0000000 ---p 00000000 00:00 0 
7fe2f0000000-7fe2f0021000 rw-p 00000000 00:00 0 
7fe2f0021000-7fe2f4000000 ---p 00000000 00:00 0 
7fe2f4000000-7fe2f4215000 rw-p 00000000 00:00 0 
7fe2f4215000-7fe2f8000000 ---p 00000000 00:00 0 
7fe2f8000000-7fe2f8261000 rw-p 00000000 00:00 0 
7fe2f8261000-7fe2fc000000 ---p 00000000 00:00 0 
7fe2fc000000-7fe2fc021000 rw-p 00000000 00:00 0 
7fe2fc021000-7fe300000000 ---p 00000000 00:00 0 
7fe300000000-7fe300021000 rw-p 00000000 00:00 0 
7fe300021000-7fe304000000 ---p 00000000 00:00 0 
7fe304000000-7fe304021000 rw-p 00000000 00:00 0 
7fe304021000-7fe308000000 ---p 00000000 00:00 0 
7fe308000000-7fe308021000 rw-p 00000000 00:00 0 
7fe308021000-7fe30c000000 ---p 00000000 00:00 0 
7fe30c000000-7fe30c021000 rw-p 00000000 00:00 0 
7fe30c021000-7fe310000000 ---p 00000000 00:00 0 
7fe3100b0000-7fe3100b4000 ---p 00000000 00:00 0 
7fe3100b4000-7fe3101b1000 rw-p 00000000 00:00 0 
7fe3101b1000-7fe310251000 r-xp 00000000 08:05 662786                     /usr/lib/jvm/java-9-openjdk-amd64/lib/amd64/libawt.so
7fe310251000-7fe310450000 ---p 000a0000 08:05 662786                     /usr/lib/jvm/java-9-openjdk-amd64/lib/amd64/libawt.so
7fe310450000-7fe310451000 r--p 0009f000 08:05 662786                     /usr/lib/jvm/java-9-openjdk-amd64/lib/amd64/libawt.so
7fe310451000-7fe31045c000 rw-p 000a0000 08:05 662786                     /usr/lib/jvm/java-9-openjdk-amd64/lib/amd64/libawt.so
7fe31045c000-7fe310481000 rw-p 00000000 00:00 0 
7fe310481000-7fe310482000 ---p 00000000 00:00 0 
7fe310482000-7fe310582000 rw-p 00000000 00:00 0 
7fe310582000-7fe310586000 ---p 00000000 00:00 0 
7fe310586000-7fe310683000 rw-p 00000000 00:00 0 
7fe310683000-7fe310687000 ---p 00000000 00:00 0 
7fe310687000-7fe310a85000 rw-p 00000000 00:00 0 
7fe310a85000-7fe310a9b000 r-xp 00000000 08:05 662788                     /usr/lib/jvm/java-9-openjdk-amd64/lib/amd64/libnet.so
7fe310a9b000-7fe310c9a000 ---p 00016000 08:05 662788                     /usr/lib/jvm/java-9-openjdk-amd64/lib/amd64/libnet.so
7fe310c9a000-7fe310c9b000 r--p 00015000 08:05 662788                     /usr/lib/jvm/java-9-openjdk-amd64/lib/amd64/libnet.so
7fe310c9b000-7fe310c9c000 rw-p 00016000 08:05 662788                     /usr/lib/jvm/java-9-openjdk-amd64/lib/amd64/libnet.so
7fe310c9c000-7fe310cad000 r-xp 00000000 08:05 662815                     /usr/lib/jvm/java-9-openjdk-amd64/lib/amd64/libnio.so
7fe310cad000-7fe310ead000 ---p 00011000 08:05 662815                     /usr/lib/jvm/java-9-openjdk-amd64/lib/amd64/libnio.so
7fe310ead000-7fe310eae000 r--p 00011000 08:05 662815                     /usr/lib/jvm/java-9-openjdk-amd64/lib/amd64/libnio.so
7fe310eae000-7fe310eaf000 rw-p 00012000 08:05 662815                     /usr/lib/jvm/java-9-openjdk-amd64/lib/amd64/libnio.so
7fe310eaf000-7fe310eb3000 ---p 00000000 00:00 0 
7fe310eb3000-7fe310fb0000 rw-p 00000000 00:00 0 
7fe310fb0000-7fe310fb4000 ---p 00000000 00:00 0 
7fe310fb4000-7fe3110b1000 rw-p 00000000 00:00 0 
7fe3110b1000-7fe3110b5000 ---p 00000000 00:00 0 
7fe3110b5000-7fe3111b2000 rw-p 00000000 00:00 0 
7fe3111b2000-7fe3111b6000 ---p 00000000 00:00 0 
7fe3111b6000-7fe3112b3000 rw-p 00000000 00:00 0 
7fe3112b3000-7fe311800000 r--p 00000000 08:05 656853                     /usr/lib/locale/locale-archive
7fe311800000-7fe314000000 rw-p 00000000 00:00 0 
7fe314000000-7fe314021000 rw-p 00000000 00:00 0 
7fe314021000-7fe318000000 ---p 00000000 00:00 0 
7fe318000000-7fe318021000 rw-p 00000000 00:00 0 
7fe318021000-7fe31c000000 ---p 00000000 00:00 0 
7fe31c000000-7fe31c021000 rw-p 00000000 00:00 0 
7fe31c021000-7fe320000000 ---p 00000000 00:00 0 
7fe320000000-7fe320021000 rw-p 00000000 00:00 0 
7fe320021000-7fe324000000 ---p 00000000 00:00 0 
7fe324000000-7fe324021000 rw-p 00000000 00:00 0 
7fe324021000-7fe328000000 ---p 00000000 00:00 0 
7fe328000000-7fe328021000 rw-p 00000000 00:00 0 
7fe328021000-7fe32c000000 ---p 00000000 00:00 0 
7fe32c000000-7fe32c021000 rw-p 00000000 00:00 0 
7fe32c021000-7fe330000000 ---p 00000000 00:00 0 
7fe330000000-7fe330021000 rw-p 00000000 00:00 0 
7fe330021000-7fe334000000 ---p 00000000 00:00 0 
7fe334000000-7fe334021000 rw-p 00000000 00:00 0 
7fe334021000-7fe338000000 ---p 00000000 00:00 0 
7fe338000000-7fe338021000 rw-p 00000000 00:00 0 
7fe338021000-7fe33c000000 ---p 00000000 00:00 0 
7fe33c000000-7fe33c021000 rw-p 00000000 00:00 0 
7fe33c021000-7fe340000000 ---p 00000000 00:00 0 
7fe34003c000-7fe340047000 r--s 00000000 08:05 2624192                    /var/cache/fontconfig/945677eb7aeaf62f1d50efc3fb3ec7d8-le64.cache-6
7fe340047000-7fe34004b000 ---p 00000000 00:00 0 
7fe34004b000-7fe340148000 rw-p 00000000 00:00 0 
7fe340148000-7fe34014c000 ---p 00000000 00:00 0 
7fe34014c000-7fe340249000 rw-p 00000000 00:00 0 
7fe340249000-7fe34024d000 ---p 00000000 00:00 0 
7fe34024d000-7fe34034a000 rw-p 00000000 00:00 0 
7fe34034a000-7fe34034e000 ---p 00000000 00:00 0 
7fe34034e000-7fe34044b000 rw-p 00000000 00:00 0 
7fe34044b000-7fe34044c000 ---p 00000000 00:00 0 
7fe34044c000-7fe3409c6000 rw-p 00000000 00:00 0 
7fe3409c6000-7fe3409c7000 ---p 00000000 00:00 0 
7fe3409c7000-7fe340ac7000 rw-p 00000000 00:00 0 
7fe340ac7000-7fe340ac8000 ---p 00000000 00:00 0 
7fe340ac8000-7fe340c48000 rw-p 00000000 00:00 0 
7fe340c48000-7fe341390000 ---p 00000000 00:00 0 
7fe341390000-7fe341410000 rw-p 00000000 00:00 0 
7fe341410000-7fe341b58000 ---p 00000000 00:00 0 
7fe341b58000-7fe341b68000 rw-p 00000000 00:00 0 
7fe341b68000-7fe341c51000 ---p 00000000 00:00 0 
7fe341c51000-7fe341ec1000 rwxp 00000000 00:00 0 
7fe341ec1000-7fe3421e1000 ---p 00000000 00:00 0 
7fe3421e1000-7fe342451000 rwxp 00000000 00:00 0 
7fe342451000-7fe349719000 ---p 00000000 00:00 0 
7fe349719000-7fe349989000 rwxp 00000000 00:00 0 
7fe349989000-7fe350c51000 ---p 00000000 00:00 0 
7fe350c51000-7fe358000000 r--s 00000000 08:05 662772                     /usr/lib/jvm/java-9-openjdk-amd64/lib/modules
7fe358000000-7fe35871f000 rw-p 00000000 00:00 0 
7fe35871f000-7fe35c000000 ---p 00000000 00:00 0 
7fe35c007000-7fe35c00d000 r--s 00000000 08:05 2624454                    /var/cache/fontconfig/2cd17615ca594fa2959ae173292e504c-le64.cache-6
7fe35c00d000-7fe35c00e000 r--s 00000000 08:05 2624453                    /var/cache/fontconfig/0d8c3b2ac0904cb8a57a757ad11a4a08-le64.cache-6
7fe35c00e000-7fe35c023000 r--s 00000000 08:05 2624452                    /var/cache/fontconfig/04aabc0a78ac019cf9454389977116d2-le64.cache-6
7fe35c023000-7fe35c024000 r--s 00000000 08:05 2624451                    /var/cache/fontconfig/1ac9eb803944fde146138c791f5cc56a-le64.cache-6
7fe35c024000-7fe35c028000 r--s 00000000 08:05 2624450                    /var/cache/fontconfig/385c0604a188198f04d133e54aba7fe7-le64.cache-6
7fe35c028000-7fe35c029000 r--s 00000000 08:05 2624449                    /var/cache/fontconfig/dc05db6664285cc2f12bf69c139ae4c3-le64.cache-6
7fe35c029000-7fe35c02c000 r--s 00000000 08:05 2624448                    /var/cache/fontconfig/767a8244fc0220cfb567a839d0392e0b-le64.cache-6
7fe35c02c000-7fe35c02d000 r--s 00000000 08:05 2624447                    /var/cache/fontconfig/4794a0821666d79190d59a36cb4f44b5-le64.cache-6
7fe35c02d000-7fe35c032000 r--s 00000000 08:05 2624446                    /var/cache/fontconfig/8801497958630a81b71ace7c5f9b32a8-le64.cache-6
7fe35c032000-7fe35c033000 r--s 00000000 08:05 2624445                    /var/cache/fontconfig/bab58bb527bb656aaa9f116d68a48d89-le64.cache-6
7fe35c033000-7fe35c03a000 r--s 00000000 08:05 2624444                    /var/cache/fontconfig/3047814df9a2f067bd2d96a2b9c36e5a-le64.cache-6
7fe35c03a000-7fe35c04d000 r--s 00000000 08:05 2624440                    /var/cache/fontconfig/d52a8644073d54c13679302ca1180695-le64.cache-6
7fe35c04d000-7fe35c058000 r--s 00000000 08:05 2624080                    /var/cache/fontconfig/d589a48862398ed80a3d6066f4f56f4c-le64.cache-6
7fe35c058000-7fe35c068000 rw-p 00000000 00:00 0 
7fe35c068000-7fe35c24a000 ---p 00000000 00:00 0 
7fe35c24a000-7fe35c25a000 rw-p 00000000 00:00 0 
7fe35c25a000-7fe35c343000 ---p 00000000 00:00 0 
7fe35c343000-7fe35c344000 ---p 00000000 00:00 0 
7fe35c344000-7fe35c444000 rw-p 00000000 00:00 0 
7fe35c444000-7fe35c445000 ---p 00000000 00:00 0 
7fe35c445000-7fe35c545000 rw-p 00000000 00:00 0 
7fe35c545000-7fe35c546000 ---p 00000000 00:00 0 
7fe35c546000-7fe35c646000 rw-p 00000000 00:00 0 
7fe35c646000-7fe35c647000 ---p 00000000 00:00 0 
7fe35c647000-7fe35c747000 rw-p 00000000 00:00 0 
7fe35c747000-7fe35c748000 ---p 00000000 00:00 0 
7fe35c748000-7fe35cc4c000 rw-p 00000000 00:00 0 
7fe35cc4c000-7fe35cc4d000 ---p 00000000 00:00 0 
7fe35cc4d000-7fe35cd4d000 rw-p 00000000 00:00 0 
7fe35cd4d000-7fe35cd4e000 ---p 00000000 00:00 0 
7fe35cd4e000-7fe35ce4e000 rw-p 00000000 00:00 0 
7fe35ce4e000-7fe35ce4f000 ---p 00000000 00:00 0 
7fe35ce4f000-7fe35cf4f000 rw-p 00000000 00:00 0 
7fe35cf4f000-7fe35cf50000 ---p 00000000 00:00 0 
7fe35cf50000-7fe35d055000 rw-p 00000000 00:00 0 
7fe35d055000-7fe35d13b000 ---p 00000000 00:00 0 
7fe35d13b000-7fe35d140000 rw-p 00000000 00:00 0 
7fe35d140000-7fe35d226000 ---p 00000000 00:00 0 
7fe35d226000-7fe35d22b000 r-xp 00000000 08:05 662802                     /usr/lib/jvm/java-9-openjdk-amd64/lib/amd64/libjimage.so
7fe35d22b000-7fe35d42a000 ---p 00005000 08:05 662802                     /usr/lib/jvm/java-9-openjdk-amd64/lib/amd64/libjimage.so
7fe35d42a000-7fe35d42b000 r--p 00004000 08:05 662802                     /usr/lib/jvm/java-9-openjdk-amd64/lib/amd64/libjimage.so
7fe35d42b000-7fe35d42c000 rw-p 00005000 08:05 662802                     /usr/lib/jvm/java-9-openjdk-amd64/lib/amd64/libjimage.so
7fe35d42c000-7fe35d433000 r-xp 00000000 08:05 662798                     /usr/lib/jvm/java-9-openjdk-amd64/lib/amd64/libzip.so
7fe35d433000-7fe35d632000 ---p 00007000 08:05 662798                     /usr/lib/jvm/java-9-openjdk-amd64/lib/amd64/libzip.so
7fe35d632000-7fe35d633000 r--p 00006000 08:05 662798                     /usr/lib/jvm/java-9-openjdk-amd64/lib/amd64/libzip.so
7fe35d633000-7fe35d634000 rw-p 00007000 08:05 662798                     /usr/lib/jvm/java-9-openjdk-amd64/lib/amd64/libzip.so
7fe35d634000-7fe35d63f000 r-xp 00000000 08:05 262227                     /lib/x86_64-linux-gnu/libnss_files-2.23.so
7fe35d63f000-7fe35d83e000 ---p 0000b000 08:05 262227                     /lib/x86_64-linux-gnu/libnss_files-2.23.so
7fe35d83e000-7fe35d83f000 r--p 0000a000 08:05 262227                     /lib/x86_64-linux-gnu/libnss_files-2.23.so
7fe35d83f000-7fe35d840000 rw-p 0000b000 08:05 262227                     /lib/x86_64-linux-gnu/libnss_files-2.23.so
7fe35d840000-7fe35d846000 rw-p 00000000 00:00 0 
7fe35d846000-7fe35d851000 r-xp 00000000 08:05 262230                     /lib/x86_64-linux-gnu/libnss_nis-2.23.so
7fe35d851000-7fe35da50000 ---p 0000b000 08:05 262230                     /lib/x86_64-linux-gnu/libnss_nis-2.23.so
7fe35da50000-7fe35da51000 r--p 0000a000 08:05 262230                     /lib/x86_64-linux-gnu/libnss_nis-2.23.so
7fe35da51000-7fe35da52000 rw-p 0000b000 08:05 262230                     /lib/x86_64-linux-gnu/libnss_nis-2.23.so
7fe35da52000-7fe35da68000 r-xp 00000000 08:05 262149                     /lib/x86_64-linux-gnu/libnsl-2.23.so
7fe35da68000-7fe35dc67000 ---p 00016000 08:05 262149                     /lib/x86_64-linux-gnu/libnsl-2.23.so
7fe35dc67000-7fe35dc68000 r--p 00015000 08:05 262149                     /lib/x86_64-linux-gnu/libnsl-2.23.so
7fe35dc68000-7fe35dc69000 rw-p 00016000 08:05 262149                     /lib/x86_64-linux-gnu/libnsl-2.23.so
7fe35dc69000-7fe35dc6b000 rw-p 00000000 00:00 0 
7fe35dc6b000-7fe35dc73000 r-xp 00000000 08:05 262236                     /lib/x86_64-linux-gnu/libnss_compat-2.23.so
7fe35dc73000-7fe35de72000 ---p 00008000 08:05 262236                     /lib/x86_64-linux-gnu/libnss_compat-2.23.so
7fe35de72000-7fe35de73000 r--p 00007000 08:05 262236                     /lib/x86_64-linux-gnu/libnss_compat-2.23.so
7fe35de73000-7fe35de74000 rw-p 00008000 08:05 262236                     /lib/x86_64-linux-gnu/libnss_compat-2.23.so
7fe35de74000-7fe35de9f000 r-xp 00000000 08:05 662781                     /usr/lib/jvm/java-9-openjdk-amd64/lib/amd64/libjava.so
7fe35de9f000-7fe35e09e000 ---p 0002b000 08:05 662781                     /usr/lib/jvm/java-9-openjdk-amd64/lib/amd64/libjava.so
7fe35e09e000-7fe35e09f000 r--p 0002a000 08:05 662781                     /usr/lib/jvm/java-9-openjdk-amd64/lib/amd64/libjava.so
7fe35e09f000-7fe35e0a1000 rw-p 0002b000 08:05 662781                     /usr/lib/jvm/java-9-openjdk-amd64/lib/amd64/libjava.so
7fe35e0a1000-7fe35e0ae000 r-xp 00000000 08:05 662782                     /usr/lib/jvm/java-9-openjdk-amd64/lib/amd64/libverify.so
7fe35e0ae000-7fe35e2ad000 ---p 0000d000 08:05 662782                     /usr/lib/jvm/java-9-openjdk-amd64/lib/amd64/libverify.so
7fe35e2ad000-7fe35e2af000 r--p 0000c000 08:05 662782                     /usr/lib/jvm/java-9-openjdk-amd64/lib/amd64/libverify.so
7fe35e2af000-7fe35e2b0000 rw-p 0000e000 08:05 662782                     /usr/lib/jvm/java-9-openjdk-amd64/lib/amd64/libverify.so
7fe35e2b0000-7fe35e2b7000 r-xp 00000000 08:05 262232                     /lib/x86_64-linux-gnu/librt-2.23.so
7fe35e2b7000-7fe35e4b6000 ---p 00007000 08:05 262232                     /lib/x86_64-linux-gnu/librt-2.23.so
7fe35e4b6000-7fe35e4b7000 r--p 00006000 08:05 262232                     /lib/x86_64-linux-gnu/librt-2.23.so
7fe35e4b7000-7fe35e4b8000 rw-p 00007000 08:05 262232                     /lib/x86_64-linux-gnu/librt-2.23.so
7fe35e4b8000-7fe35e4ce000 r-xp 00000000 08:05 266768                     /lib/x86_64-linux-gnu/libgcc_s.so.1
7fe35e4ce000-7fe35e6cd000 ---p 00016000 08:05 266768                     /lib/x86_64-linux-gnu/libgcc_s.so.1
7fe35e6cd000-7fe35e6ce000 rw-p 00015000 08:05 266768                     /lib/x86_64-linux-gnu/libgcc_s.so.1
7fe35e6ce000-7fe35e7d6000 r-xp 00000000 08:05 262241                     /lib/x86_64-linux-gnu/libm-2.23.so
7fe35e7d6000-7fe35e9d5000 ---p 00108000 08:05 262241                     /lib/x86_64-linux-gnu/libm-2.23.so
7fe35e9d5000-7fe35e9d6000 r--p 00107000 08:05 262241                     /lib/x86_64-linux-gnu/libm-2.23.so
7fe35e9d6000-7fe35e9d7000 rw-p 00108000 08:05 262241                     /lib/x86_64-linux-gnu/libm-2.23.so
7fe35e9d7000-7fe35eb49000 r-xp 00000000 08:05 657537                     /usr/lib/x86_64-linux-gnu/libstdc++.so.6.0.21
7fe35eb49000-7fe35ed49000 ---p 00172000 08:05 657537                     /usr/lib/x86_64-linux-gnu/libstdc++.so.6.0.21
7fe35ed49000-7fe35ed53000 r--p 00172000 08:05 657537                     /usr/lib/x86_64-linux-gnu/libstdc++.so.6.0.21
7fe35ed53000-7fe35ed55000 rw-p 0017c000 08:05 657537                     /usr/lib/x86_64-linux-gnu/libstdc++.so.6.0.21
7fe35ed55000-7fe35ed59000 rw-p 00000000 00:00 0 
7fe35ed59000-7fe35fbb7000 r-xp 00000000 08:05 662795                     /usr/lib/jvm/java-9-openjdk-amd64/lib/amd64/server/libjvm.so
7fe35fbb7000-7fe35fdb7000 ---p 00e5e000 08:05 662795                     /usr/lib/jvm/java-9-openjdk-amd64/lib/amd64/server/libjvm.so
7fe35fdb7000-7fe35fe69000 r--p 00e5e000 08:05 662795                     /usr/lib/jvm/java-9-openjdk-amd64/lib/amd64/server/libjvm.so
7fe35fe69000-7fe35fe9b000 rw-p 00f10000 08:05 662795                     /usr/lib/jvm/java-9-openjdk-amd64/lib/amd64/server/libjvm.so
7fe35fe9b000-7fe35fee0000 rw-p 00000000 00:00 0 
7fe35fee0000-7fe35fef8000 r-xp 00000000 08:05 262229                     /lib/x86_64-linux-gnu/libpthread-2.23.so
7fe35fef8000-7fe3600f7000 ---p 00018000 08:05 262229                     /lib/x86_64-linux-gnu/libpthread-2.23.so
7fe3600f7000-7fe3600f8000 r--p 00017000 08:05 262229                     /lib/x86_64-linux-gnu/libpthread-2.23.so
7fe3600f8000-7fe3600f9000 rw-p 00018000 08:05 262229                     /lib/x86_64-linux-gnu/libpthread-2.23.so
7fe3600f9000-7fe3600fd000 rw-p 00000000 00:00 0 
7fe3600fd000-7fe360100000 r-xp 00000000 08:05 262235                     /lib/x86_64-linux-gnu/libdl-2.23.so
7fe360100000-7fe3602ff000 ---p 00003000 08:05 262235                     /lib/x86_64-linux-gnu/libdl-2.23.so
7fe3602ff000-7fe360300000 r--p 00002000 08:05 262235                     /lib/x86_64-linux-gnu/libdl-2.23.so
7fe360300000-7fe360301000 rw-p 00003000 08:05 262235                     /lib/x86_64-linux-gnu/libdl-2.23.so
7fe360301000-7fe36031a000 r-xp 00000000 08:05 266703                     /lib/x86_64-linux-gnu/libz.so.1.2.8
7fe36031a000-7fe360519000 ---p 00019000 08:05 266703                     /lib/x86_64-linux-gnu/libz.so.1.2.8
7fe360519000-7fe36051a000 r--p 00018000 08:05 266703                     /lib/x86_64-linux-gnu/libz.so.1.2.8
7fe36051a000-7fe36051b000 rw-p 00019000 08:05 266703                     /lib/x86_64-linux-gnu/libz.so.1.2.8
7fe36051b000-7fe3606db000 r-xp 00000000 08:05 266748                     /lib/x86_64-linux-gnu/libc-2.23.so
7fe3606db000-7fe3608db000 ---p 001c0000 08:05 266748                     /lib/x86_64-linux-gnu/libc-2.23.so
7fe3608db000-7fe3608df000 r--p 001c0000 08:05 266748                     /lib/x86_64-linux-gnu/libc-2.23.so
7fe3608df000-7fe3608e1000 rw-p 001c4000 08:05 266748                     /lib/x86_64-linux-gnu/libc-2.23.so
7fe3608e1000-7fe3608e5000 rw-p 00000000 00:00 0 
7fe3608e5000-7fe3608f3000 r-xp 00000000 08:05 662812                     /usr/lib/jvm/java-9-openjdk-amd64/lib/amd64/jli/libjli.so
7fe3608f3000-7fe360af2000 ---p 0000e000 08:05 662812                     /usr/lib/jvm/java-9-openjdk-amd64/lib/amd64/jli/libjli.so
7fe360af2000-7fe360af3000 r--p 0000d000 08:05 662812                     /usr/lib/jvm/java-9-openjdk-amd64/lib/amd64/jli/libjli.so
7fe360af3000-7fe360af4000 rw-p 0000e000 08:05 662812                     /usr/lib/jvm/java-9-openjdk-amd64/lib/amd64/jli/libjli.so
7fe360af4000-7fe360b1a000 r-xp 00000000 08:05 262158                     /lib/x86_64-linux-gnu/ld-2.23.so
7fe360b1a000-7fe360b1b000 r--s 00000000 08:05 2624443                    /var/cache/fontconfig/56cf4f4769d0f4abc89a4895d7bd3ae1-le64.cache-6
7fe360b1b000-7fe360b1c000 r--s 00000000 08:05 2624442                    /var/cache/fontconfig/b9d506c9ac06c20b433354fa67a72993-le64.cache-6
7fe360b1c000-7fe360b22000 r--s 00000000 08:05 2624441                    /var/cache/fontconfig/b47c4e1ecd0709278f4910c18777a504-le64.cache-6
7fe360b22000-7fe360b23000 r--s 00000000 08:05 2624439                    /var/cache/fontconfig/551ecf3b0e8b0bca0f25c0944f561853-le64.cache-6
7fe360b23000-7fe360b24000 r--s 00000000 08:05 2624437                    /var/cache/fontconfig/30829fa25452a46451e813d634d7f916-le64.cache-6
7fe360b24000-7fe360b25000 r--s 00000000 08:05 2624436                    /var/cache/fontconfig/0c9eb80ebd1c36541ebe2852d3bb0c49-le64.cache-6
7fe360b25000-7fe360b28000 r--s 00000000 08:05 2624434                    /var/cache/fontconfig/75114ca45c98e8a441da0ff356701271-le64.cache-6
7fe360b28000-7fe360b33000 r--s 00000000 08:05 2624433                    /var/cache/fontconfig/83bf95040141907cd45bb53cf7c1c148-le64.cache-6
7fe360b33000-7fe360b45000 r--s 00000000 08:05 2624083                    /var/cache/fontconfig/9b89f8e3dae116d678bbf48e5f21f69b-le64.cache-6
7fe360b45000-7fe360b48000 r--s 00000000 08:05 2624088                    /var/cache/fontconfig/e13b20fdb08344e0e664864cc2ede53d-le64.cache-6
7fe360b48000-7fe360b4f000 r--s 00000000 08:05 1051925                    /usr/lib/x86_64-linux-gnu/gconv/gconv-modules.cache
7fe360b4f000-7fe360b74000 r--p 00000000 08:05 1711217                    /usr/share/locale-langpack/es/LC_MESSAGES/libc.mo
7fe360b74000-7fe360bf7000 rw-p 00000000 00:00 0 
7fe360bf7000-7fe360bfb000 ---p 00000000 00:00 0 
7fe360bfb000-7fe360cfd000 rw-p 00000000 00:00 0 
7fe360cfd000-7fe360d01000 r--s 00000000 08:05 2624077                    /var/cache/fontconfig/7ef2298fde41cc6eeb7af42e48b7d293-le64.cache-6
7fe360d01000-7fe360d06000 rw-p 00000000 00:00 0 
7fe360d06000-7fe360d0d000 ---p 00000000 00:00 0 
7fe360d0d000-7fe360d15000 rw-s 00000000 08:05 3147406                    /tmp/hsperfdata_enrike/7230
7fe360d15000-7fe360d16000 rw-p 00000000 00:00 0 
7fe360d16000-7fe360d17000 r--p 00000000 00:00 0 
7fe360d17000-7fe360d19000 rw-p 00000000 00:00 0 
7fe360d19000-7fe360d1a000 r--p 00025000 08:05 262158                     /lib/x86_64-linux-gnu/ld-2.23.so
7fe360d1a000-7fe360d1b000 rw-p 00026000 08:05 262158                     /lib/x86_64-linux-gnu/ld-2.23.so
7fe360d1b000-7fe360d1c000 rw-p 00000000 00:00 0 
7ffff2003000-7ffff2024000 rw-p 00000000 00:00 0                          [stack]
7ffff20c4000-7ffff20c6000 r--p 00000000 00:00 0                          [vvar]
7ffff20c6000-7ffff20c8000 r-xp 00000000 00:00 0                          [vdso]
ffffffffff600000-ffffffffff601000 r-xp 00000000 00:00 0                  [vsyscall]

VM Arguments:
java_command: Analizador
java_class_path (initial): .
Launcher Type: SUN_STANDARD

Environment Variables:
PATH=/home/enrike/bin:/home/enrike/.local/bin:/usr/local/sbin:/usr/local/bin:/usr/sbin:/usr/bin:/sbin:/bin:/usr/games:/usr/local/games:/snap/bin
SHELL=/bin/bash
DISPLAY=:0

Signal Handlers:
SIGSEGV: [libjvm.so+0xc12c20], sa_mask[0]=11111111011111111101111111111110, sa_flags=SA_RESTART|SA_SIGINFO
SIGBUS: [libjvm.so+0xc12c20], sa_mask[0]=11111111011111111101111111111110, sa_flags=SA_RESTART|SA_SIGINFO
SIGFPE: [libjvm.so+0xc12c20], sa_mask[0]=11111111011111111101111111111110, sa_flags=SA_RESTART|SA_SIGINFO
SIGPIPE: [libjvm.so+0xa3b600], sa_mask[0]=11111111011111111101111111111110, sa_flags=SA_RESTART|SA_SIGINFO
SIGXFSZ: [libjvm.so+0xa3b600], sa_mask[0]=11111111011111111101111111111110, sa_flags=SA_RESTART|SA_SIGINFO
SIGILL: [libjvm.so+0xc12c20], sa_mask[0]=11111111011111111101111111111110, sa_flags=SA_RESTART|SA_SIGINFO
SIGUSR2: [libjvm.so+0xa3b4a0], sa_mask[0]=00000000000000000000000000000000, sa_flags=SA_RESTART|SA_SIGINFO
SIGHUP: [libjvm.so+0xa3b870], sa_mask[0]=11111111011111111101111111111110, sa_flags=SA_RESTART|SA_SIGINFO
SIGINT: [libjvm.so+0xa3b870], sa_mask[0]=11111111011111111101111111111110, sa_flags=SA_RESTART|SA_SIGINFO
SIGTERM: [libjvm.so+0xa3b870], sa_mask[0]=11111111011111111101111111111110, sa_flags=SA_RESTART|SA_SIGINFO
SIGQUIT: [libjvm.so+0xa3b870], sa_mask[0]=11111111011111111101111111111110, sa_flags=SA_RESTART|SA_SIGINFO


---------------  S Y S T E M  ---------------

OS:DISTRIB_ID=Ubuntu
DISTRIB_RELEASE=16.04
DISTRIB_CODENAME=xenial
DISTRIB_DESCRIPTION="Ubuntu 16.04.3 LTS"
uname:Linux 4.4.0-31-generic #50-Ubuntu SMP Wed Jul 13 00:07:12 UTC 2016 x86_64
libc:glibc 2.23 NPTL 2.23 
rlimit: STACK 8192k, CORE 0k, NPROC 7804, NOFILE 65536, AS infinity
load average:1.43 2.52 2.99

/proc/meminfo:
MemTotal:        2036560 kB
MemFree:          146660 kB
MemAvailable:     941084 kB
Buffers:           45404 kB
Cached:           843596 kB
SwapCached:         4260 kB
Active:           765400 kB
Inactive:         924916 kB
Active(anon):     298224 kB
Inactive(anon):   510596 kB
Active(file):     467176 kB
Inactive(file):   414320 kB
Unevictable:          16 kB
Mlocked:              16 kB
SwapTotal:       2083836 kB
SwapFree:        1987752 kB
Dirty:               128 kB
Writeback:             0 kB
AnonPages:        799344 kB
Mapped:           122548 kB
Shmem:              7512 kB
Slab:             119408 kB
SReclaimable:      89108 kB
SUnreclaim:        30300 kB
KernelStack:        8256 kB
PageTables:        28468 kB
NFS_Unstable:          0 kB
Bounce:                0 kB
WritebackTmp:          0 kB
CommitLimit:     3102116 kB
Committed_AS:    4142428 kB
VmallocTotal:   34359738367 kB
VmallocUsed:           0 kB
VmallocChunk:          0 kB
HardwareCorrupted:     0 kB
AnonHugePages:    419840 kB
CmaTotal:              0 kB
CmaFree:               0 kB
HugePages_Total:       0
HugePages_Free:        0
HugePages_Rsvd:        0
HugePages_Surp:        0
Hugepagesize:       2048 kB
DirectMap4k:      111296 kB
DirectMap2M:     1974272 kB


CPU:total 4 (2 cores per cpu, 2 threads per core) family 6 model 54 stepping 1, cmov, cx8, fxsr, mmx, sse, sse2, sse3, ssse3, ht, tsc, tscinvbit

CPU Model and flags from /proc/cpuinfo:
model name	: Intel(R) Atom(TM) CPU N2600   @ 1.60GHz
flags		: fpu vme de pse tsc msr pae mce cx8 apic sep mtrr pge mca cmov pat pse36 clflush dts acpi mmx fxsr sse sse2 ss ht tm pbe syscall nx lm constant_tsc arch_perfmon pebs bts rep_good nopl nonstop_tsc aperfmperf pni dtes64 monitor ds_cpl est tm2 ssse3 cx16 xtpr pdcm movbe lahf_lm dtherm arat

Memory: 4k page, physical 2036560k(146660k free), swap 2083836k(1987752k free)

vm_info: OpenJDK 64-Bit Server VM (9-internal+0-2016-04-14-195246.buildd.src) for linux-amd64 JRE (9-internal+0-2016-04-14-195246.buildd.src), built on Apr 14 2016 20:05:37 by "buildd" with gcc 5.3.1 20160413

END.
